[8784] 2016/01/22 17:39:41.659 -------------------------------
[8784] 2016/01/22 17:39:41.674 CERT ID:R122455031   BeginDate: 2012-02-11 22:18:34  EndDate: 2013-03-08 23:59:59 
[8784] 2016/01/22 17:39:41.690 CERT ID:R220088490   BeginDate: 2009-09-21 08:53:55  EndDate: 2010-09-21 23:59:59 
[8784] 2016/01/22 17:39:41.721 CERT ID:R122455031   BeginDate: 2014-02-07 05:34:13  EndDate: 2015-03-08 23:59:59 
[8784] 2016/01/22 17:39:41.737 CERT ID:R220088490   BeginDate: 2010-08-23 15:58:07  EndDate: 2011-09-21 23:59:59 
[8784] 2016/01/22 17:39:41.784 CERT ID:R122455031   BeginDate: 2015-02-24 13:25:44  EndDate: 2016-03-08 23:59:59 
[8784] 2016/01/22 17:39:41.830 CERT ID:R122455031   BeginDate: 2013-03-08 09:39:36  EndDate: 2014-03-08 23:59:59 
[8784] 2016/01/22 17:39:41.877 SKOrderLib 版本 2.1.22
[8784] 2016/01/22 17:39:42.439 主機: https://order10.capital.com.tw/ap2005/new_trade.php
[8784] 2016/01/22 17:39:42.439 OF主機: https://order10.capital.com.tw/ap2005/of_new_trade.php
[8784] 2016/01/22 17:39:42.735 ERROR: 登入憑證簽章失敗，錯誤代碼: 18
[8784] 2016/01/22 17:39:42.766 ERROR: 登入憑證備援簽章失敗，錯誤代碼: 18
[8784] 2016/01/22 17:39:54.856 ERROR: 91827026236 is invalid
[8784] 2016/01/22 17:39:59.646 ERROR: 91827026236 is invalid
[8784] 2016/01/22 17:40:04.653 ERROR: 91827026236 is invalid
[8784] 2016/01/22 17:40:09.661 ERROR: 91827026236 is invalid
[30708] 2016/01/22 17:42:27.361 -------------------------------
[30708] 2016/01/22 17:42:27.365 CERT ID:R122455031   BeginDate: 2012-02-11 22:18:34  EndDate: 2013-03-08 23:59:59 
[30708] 2016/01/22 17:42:27.374 CERT ID:R220088490   BeginDate: 2009-09-21 08:53:55  EndDate: 2010-09-21 23:59:59 
[30708] 2016/01/22 17:42:27.389 CERT ID:R122455031   BeginDate: 2014-02-07 05:34:13  EndDate: 2015-03-08 23:59:59 
[30708] 2016/01/22 17:42:27.405 CERT ID:R220088490   BeginDate: 2010-08-23 15:58:07  EndDate: 2011-09-21 23:59:59 
[30708] 2016/01/22 17:42:27.434 CERT ID:R122455031   BeginDate: 2015-02-24 13:25:44  EndDate: 2016-03-08 23:59:59 
[30708] 2016/01/22 17:42:27.466 CERT ID:R122455031   BeginDate: 2013-03-08 09:39:36  EndDate: 2014-03-08 23:59:59 
[30708] 2016/01/22 17:42:27.486 SKOrderLib 版本 2.1.22
[30708] 2016/01/22 17:42:29.899 主機: https://order10.capital.com.tw/ap2005/new_trade.php
[30708] 2016/01/22 17:42:29.900 OF主機: https://order10.capital.com.tw/ap2005/of_new_trade.php
[30708] 2016/01/22 17:42:32.061 ERROR: 登入憑證簽章失敗，錯誤代碼: 18
[30708] 2016/01/22 17:42:32.250 ERROR: 登入憑證備援簽章失敗，錯誤代碼: 18
[30708] 2016/01/22 17:42:42.666 ERROR: F0200008654928 is invalid
[30708] 2016/01/22 17:42:46.479 ERROR: F0200008654928 is invalid
[8028] 2016/01/22 19:44:46.110 -------------------------------
[8028] 2016/01/22 19:44:46.144 CERT ID:R122455031   BeginDate: 2012-02-11 22:18:34  EndDate: 2013-03-08 23:59:59 
[8028] 2016/01/22 19:44:46.155 CERT ID:R220088490   BeginDate: 2009-09-21 08:53:55  EndDate: 2010-09-21 23:59:59 
[8028] 2016/01/22 19:44:46.172 CERT ID:R122455031   BeginDate: 2014-02-07 05:34:13  EndDate: 2015-03-08 23:59:59 
[8028] 2016/01/22 19:44:46.198 CERT ID:R220088490   BeginDate: 2010-08-23 15:58:07  EndDate: 2011-09-21 23:59:59 
[8028] 2016/01/22 19:44:46.230 CERT ID:R122455031   BeginDate: 2015-02-24 13:25:44  EndDate: 2016-03-08 23:59:59 
[8028] 2016/01/22 19:44:46.261 CERT ID:R122455031   BeginDate: 2013-03-08 09:39:36  EndDate: 2014-03-08 23:59:59 
[8028] 2016/01/22 19:44:46.281 SKOrderLib 版本 2.1.22
[8028] 2016/01/22 19:44:47.997 主機: https://vorder3.capital.com.tw/ap2005/vip_trade_bk_ca.php
[8028] 2016/01/22 19:44:47.998 OF主機: https://vorder3.capital.com.tw/ap2005/of_new_trade_bk_ca.php
[30616] 2016/01/22 19:50:55.517 -------------------------------
[30616] 2016/01/22 19:50:55.524 CERT ID:R122455031   BeginDate: 2012-02-11 22:18:34  EndDate: 2013-03-08 23:59:59 
[30616] 2016/01/22 19:50:55.540 CERT ID:R220088490   BeginDate: 2009-09-21 08:53:55  EndDate: 2010-09-21 23:59:59 
[30616] 2016/01/22 19:50:55.559 CERT ID:R122455031   BeginDate: 2014-02-07 05:34:13  EndDate: 2015-03-08 23:59:59 
[30616] 2016/01/22 19:50:55.585 CERT ID:R220088490   BeginDate: 2010-08-23 15:58:07  EndDate: 2011-09-21 23:59:59 
[30616] 2016/01/22 19:50:55.625 CERT ID:R122455031   BeginDate: 2015-02-24 13:25:44  EndDate: 2016-03-08 23:59:59 
[30616] 2016/01/22 19:50:55.670 CERT ID:R122455031   BeginDate: 2013-03-08 09:39:36  EndDate: 2014-03-08 23:59:59 
[30616] 2016/01/22 19:50:55.693 SKOrderLib 版本 2.1.22
[30616] 2016/01/22 19:51:00.872 主機: https://vorder1.capital.com.tw/ap2005/vip_trade_bk_ca.php
[30616] 2016/01/22 19:51:00.872 OF主機: https://vorder1.capital.com.tw/ap2005/of_new_trade_bk_ca.php
[22368] 2016/01/22 19:54:02.743 -------------------------------
[22368] 2016/01/22 19:54:02.751 CERT ID:R122455031   BeginDate: 2012-02-11 22:18:34  EndDate: 2013-03-08 23:59:59 
[22368] 2016/01/22 19:54:02.768 CERT ID:R220088490   BeginDate: 2009-09-21 08:53:55  EndDate: 2010-09-21 23:59:59 
[22368] 2016/01/22 19:54:02.787 CERT ID:R122455031   BeginDate: 2014-02-07 05:34:13  EndDate: 2015-03-08 23:59:59 
[22368] 2016/01/22 19:54:02.805 CERT ID:R220088490   BeginDate: 2010-08-23 15:58:07  EndDate: 2011-09-21 23:59:59 
[22368] 2016/01/22 19:54:02.843 CERT ID:R122455031   BeginDate: 2015-02-24 13:25:44  EndDate: 2016-03-08 23:59:59 
[22368] 2016/01/22 19:54:02.891 CERT ID:R122455031   BeginDate: 2013-03-08 09:39:36  EndDate: 2014-03-08 23:59:59 
[22368] 2016/01/22 19:54:02.917 SKOrderLib 版本 2.1.22
[22368] 2016/01/22 19:54:04.118 主機: https://vorder3.capital.com.tw/ap2005/vip_trade_bk_ca.php
[22368] 2016/01/22 19:54:04.120 OF主機: https://vorder3.capital.com.tw/ap2005/of_new_trade_bk_ca.php
[7392] 2016/01/22 19:55:53.542 -------------------------------
[7392] 2016/01/22 19:55:53.548 CERT ID:R122455031   BeginDate: 2012-02-11 22:18:34  EndDate: 2013-03-08 23:59:59 
[7392] 2016/01/22 19:55:53.558 CERT ID:R220088490   BeginDate: 2009-09-21 08:53:55  EndDate: 2010-09-21 23:59:59 
[7392] 2016/01/22 19:55:53.575 CERT ID:R122455031   BeginDate: 2014-02-07 05:34:13  EndDate: 2015-03-08 23:59:59 
[7392] 2016/01/22 19:55:53.597 CERT ID:R220088490   BeginDate: 2010-08-23 15:58:07  EndDate: 2011-09-21 23:59:59 
[7392] 2016/01/22 19:55:53.632 CERT ID:R122455031   BeginDate: 2015-02-24 13:25:44  EndDate: 2016-03-08 23:59:59 
[7392] 2016/01/22 19:55:53.677 CERT ID:R122455031   BeginDate: 2013-03-08 09:39:36  EndDate: 2014-03-08 23:59:59 
[7392] 2016/01/22 19:55:53.713 SKOrderLib 版本 2.1.22
[7392] 2016/01/22 19:55:54.895 主機: https://vorder1.capital.com.tw/ap2005/vip_trade_bk_ca.php
[7392] 2016/01/22 19:55:54.895 OF主機: https://vorder1.capital.com.tw/ap2005/of_new_trade_bk_ca.php
[2976] 2016/01/22 20:00:29.234 -------------------------------
[2976] 2016/01/22 20:00:29.240 CERT ID:R122455031   BeginDate: 2012-02-11 22:18:34  EndDate: 2013-03-08 23:59:59 
[2976] 2016/01/22 20:00:29.250 CERT ID:R220088490   BeginDate: 2009-09-21 08:53:55  EndDate: 2010-09-21 23:59:59 
[2976] 2016/01/22 20:00:29.268 CERT ID:R122455031   BeginDate: 2014-02-07 05:34:13  EndDate: 2015-03-08 23:59:59 
[2976] 2016/01/22 20:00:29.290 CERT ID:R220088490   BeginDate: 2010-08-23 15:58:07  EndDate: 2011-09-21 23:59:59 
[2976] 2016/01/22 20:00:29.321 CERT ID:R122455031   BeginDate: 2015-02-24 13:25:44  EndDate: 2016-03-08 23:59:59 
[2976] 2016/01/22 20:00:29.372 CERT ID:R122455031   BeginDate: 2013-03-08 09:39:36  EndDate: 2014-03-08 23:59:59 
[2976] 2016/01/22 20:00:29.394 SKOrderLib 版本 2.1.22
[2976] 2016/01/22 20:00:30.535 主機: https://vorder3.capital.com.tw/ap2005/vip_trade_bk_ca.php
[2976] 2016/01/22 20:00:30.537 OF主機: https://vorder3.capital.com.tw/ap2005/of_new_trade_bk_ca.php
[29188] 2016/01/22 20:01:41.822 -------------------------------
[29188] 2016/01/22 20:01:41.828 CERT ID:R122455031   BeginDate: 2012-02-11 22:18:34  EndDate: 2013-03-08 23:59:59 
[29188] 2016/01/22 20:01:41.838 CERT ID:R220088490   BeginDate: 2009-09-21 08:53:55  EndDate: 2010-09-21 23:59:59 
[29188] 2016/01/22 20:01:41.854 CERT ID:R122455031   BeginDate: 2014-02-07 05:34:13  EndDate: 2015-03-08 23:59:59 
[29188] 2016/01/22 20:01:41.876 CERT ID:R220088490   BeginDate: 2010-08-23 15:58:07  EndDate: 2011-09-21 23:59:59 
[29188] 2016/01/22 20:01:41.920 CERT ID:R122455031   BeginDate: 2015-02-24 13:25:44  EndDate: 2016-03-08 23:59:59 
[29188] 2016/01/22 20:01:41.967 CERT ID:R122455031   BeginDate: 2013-03-08 09:39:36  EndDate: 2014-03-08 23:59:59 
[29188] 2016/01/22 20:01:42.005 SKOrderLib 版本 2.1.22
[29188] 2016/01/22 20:01:43.207 主機: https://vorder3.capital.com.tw/ap2005/vip_trade_bk_ca.php
[29188] 2016/01/22 20:01:43.208 OF主機: https://vorder3.capital.com.tw/ap2005/of_new_trade_bk_ca.php
[5500] 2016/01/22 20:02:43.064 -------------------------------
[5500] 2016/01/22 20:02:43.072 CERT ID:R122455031   BeginDate: 2012-02-11 22:18:34  EndDate: 2013-03-08 23:59:59 
[5500] 2016/01/22 20:02:43.089 CERT ID:R220088490   BeginDate: 2009-09-21 08:53:55  EndDate: 2010-09-21 23:59:59 
[5500] 2016/01/22 20:02:43.113 CERT ID:R122455031   BeginDate: 2014-02-07 05:34:13  EndDate: 2015-03-08 23:59:59 
[5500] 2016/01/22 20:02:43.137 CERT ID:R220088490   BeginDate: 2010-08-23 15:58:07  EndDate: 2011-09-21 23:59:59 
[5500] 2016/01/22 20:02:43.163 CERT ID:R122455031   BeginDate: 2015-02-24 13:25:44  EndDate: 2016-03-08 23:59:59 
[5500] 2016/01/22 20:02:43.193 CERT ID:R122455031   BeginDate: 2013-03-08 09:39:36  EndDate: 2014-03-08 23:59:59 
[5500] 2016/01/22 20:02:43.215 SKOrderLib 版本 2.1.22
[5500] 2016/01/22 20:02:44.065 主機: https://vorder1.capital.com.tw/ap2005/vip_trade_bk_ca.php
[5500] 2016/01/22 20:02:44.065 OF主機: https://vorder1.capital.com.tw/ap2005/of_new_trade_bk_ca.php
[26200] 2016/01/22 20:03:30.712 -------------------------------
[26200] 2016/01/22 20:03:30.719 CERT ID:R122455031   BeginDate: 2012-02-11 22:18:34  EndDate: 2013-03-08 23:59:59 
[26200] 2016/01/22 20:03:30.730 CERT ID:R220088490   BeginDate: 2009-09-21 08:53:55  EndDate: 2010-09-21 23:59:59 
[26200] 2016/01/22 20:03:30.750 CERT ID:R122455031   BeginDate: 2014-02-07 05:34:13  EndDate: 2015-03-08 23:59:59 
[26200] 2016/01/22 20:03:30.780 CERT ID:R220088490   BeginDate: 2010-08-23 15:58:07  EndDate: 2011-09-21 23:59:59 
[26200] 2016/01/22 20:03:30.818 CERT ID:R122455031   BeginDate: 2015-02-24 13:25:44  EndDate: 2016-03-08 23:59:59 
[26200] 2016/01/22 20:03:30.871 CERT ID:R122455031   BeginDate: 2013-03-08 09:39:36  EndDate: 2014-03-08 23:59:59 
[26200] 2016/01/22 20:03:30.895 SKOrderLib 版本 2.1.22
[26200] 2016/01/22 20:03:31.922 主機: https://vorder1.capital.com.tw/ap2005/vip_trade_bk_ca.php
[26200] 2016/01/22 20:03:31.923 OF主機: https://vorder1.capital.com.tw/ap2005/of_new_trade_bk_ca.php
[13256] 2016/01/22 20:18:10.642 -------------------------------
[13256] 2016/01/22 20:18:10.647 CERT ID:R122455031   BeginDate: 2012-02-11 22:18:34  EndDate: 2013-03-08 23:59:59 
[13256] 2016/01/22 20:18:10.655 CERT ID:R220088490   BeginDate: 2009-09-21 08:53:55  EndDate: 2010-09-21 23:59:59 
[13256] 2016/01/22 20:18:10.668 CERT ID:R122455031   BeginDate: 2014-02-07 05:34:13  EndDate: 2015-03-08 23:59:59 
[13256] 2016/01/22 20:18:10.683 CERT ID:R220088490   BeginDate: 2010-08-23 15:58:07  EndDate: 2011-09-21 23:59:59 
[13256] 2016/01/22 20:18:10.707 CERT ID:R122455031   BeginDate: 2015-02-24 13:25:44  EndDate: 2016-03-08 23:59:59 
[13256] 2016/01/22 20:18:10.736 CERT ID:R122455031   BeginDate: 2013-03-08 09:39:36  EndDate: 2014-03-08 23:59:59 
[13256] 2016/01/22 20:18:10.760 SKOrderLib 版本 2.1.22
[13256] 2016/01/22 20:18:11.537 主機: https://vorder1.capital.com.tw/ap2005/vip_trade_bk_ca.php
[13256] 2016/01/22 20:18:11.538 OF主機: https://vorder1.capital.com.tw/ap2005/of_new_trade_bk_ca.php
