[8784] 2016/01/22 17:39:42.876 -------------------------------
[8784] 2016/01/22 17:39:42.876 Login ID: R220088490
[8784] 2016/01/22 17:39:42.876 回報API版本：2.3.7
[8784] 2016/01/22 17:39:43.344 Code: 0
[8784] 2016/01/22 17:39:44.139 reply Serverreal3.capital.com.tw
[30708] 2016/01/22 17:42:32.274 -------------------------------
[30708] 2016/01/22 17:42:32.279 Login ID: R220088490
[30708] 2016/01/22 17:42:32.280 回報API版本：2.3.7
[30708] 2016/01/22 17:42:33.148 Code: 0
[30708] 2016/01/22 17:42:33.849 reply Serverreal6.capital.com.tw
[8028] 2016/01/22 19:44:48.293 -------------------------------
[8028] 2016/01/22 19:44:48.322 Login ID: R122455031
[8028] 2016/01/22 19:44:48.322 回報API版本：2.3.7
[8028] 2016/01/22 19:44:48.694 Code: 0
[8028] 2016/01/22 19:44:49.396 reply Servervreal1.capital.com.tw
[30616] 2016/01/22 19:51:01.045 -------------------------------
[30616] 2016/01/22 19:51:01.052 Login ID: R122455031
[30616] 2016/01/22 19:51:01.053 回報API版本：2.3.7
[30616] 2016/01/22 19:51:01.378 Code: 0
[30616] 2016/01/22 19:51:02.079 reply Servervreal1.capital.com.tw
[22368] 2016/01/22 19:54:04.438 -------------------------------
[22368] 2016/01/22 19:54:04.444 Login ID: R122455031
[22368] 2016/01/22 19:54:04.445 回報API版本：2.3.7
[22368] 2016/01/22 19:54:04.992 Code: 0
[22368] 2016/01/22 19:54:05.692 reply Servervreal1.capital.com.tw
[7392] 2016/01/22 19:55:55.197 -------------------------------
[7392] 2016/01/22 19:55:55.202 Login ID: R122455031
[7392] 2016/01/22 19:55:55.202 回報API版本：2.3.7
[7392] 2016/01/22 19:55:55.685 Code: 0
[7392] 2016/01/22 19:55:56.386 reply Servervreal1.capital.com.tw
[2976] 2016/01/22 20:00:30.723 -------------------------------
[2976] 2016/01/22 20:00:30.729 Login ID: R122455031
[2976] 2016/01/22 20:00:30.730 回報API版本：2.3.7
[2976] 2016/01/22 20:00:31.234 Code: 0
[2976] 2016/01/22 20:00:31.935 reply Servervreal1.capital.com.tw
[29188] 2016/01/22 20:01:43.372 -------------------------------
[29188] 2016/01/22 20:01:43.375 Login ID: R122455031
[29188] 2016/01/22 20:01:43.376 回報API版本：2.3.7
[29188] 2016/01/22 20:01:43.789 Code: 0
[29188] 2016/01/22 20:01:44.489 reply Servervreal1.capital.com.tw
[5500] 2016/01/22 20:02:44.300 -------------------------------
[5500] 2016/01/22 20:02:44.302 Login ID: R122455031
[5500] 2016/01/22 20:02:44.303 回報API版本：2.3.7
[5500] 2016/01/22 20:02:44.679 Code: 0
[5500] 2016/01/22 20:02:45.380 reply Servervreal1.capital.com.tw
[26200] 2016/01/22 20:03:32.094 -------------------------------
[26200] 2016/01/22 20:03:32.096 Login ID: R122455031
[26200] 2016/01/22 20:03:32.097 回報API版本：2.3.7
[26200] 2016/01/22 20:03:32.480 Code: 0
[26200] 2016/01/22 20:03:33.181 reply Servervreal1.capital.com.tw
[13256] 2016/01/22 20:18:12.141 -------------------------------
[13256] 2016/01/22 20:18:12.143 Login ID: R122455031
[13256] 2016/01/22 20:18:12.144 回報API版本：2.3.7
[13256] 2016/01/22 20:18:12.611 Code: 0
[13256] 2016/01/22 20:18:13.311 reply Servervreal1.capital.com.tw
