[9108] 2016/01/23 16:47:28.846 API InitInstance 
[9108] 2016/01/23 16:47:31.826 R220088490 連線 Code：0
[9108] 2016/01/23 16:47:32.918 收到 Head 資訊 {Count 2} {Type C } 
[9108] 2016/01/23 16:47:32.933 收到 Head 資訊 {Count 2} {Type C } 
[9108] 2016/01/23 16:47:32.949 收到 Head 資訊 {Count 2} {Type C } 
[9108] 2016/01/23 16:47:32.949 收到 Head 資訊 {Count 2} {Type C } 
[9108] 2016/01/23 16:47:32.949 收到 Head 資訊 {Count 2} {Type C } 
[9108] 2016/01/23 16:47:32.949 收到 Head 資訊 {Count 2} {Type C } 
[9108] 2016/01/23 16:47:32.949 收到 Head 資訊 {Count 2} {Type C } 
[9108] 2016/01/23 16:47:32.949 收到 Head 資訊 {Count 2} {Type C } 
[9108] 2016/01/23 16:47:32.949 收到 Head 資訊 {Count 2} {Type C } 
[9108] 2016/01/23 16:47:32.949 收到 Head 資訊 {Count 2} {Type C } 
[9108] 2016/01/23 16:47:32.949 收到 Head 資訊 {Count 2} {Type C } 
[9108] 2016/01/23 16:47:32.949 收到 Head 資訊 {Count 2} {Type C } 
[9108] 2016/01/23 16:47:32.964 收到 Head 資訊 {Count 2} {Type C } 
[9108] 2016/01/23 16:47:32.964 收到 Head 資訊 {Count 2} {Type C } 
[9108] 2016/01/23 16:47:32.964 收到 Head 資訊 {Count 2} {Type C } 
[9108] 2016/01/23 16:47:32.980 收到 Head 資訊 {Count 2} {Type C } 
[9108] 2016/01/23 16:47:32.980 收到 Head 資訊 {Count 2} {Type C } 
[9108] 2016/01/23 16:47:32.980 收到 Head 資訊 {Count 2} {Type C } 
[9108] 2016/01/23 16:47:32.980 收到 Head 資訊 {Count 2} {Type C } 
[9108] 2016/01/23 16:47:32.980 收到 Head 資訊 {Count 2} {Type C } 
[9108] 2016/01/23 16:47:32.980 收到 Head 資訊 {Count 2} {Type C } 
[9108] 2016/01/23 16:47:32.996 收到 Head 資訊 {Count 2} {Type C } 
[9108] 2016/01/23 16:47:32.996 收到 Head 資訊 {Count 2} {Type C } 
[9108] 2016/01/23 16:47:32.996 收到 Head 資訊 {Count 2} {Type C } 
[9108] 2016/01/23 16:47:32.996 收到 Head 資訊 {Count 2} {Type C } 
[9108] 2016/01/23 16:47:32.996 收到 Head 資訊 {Count 2} {Type C } 
[9108] 2016/01/23 16:47:33.011 收到 Head 資訊 {Count 2} {Type C } 
[9108] 2016/01/23 16:47:33.011 收到 Head 資訊 {Count 2} {Type C } 
[9108] 2016/01/23 16:47:33.027 收到 Head 資訊 {Count 2} {Type C } 
[9108] 2016/01/23 16:47:33.027 收到 Head 資訊 {Count 2} {Type C } 
[9108] 2016/01/23 16:47:33.027 收到 Head 資訊 {Count 2} {Type C } 
[9108] 2016/01/23 16:47:33.027 收到 Head 資訊 {Count 2} {Type C } 
[9108] 2016/01/23 16:47:33.027 收到 Head 資訊 {Count 2} {Type C } 
[9108] 2016/01/23 16:47:33.027 收到 Head 資訊 {Count 2} {Type C } 
[9108] 2016/01/23 16:47:33.027 收到 Head 資訊 {Count 2} {Type C } 
[9108] 2016/01/23 16:47:33.027 收到 Head 資訊 {Count 2} {Type C } 
[9108] 2016/01/23 16:47:33.027 收到 Head 資訊 {Count 2} {Type C } 
[9108] 2016/01/23 16:47:33.027 收到 Head 資訊 {Count 2} {Type C } 
[9108] 2016/01/23 16:47:33.027 收到 Head 資訊 {Count 2} {Type C } 
[9108] 2016/01/23 16:47:33.027 收到 Head 資訊 {Count 2} {Type C } 
[9108] 2016/01/23 16:47:33.027 收到 Head 資訊 {Count 2} {Type C } 
[9108] 2016/01/23 16:47:33.027 收到 Head 資訊 {Count 2} {Type C } 
[9108] 2016/01/23 16:47:33.027 收到 Head 資訊 {Count 2} {Type C } 
[9108] 2016/01/23 16:47:33.027 收到 Head 資訊 {Count 2} {Type C } 
[9108] 2016/01/23 16:47:33.027 收到 Head 資訊 {Count 2} {Type C } 
[9108] 2016/01/23 16:47:33.027 收到 Head 資訊 {Count 2} {Type C } 
[9108] 2016/01/23 16:47:33.027 收到 Head 資訊 {Count 2} {Type C } 
[9108] 2016/01/23 16:47:33.027 收到 Head 資訊 {Count 2} {Type C } 
[9108] 2016/01/23 16:47:33.027 收到 Head 資訊 {Count 2} {Type C } 
[9108] 2016/01/23 16:47:33.027 收到 Head 資訊 {Count 2} {Type C } 
[9108] 2016/01/23 16:47:33.042 收到 Head 資訊 {Count 2} {Type C } 
[9108] 2016/01/23 16:47:33.042 收到 Head 資訊 {Count 2} {Type C } 
[9108] 2016/01/23 16:47:33.042 收到 Head 資訊 {Count 2} {Type C } 
[9108] 2016/01/23 16:47:33.042 收到 Head 資訊 {Count 2} {Type C } 
[9108] 2016/01/23 16:47:33.042 收到 Head 資訊 {Count 2} {Type C } 
[9108] 2016/01/23 16:47:33.042 收到 Head 資訊 {Count 2} {Type C } 
[9108] 2016/01/23 16:47:33.042 收到 Head 資訊 {Count 2} {Type C } 
[9108] 2016/01/23 16:47:33.042 收到 Head 資訊 {Count 2} {Type C } 
[9108] 2016/01/23 16:47:33.042 收到 Head 資訊 {Count 2} {Type C } 
[9108] 2016/01/23 16:47:33.042 收到 Head 資訊 {Count 2} {Type C } 
[9108] 2016/01/23 16:47:33.042 收到 Head 資訊 {Count 2} {Type C } 
[9108] 2016/01/23 16:47:33.042 收到 Head 資訊 {Count 2} {Type C } 
[9108] 2016/01/23 16:47:33.042 收到 Head 資訊 {Count 2} {Type C } 
[9108] 2016/01/23 16:47:33.042 收到 Head 資訊 {Count 2} {Type C } 
[9108] 2016/01/23 16:47:33.042 收到 Head 資訊 {Count 2} {Type C } 
[9108] 2016/01/23 16:47:33.042 收到 Head 資訊 {Count 2} {Type C } 
[9108] 2016/01/23 16:47:33.042 收到 Head 資訊 {Count 2} {Type C } 
[9108] 2016/01/23 16:47:33.042 收到 Head 資訊 {Count 2} {Type C } 
[9108] 2016/01/23 16:47:33.042 收到 Head 資訊 {Count 2} {Type C } 
[9108] 2016/01/23 16:47:33.042 收到 Head 資訊 {Count 2} {Type C } 
[9108] 2016/01/23 16:47:33.042 收到 Head 資訊 {Count 2} {Type C } 
[9108] 2016/01/23 16:47:33.042 收到 Head 資訊 {Count 2} {Type C } 
[9108] 2016/01/23 16:47:33.042 收到 Head 資訊 {Count 2} {Type C } 
[9108] 2016/01/23 16:47:33.042 收到 Head 資訊 {Count 2} {Type C } 
[9108] 2016/01/23 16:47:33.042 收到 Head 資訊 {Count 2} {Type C } 
[9108] 2016/01/23 16:47:33.042 收到 Head 資訊 {Count 2} {Type C } 
[9108] 2016/01/23 16:47:33.058 收到 Head 資訊 {Count 2} {Type C } 
[9108] 2016/01/23 16:47:33.058 收到 Head 資訊 {Count 2} {Type C } 
[9108] 2016/01/23 16:47:33.058 收到 Head 資訊 {Count 2} {Type C } 
[9108] 2016/01/23 16:47:33.058 收到 Head 資訊 {Count 2} {Type C } 
[9108] 2016/01/23 16:47:33.058 收到 Head 資訊 {Count 2} {Type C } 
[9108] 2016/01/23 16:47:33.058 收到 Head 資訊 {Count 2} {Type C } 
[9108] 2016/01/23 16:47:33.058 收到 Head 資訊 {Count 2} {Type C } 
[9108] 2016/01/23 16:47:33.058 收到 Head 資訊 {Count 2} {Type C } 
[9108] 2016/01/23 16:47:33.058 收到 Head 資訊 {Count 2} {Type C } 
[9108] 2016/01/23 16:47:33.058 收到 Head 資訊 {Count 2} {Type C } 
[9108] 2016/01/23 16:47:33.058 收到 Head 資訊 {Count 2} {Type C } 
[9108] 2016/01/23 16:47:33.058 收到 Head 資訊 {Count 2} {Type D } 
[9108] 2016/01/23 16:47:33.058 收到 Head 資訊 {Count 2} {Type D } 
[9108] 2016/01/23 16:47:33.058 收到 Head 資訊 {Count 2} {Type C } 
[9108] 2016/01/23 16:47:33.058 收到 Head 資訊 {Count 2} {Type C } 
[9108] 2016/01/23 16:47:33.058 收到 Head 資訊 {Count 2} {Type C } 
[9108] 2016/01/23 16:47:33.058 收到 Head 資訊 {Count 2} {Type C } 
[9108] 2016/01/23 16:47:33.058 收到 Head 資訊 {Count 2} {Type C } 
[9108] 2016/01/23 16:47:33.058 收到 Head 資訊 {Count 2} {Type C } 
[9108] 2016/01/23 16:47:33.058 收到 Head 資訊 {Count 2} {Type C } 
[9108] 2016/01/23 16:47:33.058 收到 Head 資訊 {Count 2} {Type C } 
[9108] 2016/01/23 16:47:33.058 收到 Head 資訊 {Count 2} {Type C } 
[9108] 2016/01/23 16:47:33.058 收到 Head 資訊 {Count 2} {Type C } 
[9108] 2016/01/23 16:47:33.058 收到 Head 資訊 {Count 2} {Type C } 
[9108] 2016/01/23 16:47:33.058 收到 Head 資訊 {Count 2} {Type C } 
[9108] 2016/01/23 16:47:33.058 收到 Head 資訊 {Count 2} {Type C } 
[9108] 2016/01/23 16:47:33.058 收到 Head 資訊 {Count 2} {Type C } 
[9108] 2016/01/23 16:47:33.058 收到 Head 資訊 {Count 2} {Type C } 
[9108] 2016/01/23 16:47:33.058 收到 Head 資訊 {Count 2} {Type C } 
[9108] 2016/01/23 16:47:33.058 收到 Head 資訊 {Count 2} {Type C } 
[9108] 2016/01/23 16:47:33.058 收到 Head 資訊 {Count 2} {Type C } 
[9108] 2016/01/23 16:47:33.058 收到 Head 資訊 {Count 2} {Type C } 
[9108] 2016/01/23 16:47:33.074 收到 Head 資訊 {Count 2} {Type C } 
[9108] 2016/01/23 16:47:33.074 收到 Head 資訊 {Count 2} {Type C } 
[9108] 2016/01/23 16:47:33.074 收到 Head 資訊 {Count 2} {Type C } 
[9108] 2016/01/23 16:47:33.074 收到 Head 資訊 {Count 2} {Type C } 
[9108] 2016/01/23 16:47:33.074 收到 Head 資訊 {Count 2} {Type C } 
[9108] 2016/01/23 16:47:33.074 收到 Head 資訊 {Count 2} {Type C } 
[9108] 2016/01/23 16:47:33.074 收到 Head 資訊 {Count 2} {Type C } 
[9108] 2016/01/23 16:47:33.074 收到 Head 資訊 {Count 2} {Type C } 
[9108] 2016/01/23 16:47:33.074 收到 Head 資訊 {Count 2} {Type C } 
[9108] 2016/01/23 16:47:33.074 收到 Head 資訊 {Count 2} {Type C } 
[9108] 2016/01/23 16:47:33.074 收到 Head 資訊 {Count 2} {Type C } 
[9108] 2016/01/23 16:47:33.074 收到 Head 資訊 {Count 2} {Type C } 
[9108] 2016/01/23 16:47:33.074 收到 Head 資訊 {Count 2} {Type C } 
[9108] 2016/01/23 16:47:33.074 收到 Head 資訊 {Count 2} {Type C } 
[9108] 2016/01/23 16:47:33.074 收到 Head 資訊 {Count 2} {Type C } 
[9108] 2016/01/23 16:47:33.074 收到 Head 資訊 {Count 2} {Type C } 
[9108] 2016/01/23 16:47:33.074 收到 Head 資訊 {Count 2} {Type C } 
[9108] 2016/01/23 16:47:33.074 收到 Head 資訊 {Count 2} {Type C } 
[9108] 2016/01/23 16:47:33.074 收到 Head 資訊 {Count 2} {Type C } 
[9108] 2016/01/23 16:47:33.074 收到 Head 資訊 {Count 2} {Type C } 
[9108] 2016/01/23 16:47:33.074 收到 Head 資訊 {Count 2} {Type C } 
[9108] 2016/01/23 16:47:33.074 收到 Head 資訊 {Count 2} {Type C } 
[9108] 2016/01/23 16:47:33.074 收到 Head 資訊 {Count 2} {Type C } 
[9108] 2016/01/23 16:47:33.074 收到 Head 資訊 {Count 2} {Type C } 
[9108] 2016/01/23 16:47:33.074 收到 Head 資訊 {Count 2} {Type C } 
[9108] 2016/01/23 16:47:33.074 收到 Head 資訊 {Count 2} {Type C } 
[9108] 2016/01/23 16:47:33.074 收到 Head 資訊 {Count 2} {Type C } 
[9108] 2016/01/23 16:47:33.074 收到 Head 資訊 {Count 2} {Type C } 
[9108] 2016/01/23 16:47:33.074 收到 Head 資訊 {Count 2} {Type C } 
[9108] 2016/01/23 16:47:33.074 收到 Head 資訊 {Count 2} {Type C } 
[9108] 2016/01/23 16:47:33.074 收到 Head 資訊 {Count 2} {Type C } 
[9108] 2016/01/23 16:47:33.074 收到 Head 資訊 {Count 2} {Type C } 
[9108] 2016/01/23 16:47:33.074 收到 Head 資訊 {Count 2} {Type C } 
[9108] 2016/01/23 16:47:33.089 收到 Head 資訊 {Count 2} {Type C } 
[9108] 2016/01/23 16:47:33.089 收到 Head 資訊 {Count 2} {Type C } 
[9108] 2016/01/23 16:47:33.089 收到 Head 資訊 {Count 2} {Type C } 
[9108] 2016/01/23 16:47:33.089 收到 Head 資訊 {Count 2} {Type C } 
[9108] 2016/01/23 16:47:33.089 收到 Head 資訊 {Count 2} {Type C } 
[9108] 2016/01/23 16:47:33.089 收到 Head 資訊 {Count 2} {Type C } 
[9108] 2016/01/23 16:47:33.089 收到 Head 資訊 {Count 2} {Type C } 
[9108] 2016/01/23 16:47:33.089 收到 Head 資訊 {Count 2} {Type C } 
[9108] 2016/01/23 16:47:33.089 收到 Head 資訊 {Count 2} {Type C } 
[9108] 2016/01/23 16:47:33.089 收到 Head 資訊 {Count 2} {Type C } 
[9108] 2016/01/23 16:47:33.089 收到 Head 資訊 {Count 2} {Type C } 
[9108] 2016/01/23 16:47:33.089 收到 Head 資訊 {Count 2} {Type C } 
[9108] 2016/01/23 16:47:33.089 收到 Head 資訊 {Count 2} {Type C } 
[9108] 2016/01/23 16:47:33.089 收到 Head 資訊 {Count 2} {Type C } 
[9108] 2016/01/23 16:47:33.089 收到 Head 資訊 {Count 2} {Type C } 
[9108] 2016/01/23 16:47:33.089 收到 Head 資訊 {Count 2} {Type C } 
[9108] 2016/01/23 16:47:33.089 收到 Head 資訊 {Count 2} {Type C } 
[9108] 2016/01/23 16:47:33.089 收到 Head 資訊 {Count 2} {Type C } 
[9108] 2016/01/23 16:47:33.089 收到 Head 資訊 {Count 2} {Type C } 
[9108] 2016/01/23 16:47:33.089 收到 Head 資訊 {Count 2} {Type C } 
[9108] 2016/01/23 16:47:33.089 收到 Head 資訊 {Count 2} {Type C } 
[9108] 2016/01/23 16:47:33.089 收到 Head 資訊 {Count 2} {Type C } 
[9108] 2016/01/23 16:47:33.089 收到 Head 資訊 {Count 2} {Type C } 
[9108] 2016/01/23 16:47:33.089 收到 Head 資訊 {Count 2} {Type C } 
[9108] 2016/01/23 16:47:33.089 收到 Head 資訊 {Count 2} {Type C } 
[9108] 2016/01/23 16:47:33.089 收到 Head 資訊 {Count 2} {Type C } 
[9108] 2016/01/23 16:47:33.089 收到 Head 資訊 {Count 2} {Type C } 
[9108] 2016/01/23 16:47:33.089 收到 Head 資訊 {Count 2} {Type C } 
[9108] 2016/01/23 16:47:33.089 收到 Head 資訊 {Count 2} {Type C } 
[9108] 2016/01/23 16:47:33.089 收到 Head 資訊 {Count 2} {Type C } 
[9108] 2016/01/23 16:47:33.089 收到 Head 資訊 {Count 2} {Type B } 
[8892] 2016/01/23 16:49:13.118 API InitInstance 
[8892] 2016/01/23 16:49:16.362 R122455031 連線 Code：0
[8892] 2016/01/23 16:49:17.408 收到 Head 資訊 {Count 2} {Type C } 
[8892] 2016/01/23 16:49:17.423 收到 Head 資訊 {Count 2} {Type C } 
[8892] 2016/01/23 16:49:17.423 收到 Head 資訊 {Count 2} {Type C } 
[8892] 2016/01/23 16:49:17.423 收到 Head 資訊 {Count 2} {Type C } 
[8892] 2016/01/23 16:49:17.423 收到 Head 資訊 {Count 2} {Type C } 
[8892] 2016/01/23 16:49:17.423 收到 Head 資訊 {Count 2} {Type C } 
[8892] 2016/01/23 16:49:17.423 收到 Head 資訊 {Count 2} {Type C } 
[8892] 2016/01/23 16:49:17.423 收到 Head 資訊 {Count 2} {Type C } 
[8892] 2016/01/23 16:49:17.423 收到 Head 資訊 {Count 2} {Type C } 
[8892] 2016/01/23 16:49:17.423 收到 Head 資訊 {Count 2} {Type C } 
[8892] 2016/01/23 16:49:17.423 收到 Head 資訊 {Count 2} {Type C } 
[8892] 2016/01/23 16:49:17.439 收到 Head 資訊 {Count 2} {Type C } 
[8892] 2016/01/23 16:49:17.439 收到 Head 資訊 {Count 2} {Type C } 
[8892] 2016/01/23 16:49:17.439 收到 Head 資訊 {Count 2} {Type C } 
[8892] 2016/01/23 16:49:17.439 收到 Head 資訊 {Count 2} {Type C } 
[8892] 2016/01/23 16:49:17.439 收到 Head 資訊 {Count 2} {Type C } 
[8892] 2016/01/23 16:49:17.439 收到 Head 資訊 {Count 2} {Type C } 
[8892] 2016/01/23 16:49:17.439 收到 Head 資訊 {Count 2} {Type C } 
[8892] 2016/01/23 16:49:17.439 收到 Head 資訊 {Count 2} {Type C } 
[8892] 2016/01/23 16:49:17.439 收到 Head 資訊 {Count 2} {Type C } 
[8892] 2016/01/23 16:49:17.439 收到 Head 資訊 {Count 2} {Type C } 
[8892] 2016/01/23 16:49:17.439 收到 Head 資訊 {Count 2} {Type C } 
[8892] 2016/01/23 16:49:17.439 收到 Head 資訊 {Count 2} {Type C } 
[8892] 2016/01/23 16:49:17.454 收到 Head 資訊 {Count 2} {Type C } 
[8892] 2016/01/23 16:49:17.454 收到 Head 資訊 {Count 2} {Type C } 
[8892] 2016/01/23 16:49:17.454 收到 Head 資訊 {Count 2} {Type C } 
[8892] 2016/01/23 16:49:17.454 收到 Head 資訊 {Count 2} {Type C } 
[8892] 2016/01/23 16:49:17.454 收到 Head 資訊 {Count 2} {Type C } 
[8892] 2016/01/23 16:49:17.454 收到 Head 資訊 {Count 2} {Type C } 
[8892] 2016/01/23 16:49:17.454 收到 Head 資訊 {Count 2} {Type C } 
[8892] 2016/01/23 16:49:17.454 收到 Head 資訊 {Count 2} {Type C } 
[8892] 2016/01/23 16:49:17.454 收到 Head 資訊 {Count 2} {Type C } 
[8892] 2016/01/23 16:49:17.454 收到 Head 資訊 {Count 2} {Type C } 
[8892] 2016/01/23 16:49:17.454 收到 Head 資訊 {Count 2} {Type C } 
[8892] 2016/01/23 16:49:17.454 收到 Head 資訊 {Count 2} {Type C } 
[8892] 2016/01/23 16:49:17.454 收到 Head 資訊 {Count 2} {Type C } 
[8892] 2016/01/23 16:49:17.454 收到 Head 資訊 {Count 2} {Type C } 
[8892] 2016/01/23 16:49:17.454 收到 Head 資訊 {Count 2} {Type C } 
[8892] 2016/01/23 16:49:17.454 收到 Head 資訊 {Count 2} {Type C } 
[8892] 2016/01/23 16:49:17.454 收到 Head 資訊 {Count 2} {Type C } 
[8892] 2016/01/23 16:49:17.454 收到 Head 資訊 {Count 2} {Type C } 
[8892] 2016/01/23 16:49:17.454 收到 Head 資訊 {Count 2} {Type C } 
[8892] 2016/01/23 16:49:17.454 收到 Head 資訊 {Count 2} {Type C } 
[8892] 2016/01/23 16:49:17.454 收到 Head 資訊 {Count 2} {Type C } 
[8892] 2016/01/23 16:49:17.470 收到 Head 資訊 {Count 2} {Type C } 
[8892] 2016/01/23 16:49:17.470 收到 Head 資訊 {Count 2} {Type C } 
[8892] 2016/01/23 16:49:17.470 收到 Head 資訊 {Count 2} {Type C } 
[8892] 2016/01/23 16:49:17.470 收到 Head 資訊 {Count 2} {Type C } 
[8892] 2016/01/23 16:49:17.470 收到 Head 資訊 {Count 2} {Type C } 
[8892] 2016/01/23 16:49:17.470 收到 Head 資訊 {Count 2} {Type C } 
[8892] 2016/01/23 16:49:17.470 收到 Head 資訊 {Count 2} {Type C } 
[8892] 2016/01/23 16:49:17.470 收到 Head 資訊 {Count 2} {Type C } 
[8892] 2016/01/23 16:49:17.470 收到 Head 資訊 {Count 2} {Type C } 
[8892] 2016/01/23 16:49:17.470 收到 Head 資訊 {Count 2} {Type C } 
[8892] 2016/01/23 16:49:17.470 收到 Head 資訊 {Count 2} {Type C } 
[8892] 2016/01/23 16:49:17.470 收到 Head 資訊 {Count 2} {Type C } 
[8892] 2016/01/23 16:49:17.470 收到 Head 資訊 {Count 2} {Type C } 
[8892] 2016/01/23 16:49:17.470 收到 Head 資訊 {Count 2} {Type C } 
[8892] 2016/01/23 16:49:17.470 收到 Head 資訊 {Count 2} {Type C } 
[8892] 2016/01/23 16:49:17.470 收到 Head 資訊 {Count 2} {Type C } 
[8892] 2016/01/23 16:49:17.470 收到 Head 資訊 {Count 2} {Type C } 
[8892] 2016/01/23 16:49:17.470 收到 Head 資訊 {Count 2} {Type C } 
[8892] 2016/01/23 16:49:17.470 收到 Head 資訊 {Count 2} {Type C } 
[8892] 2016/01/23 16:49:17.470 收到 Head 資訊 {Count 2} {Type C } 
[8892] 2016/01/23 16:49:17.486 收到 Head 資訊 {Count 2} {Type C } 
[8892] 2016/01/23 16:49:17.486 收到 Head 資訊 {Count 2} {Type C } 
[8892] 2016/01/23 16:49:17.486 收到 Head 資訊 {Count 2} {Type C } 
[8892] 2016/01/23 16:49:17.486 收到 Head 資訊 {Count 2} {Type C } 
[8892] 2016/01/23 16:49:17.486 收到 Head 資訊 {Count 2} {Type C } 
[8892] 2016/01/23 16:49:17.486 收到 Head 資訊 {Count 2} {Type C } 
[8892] 2016/01/23 16:49:17.501 收到 Head 資訊 {Count 2} {Type C } 
[8892] 2016/01/23 16:49:17.501 收到 Head 資訊 {Count 2} {Type C } 
[8892] 2016/01/23 16:49:17.501 收到 Head 資訊 {Count 2} {Type C } 
[8892] 2016/01/23 16:49:17.501 收到 Head 資訊 {Count 2} {Type C } 
[8892] 2016/01/23 16:49:17.501 收到 Head 資訊 {Count 2} {Type C } 
[8892] 2016/01/23 16:49:17.501 收到 Head 資訊 {Count 2} {Type C } 
[8892] 2016/01/23 16:49:17.501 收到 Head 資訊 {Count 2} {Type C } 
[8892] 2016/01/23 16:49:17.501 收到 Head 資訊 {Count 2} {Type C } 
[8892] 2016/01/23 16:49:17.501 收到 Head 資訊 {Count 2} {Type C } 
[8892] 2016/01/23 16:49:17.501 收到 Head 資訊 {Count 2} {Type C } 
[8892] 2016/01/23 16:49:17.501 收到 Head 資訊 {Count 2} {Type C } 
[8892] 2016/01/23 16:49:17.501 收到 Head 資訊 {Count 2} {Type C } 
[8892] 2016/01/23 16:49:17.501 收到 Head 資訊 {Count 2} {Type C } 
[8892] 2016/01/23 16:49:17.501 收到 Head 資訊 {Count 2} {Type C } 
[8892] 2016/01/23 16:49:17.517 收到 Head 資訊 {Count 2} {Type C } 
[8892] 2016/01/23 16:49:17.532 收到 Head 資訊 {Count 2} {Type C } 
[8892] 2016/01/23 16:49:17.532 收到 Head 資訊 {Count 2} {Type C } 
[8892] 2016/01/23 16:49:17.548 收到 Head 資訊 {Count 2} {Type D } 
[8892] 2016/01/23 16:49:17.548 收到 Head 資訊 {Count 2} {Type D } 
[8892] 2016/01/23 16:49:17.548 收到 Head 資訊 {Count 2} {Type C } 
[8892] 2016/01/23 16:49:17.548 收到 Head 資訊 {Count 2} {Type C } 
[8892] 2016/01/23 16:49:17.548 收到 Head 資訊 {Count 2} {Type C } 
[8892] 2016/01/23 16:49:17.548 收到 Head 資訊 {Count 2} {Type C } 
[8892] 2016/01/23 16:49:17.548 收到 Head 資訊 {Count 2} {Type C } 
[8892] 2016/01/23 16:49:17.548 收到 Head 資訊 {Count 2} {Type C } 
[8892] 2016/01/23 16:49:17.548 收到 Head 資訊 {Count 2} {Type C } 
[8892] 2016/01/23 16:49:17.548 收到 Head 資訊 {Count 2} {Type C } 
[8892] 2016/01/23 16:49:17.548 收到 Head 資訊 {Count 2} {Type C } 
[8892] 2016/01/23 16:49:17.548 收到 Head 資訊 {Count 2} {Type C } 
[8892] 2016/01/23 16:49:17.548 收到 Head 資訊 {Count 2} {Type C } 
[8892] 2016/01/23 16:49:17.548 收到 Head 資訊 {Count 2} {Type C } 
[8892] 2016/01/23 16:49:17.548 收到 Head 資訊 {Count 2} {Type C } 
[8892] 2016/01/23 16:49:17.548 收到 Head 資訊 {Count 2} {Type C } 
[8892] 2016/01/23 16:49:17.564 收到 Head 資訊 {Count 2} {Type C } 
[8892] 2016/01/23 16:49:17.564 收到 Head 資訊 {Count 2} {Type C } 
[8892] 2016/01/23 16:49:17.564 收到 Head 資訊 {Count 2} {Type C } 
[8892] 2016/01/23 16:49:17.564 收到 Head 資訊 {Count 2} {Type C } 
[8892] 2016/01/23 16:49:17.564 收到 Head 資訊 {Count 2} {Type C } 
[8892] 2016/01/23 16:49:17.564 收到 Head 資訊 {Count 2} {Type C } 
[8892] 2016/01/23 16:49:17.564 收到 Head 資訊 {Count 2} {Type C } 
[8892] 2016/01/23 16:49:17.564 收到 Head 資訊 {Count 2} {Type C } 
[8892] 2016/01/23 16:49:17.564 收到 Head 資訊 {Count 2} {Type C } 
[8892] 2016/01/23 16:49:17.564 收到 Head 資訊 {Count 2} {Type C } 
[8892] 2016/01/23 16:49:17.564 收到 Head 資訊 {Count 2} {Type C } 
[8892] 2016/01/23 16:49:17.564 收到 Head 資訊 {Count 2} {Type C } 
[8892] 2016/01/23 16:49:17.564 收到 Head 資訊 {Count 2} {Type C } 
[8892] 2016/01/23 16:49:17.564 收到 Head 資訊 {Count 2} {Type C } 
[8892] 2016/01/23 16:49:17.564 收到 Head 資訊 {Count 2} {Type C } 
[8892] 2016/01/23 16:49:17.564 收到 Head 資訊 {Count 2} {Type C } 
[8892] 2016/01/23 16:49:17.564 收到 Head 資訊 {Count 2} {Type C } 
[8892] 2016/01/23 16:49:17.564 收到 Head 資訊 {Count 2} {Type C } 
[8892] 2016/01/23 16:49:17.564 收到 Head 資訊 {Count 2} {Type C } 
[8892] 2016/01/23 16:49:17.564 收到 Head 資訊 {Count 2} {Type C } 
[8892] 2016/01/23 16:49:17.564 收到 Head 資訊 {Count 2} {Type C } 
[8892] 2016/01/23 16:49:17.564 收到 Head 資訊 {Count 2} {Type B } 
[8892] 2016/01/23 16:50:14.816 連線確認 R122455031 (21,21)
[8892] 2016/01/23 16:51:14.829 連線確認 R122455031 (21,21)
[8892] 2016/01/23 16:52:14.842 連線確認 R122455031 (21,21)
[8892] 2016/01/23 16:53:14.856 連線確認 R122455031 (21,21)
[8892] 2016/01/23 16:53:32.296 收到 Head 資訊 {Count 2} {Type C } 
[8892] 2016/01/23 16:54:14.869 連線確認 R122455031 (21,21)
[8892] 2016/01/23 16:54:18.005 收到 Head 資訊 {Count 2} {Type B } 
[8892] 2016/01/23 16:55:14.882 連線確認 R122455031 (21,21)
[8892] 2016/01/23 16:56:14.896 連線確認 R122455031 (21,21)
[8892] 2016/01/23 16:57:14.909 連線確認 R122455031 (21,21)
[8892] 2016/01/23 16:58:14.922 連線確認 R122455031 (21,21)
[8892] 2016/01/23 16:59:14.935 連線確認 R122455031 (21,21)
[8892] 2016/01/23 16:59:19.054 收到 Head 資訊 {Count 2} {Type B } 
[8892] 2016/01/23 17:00:14.949 連線確認 R122455031 (21,21)
[8892] 2016/01/23 17:01:14.962 連線確認 R122455031 (21,21)
[8892] 2016/01/23 17:02:14.975 連線確認 R122455031 (21,21)
[8892] 2016/01/23 17:03:14.989 連線確認 R122455031 (21,21)
[8892] 2016/01/23 17:04:15.002 連線確認 R122455031 (21,21)
[8892] 2016/01/23 17:04:20.181 收到 Head 資訊 {Count 2} {Type B } 
[8892] 2016/01/23 17:05:15.021 連線確認 R122455031 (21,21)
[8892] 2016/01/23 17:06:15.035 連線確認 R122455031 (21,21)
[8892] 2016/01/23 17:07:15.045 連線確認 R122455031 (21,21)
[8892] 2016/01/23 17:08:15.053 連線確認 R122455031 (21,21)
[8892] 2016/01/23 17:09:15.075 連線確認 R122455031 (21,21)
[8892] 2016/01/23 17:09:21.052 收到 Head 資訊 {Count 2} {Type B } 
[8892] 2016/01/23 17:10:15.090 連線確認 R122455031 (21,21)
[8892] 2016/01/23 21:49:31.028 連線確認 R122455031 (21,21)
[8892] 2016/01/23 21:49:36.519 R122455031 斷線 Code：10053
[8892] 2016/01/23 21:50:09.507 連線確認 R122455031 (21,-1)
[8892] 2016/01/23 21:51:09.520 連線確認 R122455031 (21,-1)
[8892] 2016/01/23 21:52:09.532 連線確認 R122455031 (21,-1)
[8892] 2016/01/23 21:53:09.547 連線確認 R122455031 (21,-1)
