[24448] 2016/01/22 20:24:19.236 API InitInstance 
[24448] 2016/01/22 20:24:20.657 R122455031 連線 Code：0
[24448] 2016/01/22 20:24:21.711 收到 Head 資訊 {Count 2} {Type A } 
[24448] 2016/01/22 20:24:21.712 0501224002433TFNNF0200003902196BYRTW     FITX   201602                    n0C91+007719000                                                        0001    00000001201601220845110000000000000000037s
[24448] 2016/01/22 20:24:21.716 收到 Head 資訊 {Count 2} {Type A } 
[24448] 2016/01/22 20:24:21.716 0501224002434TFNNF0200003902196SYRTW     FITX   201602                    n0C92+007741000                                                        0001    00000001201601220845110000000000000000037s
[24448] 2016/01/22 20:24:21.719 收到 Head 資訊 {Count 2} {Type A } 
[24448] 2016/01/22 20:24:21.719 0501224002434TFDNF0200003902196S00TW     FITX   201602                    n0C92+07741000                                                         0001            201601220845130000008600000000037s
[24448] 2016/01/22 20:24:21.721 收到 Head 資訊 {Count 2} {Type A } 
[24448] 2016/01/22 20:24:21.721 0501224002433TFDNF0200003902196B00TW     FITX   201602                    n0C91+07719000                                                         0001            201601220852100000016400000000037s
[24448] 2016/01/22 20:24:21.723 收到 Head 資訊 {Count 2} {Type C } 
[24448] 2016/01/22 20:24:21.723 收到 Head 資訊 {Count 2} {Type C } 
[24448] 2016/01/22 20:24:21.724 收到 Head 資訊 {Count 2} {Type C } 
[24448] 2016/01/22 20:24:21.724 收到 Head 資訊 {Count 2} {Type C } 
[24448] 2016/01/22 20:24:21.725 收到 Head 資訊 {Count 2} {Type C } 
[24448] 2016/01/22 20:24:21.725 收到 Head 資訊 {Count 2} {Type C } 
[24448] 2016/01/22 20:24:21.726 收到 Head 資訊 {Count 2} {Type C } 
[24448] 2016/01/22 20:24:21.726 收到 Head 資訊 {Count 2} {Type C } 
[24448] 2016/01/22 20:24:21.727 收到 Head 資訊 {Count 2} {Type C } 
[24448] 2016/01/22 20:24:21.727 收到 Head 資訊 {Count 2} {Type C } 
[24448] 2016/01/22 20:24:21.728 收到 Head 資訊 {Count 2} {Type C } 
[24448] 2016/01/22 20:24:21.729 收到 Head 資訊 {Count 2} {Type C } 
[24448] 2016/01/22 20:24:21.729 收到 Head 資訊 {Count 2} {Type C } 
[24448] 2016/01/22 20:24:21.730 收到 Head 資訊 {Count 2} {Type C } 
[24448] 2016/01/22 20:24:21.733 收到 Head 資訊 {Count 2} {Type C } 
[24448] 2016/01/22 20:24:21.733 收到 Head 資訊 {Count 2} {Type C } 
[24448] 2016/01/22 20:24:21.735 收到 Head 資訊 {Count 2} {Type C } 
[24448] 2016/01/22 20:24:21.737 收到 Head 資訊 {Count 2} {Type C } 
[24448] 2016/01/22 20:24:21.737 收到 Head 資訊 {Count 2} {Type C } 
[24448] 2016/01/22 20:24:21.738 收到 Head 資訊 {Count 2} {Type C } 
[24448] 2016/01/22 20:24:21.738 收到 Head 資訊 {Count 2} {Type C } 
[24448] 2016/01/22 20:24:21.739 收到 Head 資訊 {Count 2} {Type C } 
[24448] 2016/01/22 20:24:21.739 收到 Head 資訊 {Count 2} {Type C } 
[24448] 2016/01/22 20:24:21.740 收到 Head 資訊 {Count 2} {Type C } 
[24448] 2016/01/22 20:24:21.740 收到 Head 資訊 {Count 2} {Type C } 
[24448] 2016/01/22 20:24:21.741 收到 Head 資訊 {Count 2} {Type C } 
[24448] 2016/01/22 20:24:21.741 收到 Head 資訊 {Count 2} {Type C } 
[24448] 2016/01/22 20:24:21.742 收到 Head 資訊 {Count 2} {Type C } 
[24448] 2016/01/22 20:24:21.742 收到 Head 資訊 {Count 2} {Type C } 
[24448] 2016/01/22 20:24:21.743 收到 Head 資訊 {Count 2} {Type C } 
[24448] 2016/01/22 20:24:21.743 收到 Head 資訊 {Count 2} {Type C } 
[24448] 2016/01/22 20:24:21.744 收到 Head 資訊 {Count 2} {Type C } 
[24448] 2016/01/22 20:24:21.744 收到 Head 資訊 {Count 2} {Type C } 
[24448] 2016/01/22 20:24:21.745 收到 Head 資訊 {Count 2} {Type C } 
[24448] 2016/01/22 20:24:21.745 收到 Head 資訊 {Count 2} {Type C } 
[24448] 2016/01/22 20:24:21.746 收到 Head 資訊 {Count 2} {Type C } 
[24448] 2016/01/22 20:24:21.746 收到 Head 資訊 {Count 2} {Type C } 
[24448] 2016/01/22 20:24:21.747 收到 Head 資訊 {Count 2} {Type C } 
[24448] 2016/01/22 20:24:21.747 收到 Head 資訊 {Count 2} {Type C } 
[24448] 2016/01/22 20:24:21.748 收到 Head 資訊 {Count 2} {Type C } 
[24448] 2016/01/22 20:24:21.748 收到 Head 資訊 {Count 2} {Type C } 
[24448] 2016/01/22 20:24:21.749 收到 Head 資訊 {Count 2} {Type C } 
[24448] 2016/01/22 20:24:21.749 收到 Head 資訊 {Count 2} {Type C } 
[24448] 2016/01/22 20:24:21.750 收到 Head 資訊 {Count 2} {Type C } 
[24448] 2016/01/22 20:24:21.750 收到 Head 資訊 {Count 2} {Type C } 
[24448] 2016/01/22 20:24:21.751 收到 Head 資訊 {Count 2} {Type C } 
[24448] 2016/01/22 20:24:21.751 收到 Head 資訊 {Count 2} {Type C } 
[24448] 2016/01/22 20:24:21.752 收到 Head 資訊 {Count 2} {Type C } 
[24448] 2016/01/22 20:24:21.752 收到 Head 資訊 {Count 2} {Type C } 
[24448] 2016/01/22 20:24:21.753 收到 Head 資訊 {Count 2} {Type C } 
[24448] 2016/01/22 20:24:21.753 收到 Head 資訊 {Count 2} {Type C } 
[24448] 2016/01/22 20:24:21.754 收到 Head 資訊 {Count 2} {Type C } 
[24448] 2016/01/22 20:24:21.754 收到 Head 資訊 {Count 2} {Type C } 
[24448] 2016/01/22 20:24:21.755 收到 Head 資訊 {Count 2} {Type C } 
[24448] 2016/01/22 20:24:21.755 收到 Head 資訊 {Count 2} {Type C } 
[24448] 2016/01/22 20:24:21.756 收到 Head 資訊 {Count 2} {Type C } 
[24448] 2016/01/22 20:24:21.756 收到 Head 資訊 {Count 2} {Type C } 
[24448] 2016/01/22 20:24:21.757 收到 Head 資訊 {Count 2} {Type C } 
[24448] 2016/01/22 20:24:21.757 收到 Head 資訊 {Count 2} {Type C } 
[24448] 2016/01/22 20:24:21.758 收到 Head 資訊 {Count 2} {Type C } 
[24448] 2016/01/22 20:24:21.758 收到 Head 資訊 {Count 2} {Type C } 
[24448] 2016/01/22 20:24:21.759 收到 Head 資訊 {Count 2} {Type C } 
[24448] 2016/01/22 20:24:21.759 收到 Head 資訊 {Count 2} {Type C } 
[24448] 2016/01/22 20:24:21.760 收到 Head 資訊 {Count 2} {Type C } 
[24448] 2016/01/22 20:24:21.760 收到 Head 資訊 {Count 2} {Type C } 
[24448] 2016/01/22 20:24:21.761 收到 Head 資訊 {Count 2} {Type C } 
[24448] 2016/01/22 20:24:21.761 收到 Head 資訊 {Count 2} {Type C } 
[24448] 2016/01/22 20:24:21.762 收到 Head 資訊 {Count 2} {Type C } 
[24448] 2016/01/22 20:24:21.762 收到 Head 資訊 {Count 2} {Type C } 
[24448] 2016/01/22 20:24:21.763 收到 Head 資訊 {Count 2} {Type C } 
[24448] 2016/01/22 20:24:21.763 收到 Head 資訊 {Count 2} {Type C } 
[24448] 2016/01/22 20:24:21.764 收到 Head 資訊 {Count 2} {Type C } 
[24448] 2016/01/22 20:24:21.764 收到 Head 資訊 {Count 2} {Type C } 
[24448] 2016/01/22 20:24:21.765 收到 Head 資訊 {Count 2} {Type C } 
[24448] 2016/01/22 20:24:21.765 收到 Head 資訊 {Count 2} {Type C } 
[24448] 2016/01/22 20:24:21.766 收到 Head 資訊 {Count 2} {Type C } 
[24448] 2016/01/22 20:24:21.766 收到 Head 資訊 {Count 2} {Type C } 
[24448] 2016/01/22 20:24:21.767 收到 Head 資訊 {Count 2} {Type C } 
[24448] 2016/01/22 20:24:21.767 收到 Head 資訊 {Count 2} {Type C } 
[24448] 2016/01/22 20:24:21.768 收到 Head 資訊 {Count 2} {Type C } 
[24448] 2016/01/22 20:24:21.768 收到 Head 資訊 {Count 2} {Type C } 
[24448] 2016/01/22 20:24:21.769 收到 Head 資訊 {Count 2} {Type C } 
[24448] 2016/01/22 20:24:21.769 收到 Head 資訊 {Count 2} {Type C } 
[24448] 2016/01/22 20:24:21.770 收到 Head 資訊 {Count 2} {Type C } 
[24448] 2016/01/22 20:24:21.770 收到 Head 資訊 {Count 2} {Type C } 
[24448] 2016/01/22 20:24:21.770 收到 Head 資訊 {Count 2} {Type C } 
[24448] 2016/01/22 20:24:21.771 收到 Head 資訊 {Count 2} {Type C } 
[24448] 2016/01/22 20:24:21.772 收到 Head 資訊 {Count 2} {Type C } 
[24448] 2016/01/22 20:24:21.772 收到 Head 資訊 {Count 2} {Type C } 
[24448] 2016/01/22 20:24:21.772 收到 Head 資訊 {Count 2} {Type C } 
[24448] 2016/01/22 20:24:21.773 收到 Head 資訊 {Count 2} {Type C } 
[24448] 2016/01/22 20:24:21.773 收到 Head 資訊 {Count 2} {Type D } 
[24448] 2016/01/22 20:24:21.774 收到 Head 資訊 {Count 2} {Type D } 
[24448] 2016/01/22 20:24:21.774 收到 Head 資訊 {Count 2} {Type C } 
[24448] 2016/01/22 20:24:21.775 收到 Head 資訊 {Count 2} {Type C } 
[24448] 2016/01/22 20:24:21.775 收到 Head 資訊 {Count 2} {Type C } 
[24448] 2016/01/22 20:24:21.776 收到 Head 資訊 {Count 2} {Type C } 
[24448] 2016/01/22 20:24:21.776 收到 Head 資訊 {Count 2} {Type C } 
[24448] 2016/01/22 20:24:21.777 收到 Head 資訊 {Count 2} {Type C } 
[24448] 2016/01/22 20:24:21.777 收到 Head 資訊 {Count 2} {Type C } 
[24448] 2016/01/22 20:24:21.778 收到 Head 資訊 {Count 2} {Type C } 
[24448] 2016/01/22 20:24:21.778 收到 Head 資訊 {Count 2} {Type C } 
[24448] 2016/01/22 20:24:21.778 收到 Head 資訊 {Count 2} {Type C } 
[24448] 2016/01/22 20:24:21.779 收到 Head 資訊 {Count 2} {Type C } 
[24448] 2016/01/22 20:24:21.779 收到 Head 資訊 {Count 2} {Type C } 
[24448] 2016/01/22 20:24:21.780 收到 Head 資訊 {Count 2} {Type C } 
[24448] 2016/01/22 20:24:21.780 收到 Head 資訊 {Count 2} {Type C } 
[24448] 2016/01/22 20:24:21.781 收到 Head 資訊 {Count 2} {Type C } 
[24448] 2016/01/22 20:24:21.781 收到 Head 資訊 {Count 2} {Type C } 
[24448] 2016/01/22 20:24:21.782 收到 Head 資訊 {Count 2} {Type C } 
[24448] 2016/01/22 20:24:21.782 收到 Head 資訊 {Count 2} {Type C } 
[24448] 2016/01/22 20:24:21.783 收到 Head 資訊 {Count 2} {Type C } 
[24448] 2016/01/22 20:24:21.783 收到 Head 資訊 {Count 2} {Type C } 
[24448] 2016/01/22 20:24:21.784 收到 Head 資訊 {Count 2} {Type C } 
[24448] 2016/01/22 20:24:21.784 收到 Head 資訊 {Count 2} {Type C } 
[24448] 2016/01/22 20:24:21.785 收到 Head 資訊 {Count 2} {Type C } 
[24448] 2016/01/22 20:24:21.785 收到 Head 資訊 {Count 2} {Type C } 
[24448] 2016/01/22 20:24:21.785 收到 Head 資訊 {Count 2} {Type C } 
[24448] 2016/01/22 20:24:21.786 收到 Head 資訊 {Count 2} {Type C } 
[24448] 2016/01/22 20:24:21.786 收到 Head 資訊 {Count 2} {Type C } 
[24448] 2016/01/22 20:24:21.787 收到 Head 資訊 {Count 2} {Type C } 
[24448] 2016/01/22 20:24:21.787 收到 Head 資訊 {Count 2} {Type C } 
[24448] 2016/01/22 20:24:21.788 收到 Head 資訊 {Count 2} {Type C } 
[24448] 2016/01/22 20:24:21.790 收到 Head 資訊 {Count 2} {Type C } 
[24448] 2016/01/22 20:24:21.791 收到 Head 資訊 {Count 2} {Type C } 
[24448] 2016/01/22 20:24:21.791 收到 Head 資訊 {Count 2} {Type C } 
[24448] 2016/01/22 20:24:21.792 收到 Head 資訊 {Count 2} {Type C } 
[24448] 2016/01/22 20:24:21.792 收到 Head 資訊 {Count 2} {Type C } 
[24448] 2016/01/22 20:24:21.792 收到 Head 資訊 {Count 2} {Type C } 
[24448] 2016/01/22 20:24:21.793 收到 Head 資訊 {Count 2} {Type C } 
[24448] 2016/01/22 20:24:21.793 收到 Head 資訊 {Count 2} {Type C } 
[24448] 2016/01/22 20:24:21.794 收到 Head 資訊 {Count 2} {Type C } 
[24448] 2016/01/22 20:24:21.794 收到 Head 資訊 {Count 2} {Type C } 
[24448] 2016/01/22 20:24:21.795 收到 Head 資訊 {Count 2} {Type C } 
[24448] 2016/01/22 20:24:21.795 收到 Head 資訊 {Count 2} {Type C } 
[24448] 2016/01/22 20:24:21.796 收到 Head 資訊 {Count 2} {Type C } 
[24448] 2016/01/22 20:24:21.797 收到 Head 資訊 {Count 2} {Type C } 
[24448] 2016/01/22 20:24:21.797 收到 Head 資訊 {Count 2} {Type C } 
[24448] 2016/01/22 20:24:21.797 收到 Head 資訊 {Count 2} {Type C } 
[24448] 2016/01/22 20:24:21.798 收到 Head 資訊 {Count 2} {Type C } 
[24448] 2016/01/22 20:24:21.798 收到 Head 資訊 {Count 2} {Type C } 
[24448] 2016/01/22 20:24:21.799 收到 Head 資訊 {Count 2} {Type C } 
[24448] 2016/01/22 20:24:21.799 收到 Head 資訊 {Count 2} {Type C } 
[24448] 2016/01/22 20:24:21.800 收到 Head 資訊 {Count 2} {Type C } 
[24448] 2016/01/22 20:24:21.800 收到 Head 資訊 {Count 2} {Type C } 
[24448] 2016/01/22 20:24:21.801 收到 Head 資訊 {Count 2} {Type C } 
[24448] 2016/01/22 20:24:21.801 收到 Head 資訊 {Count 2} {Type C } 
[24448] 2016/01/22 20:24:21.802 收到 Head 資訊 {Count 2} {Type C } 
[24448] 2016/01/22 20:24:21.802 收到 Head 資訊 {Count 2} {Type C } 
[24448] 2016/01/22 20:24:21.803 收到 Head 資訊 {Count 2} {Type C } 
[24448] 2016/01/22 20:24:21.803 收到 Head 資訊 {Count 2} {Type C } 
[24448] 2016/01/22 20:24:21.804 收到 Head 資訊 {Count 2} {Type C } 
[24448] 2016/01/22 20:24:21.804 收到 Head 資訊 {Count 2} {Type C } 
[24448] 2016/01/22 20:24:21.804 收到 Head 資訊 {Count 2} {Type C } 
[24448] 2016/01/22 20:24:21.805 收到 Head 資訊 {Count 2} {Type C } 
[24448] 2016/01/22 20:24:21.805 收到 Head 資訊 {Count 2} {Type C } 
[24448] 2016/01/22 20:24:21.806 收到 Head 資訊 {Count 2} {Type C } 
[24448] 2016/01/22 20:24:21.806 收到 Head 資訊 {Count 2} {Type C } 
[24448] 2016/01/22 20:24:21.807 收到 Head 資訊 {Count 2} {Type C } 
[24448] 2016/01/22 20:24:21.807 收到 Head 資訊 {Count 2} {Type C } 
[24448] 2016/01/22 20:24:21.808 收到 Head 資訊 {Count 2} {Type C } 
[24448] 2016/01/22 20:24:21.808 收到 Head 資訊 {Count 2} {Type C } 
[24448] 2016/01/22 20:24:21.809 收到 Head 資訊 {Count 2} {Type C } 
[24448] 2016/01/22 20:24:21.809 收到 Head 資訊 {Count 2} {Type C } 
[24448] 2016/01/22 20:24:21.810 收到 Head 資訊 {Count 2} {Type C } 
[24448] 2016/01/22 20:24:21.810 收到 Head 資訊 {Count 2} {Type C } 
[24448] 2016/01/22 20:24:21.811 收到 Head 資訊 {Count 2} {Type C } 
[24448] 2016/01/22 20:24:21.812 收到 Head 資訊 {Count 2} {Type C } 
[24448] 2016/01/22 20:24:21.812 收到 Head 資訊 {Count 2} {Type C } 
[24448] 2016/01/22 20:24:21.812 收到 Head 資訊 {Count 2} {Type C } 
[24448] 2016/01/22 20:24:21.813 收到 Head 資訊 {Count 2} {Type C } 
[24448] 2016/01/22 20:24:21.813 收到 Head 資訊 {Count 2} {Type C } 
[24448] 2016/01/22 20:24:21.814 收到 Head 資訊 {Count 2} {Type C } 
[24448] 2016/01/22 20:24:21.814 收到 Head 資訊 {Count 2} {Type C } 
[24448] 2016/01/22 20:24:21.815 收到 Head 資訊 {Count 2} {Type C } 
[24448] 2016/01/22 20:24:21.815 收到 Head 資訊 {Count 2} {Type C } 
[24448] 2016/01/22 20:24:21.816 收到 Head 資訊 {Count 2} {Type C } 
[24448] 2016/01/22 20:24:21.816 收到 Head 資訊 {Count 2} {Type C } 
[24448] 2016/01/22 20:24:21.817 收到 Head 資訊 {Count 2} {Type C } 
[24448] 2016/01/22 20:24:21.817 收到 Head 資訊 {Count 2} {Type C } 
[24448] 2016/01/22 20:24:21.817 收到 Head 資訊 {Count 2} {Type C } 
[24448] 2016/01/22 20:24:21.818 收到 Head 資訊 {Count 2} {Type C } 
[24448] 2016/01/22 20:24:21.818 收到 Head 資訊 {Count 2} {Type C } 
[24448] 2016/01/22 20:24:21.819 收到 Head 資訊 {Count 2} {Type C } 
[24448] 2016/01/22 20:24:21.820 收到 Head 資訊 {Count 2} {Type C } 
[24448] 2016/01/22 20:24:21.820 收到 Head 資訊 {Count 2} {Type C } 
[24448] 2016/01/22 20:24:21.821 收到 Head 資訊 {Count 2} {Type C } 
[24448] 2016/01/22 20:24:21.821 收到 Head 資訊 {Count 2} {Type C } 
[24448] 2016/01/22 20:24:21.822 收到 Head 資訊 {Count 2} {Type C } 
[24448] 2016/01/22 20:24:21.822 收到 Head 資訊 {Count 2} {Type C } 
[24448] 2016/01/22 20:24:21.823 收到 Head 資訊 {Count 2} {Type C } 
[24448] 2016/01/22 20:24:21.823 收到 Head 資訊 {Count 2} {Type C } 
[24448] 2016/01/22 20:24:21.824 收到 Head 資訊 {Count 2} {Type C } 
[24448] 2016/01/22 20:24:21.824 收到 Head 資訊 {Count 2} {Type C } 
[24448] 2016/01/22 20:24:21.825 收到 Head 資訊 {Count 2} {Type C } 
[24448] 2016/01/22 20:24:21.825 收到 Head 資訊 {Count 2} {Type C } 
[24448] 2016/01/22 20:24:21.826 收到 Head 資訊 {Count 2} {Type C } 
[24448] 2016/01/22 20:24:21.826 收到 Head 資訊 {Count 2} {Type C } 
[24448] 2016/01/22 20:24:21.827 收到 Head 資訊 {Count 2} {Type C } 
[24448] 2016/01/22 20:24:21.827 收到 Head 資訊 {Count 2} {Type C } 
[24448] 2016/01/22 20:24:21.828 收到 Head 資訊 {Count 2} {Type C } 
[24448] 2016/01/22 20:24:21.828 收到 Head 資訊 {Count 2} {Type C } 
[24448] 2016/01/22 20:24:21.828 收到 Head 資訊 {Count 2} {Type C } 
[24448] 2016/01/22 20:24:21.829 收到 Head 資訊 {Count 2} {Type C } 
[24448] 2016/01/22 20:24:21.829 收到 Head 資訊 {Count 2} {Type C } 
[24448] 2016/01/22 20:24:21.830 收到 Head 資訊 {Count 2} {Type C } 
[24448] 2016/01/22 20:24:21.830 收到 Head 資訊 {Count 2} {Type C } 
[24448] 2016/01/22 20:24:21.831 收到 Head 資訊 {Count 2} {Type C } 
[24448] 2016/01/22 20:24:21.831 收到 Head 資訊 {Count 2} {Type C } 
[24448] 2016/01/22 20:24:21.832 收到 Head 資訊 {Count 2} {Type C } 
[24448] 2016/01/22 20:24:21.832 收到 Head 資訊 {Count 2} {Type C } 
[24448] 2016/01/22 20:24:21.833 收到 Head 資訊 {Count 2} {Type C } 
[24448] 2016/01/22 20:24:21.834 收到 Head 資訊 {Count 2} {Type C } 
[24448] 2016/01/22 20:24:21.834 收到 Head 資訊 {Count 2} {Type C } 
[24448] 2016/01/22 20:24:21.835 收到 Head 資訊 {Count 2} {Type C } 
[24448] 2016/01/22 20:24:21.835 收到 Head 資訊 {Count 2} {Type C } 
[24448] 2016/01/22 20:24:21.836 收到 Head 資訊 {Count 2} {Type C } 
[24448] 2016/01/22 20:24:21.836 收到 Head 資訊 {Count 2} {Type C } 
[24448] 2016/01/22 20:24:21.837 收到 Head 資訊 {Count 2} {Type C } 
[24448] 2016/01/22 20:24:21.837 收到 Head 資訊 {Count 2} {Type C } 
[24448] 2016/01/22 20:24:21.838 收到 Head 資訊 {Count 2} {Type C } 
[24448] 2016/01/22 20:24:21.838 收到 Head 資訊 {Count 2} {Type C } 
[24448] 2016/01/22 20:24:21.839 收到 Head 資訊 {Count 2} {Type C } 
[24448] 2016/01/22 20:24:21.839 收到 Head 資訊 {Count 2} {Type C } 
[24448] 2016/01/22 20:24:21.840 收到 Head 資訊 {Count 2} {Type C } 
[24448] 2016/01/22 20:24:21.840 收到 Head 資訊 {Count 2} {Type C } 
[24448] 2016/01/22 20:24:21.841 收到 Head 資訊 {Count 2} {Type C } 
[24448] 2016/01/22 20:24:21.841 收到 Head 資訊 {Count 2} {Type C } 
[24448] 2016/01/22 20:24:21.842 收到 Head 資訊 {Count 2} {Type C } 
[24448] 2016/01/22 20:24:21.842 收到 Head 資訊 {Count 2} {Type C } 
[24448] 2016/01/22 20:24:21.843 收到 Head 資訊 {Count 2} {Type C } 
[24448] 2016/01/22 20:24:21.843 收到 Head 資訊 {Count 2} {Type C } 
[24448] 2016/01/22 20:24:21.843 收到 Head 資訊 {Count 2} {Type C } 
[24448] 2016/01/22 20:24:21.844 收到 Head 資訊 {Count 2} {Type C } 
[24448] 2016/01/22 20:24:21.844 收到 Head 資訊 {Count 2} {Type C } 
[24448] 2016/01/22 20:24:21.845 收到 Head 資訊 {Count 2} {Type C } 
[24448] 2016/01/22 20:24:21.845 收到 Head 資訊 {Count 2} {Type C } 
[24448] 2016/01/22 20:24:21.846 收到 Head 資訊 {Count 2} {Type C } 
[24448] 2016/01/22 20:24:21.846 收到 Head 資訊 {Count 2} {Type C } 
[24448] 2016/01/22 20:24:21.847 收到 Head 資訊 {Count 2} {Type C } 
[24448] 2016/01/22 20:24:21.847 收到 Head 資訊 {Count 2} {Type C } 
[24448] 2016/01/22 20:24:21.848 收到 Head 資訊 {Count 2} {Type C } 
[24448] 2016/01/22 20:24:21.848 收到 Head 資訊 {Count 2} {Type C } 
[24448] 2016/01/22 20:24:21.848 收到 Head 資訊 {Count 2} {Type C } 
[24448] 2016/01/22 20:24:21.849 收到 Head 資訊 {Count 2} {Type C } 
[24448] 2016/01/22 20:24:21.849 收到 Head 資訊 {Count 2} {Type C } 
[24448] 2016/01/22 20:24:21.850 收到 Head 資訊 {Count 2} {Type C } 
[24448] 2016/01/22 20:24:21.850 收到 Head 資訊 {Count 2} {Type C } 
[24448] 2016/01/22 20:24:21.851 收到 Head 資訊 {Count 2} {Type C } 
[24448] 2016/01/22 20:24:21.851 收到 Head 資訊 {Count 2} {Type C } 
[24448] 2016/01/22 20:24:21.852 收到 Head 資訊 {Count 2} {Type C } 
[24448] 2016/01/22 20:24:21.852 收到 Head 資訊 {Count 2} {Type C } 
[24448] 2016/01/22 20:24:21.853 收到 Head 資訊 {Count 2} {Type C } 
[24448] 2016/01/22 20:24:21.853 收到 Head 資訊 {Count 2} {Type C } 
[24448] 2016/01/22 20:24:21.853 收到 Head 資訊 {Count 2} {Type C } 
[24448] 2016/01/22 20:24:21.854 收到 Head 資訊 {Count 2} {Type C } 
[24448] 2016/01/22 20:24:21.855 收到 Head 資訊 {Count 2} {Type C } 
[24448] 2016/01/22 20:24:21.855 收到 Head 資訊 {Count 2} {Type C } 
[24448] 2016/01/22 20:24:21.856 收到 Head 資訊 {Count 2} {Type C } 
[24448] 2016/01/22 20:24:21.856 收到 Head 資訊 {Count 2} {Type C } 
[24448] 2016/01/22 20:24:21.857 收到 Head 資訊 {Count 2} {Type C } 
[24448] 2016/01/22 20:24:21.857 收到 Head 資訊 {Count 2} {Type C } 
[24448] 2016/01/22 20:24:21.857 收到 Head 資訊 {Count 2} {Type C } 
[24448] 2016/01/22 20:24:21.858 收到 Head 資訊 {Count 2} {Type C } 
[24448] 2016/01/22 20:24:21.858 收到 Head 資訊 {Count 2} {Type C } 
[24448] 2016/01/22 20:24:21.859 收到 Head 資訊 {Count 2} {Type C } 
[24448] 2016/01/22 20:24:21.859 收到 Head 資訊 {Count 2} {Type C } 
[24448] 2016/01/22 20:24:21.860 收到 Head 資訊 {Count 2} {Type C } 
[24448] 2016/01/22 20:24:21.860 收到 Head 資訊 {Count 2} {Type C } 
[24448] 2016/01/22 20:24:21.861 收到 Head 資訊 {Count 2} {Type C } 
[24448] 2016/01/22 20:24:21.861 收到 Head 資訊 {Count 2} {Type C } 
[24448] 2016/01/22 20:24:21.865 收到 Head 資訊 {Count 2} {Type C } 
[24448] 2016/01/22 20:24:21.866 收到 Head 資訊 {Count 2} {Type C } 
[24448] 2016/01/22 20:24:21.866 收到 Head 資訊 {Count 2} {Type C } 
[24448] 2016/01/22 20:24:21.867 收到 Head 資訊 {Count 2} {Type C } 
[24448] 2016/01/22 20:24:21.867 收到 Head 資訊 {Count 2} {Type C } 
[24448] 2016/01/22 20:24:21.868 收到 Head 資訊 {Count 2} {Type C } 
[24448] 2016/01/22 20:24:21.868 收到 Head 資訊 {Count 2} {Type C } 
[24448] 2016/01/22 20:24:21.868 收到 Head 資訊 {Count 2} {Type C } 
[24448] 2016/01/22 20:24:21.869 收到 Head 資訊 {Count 2} {Type C } 
[24448] 2016/01/22 20:24:21.870 收到 Head 資訊 {Count 2} {Type C } 
[24448] 2016/01/22 20:24:21.870 收到 Head 資訊 {Count 2} {Type C } 
[24448] 2016/01/22 20:24:21.871 收到 Head 資訊 {Count 2} {Type C } 
[24448] 2016/01/22 20:24:21.871 收到 Head 資訊 {Count 2} {Type C } 
[24448] 2016/01/22 20:24:21.872 收到 Head 資訊 {Count 2} {Type C } 
[24448] 2016/01/22 20:24:21.872 收到 Head 資訊 {Count 2} {Type C } 
[24448] 2016/01/22 20:24:21.872 收到 Head 資訊 {Count 2} {Type C } 
[24448] 2016/01/22 20:24:21.873 收到 Head 資訊 {Count 2} {Type C } 
[24448] 2016/01/22 20:24:21.873 收到 Head 資訊 {Count 2} {Type C } 
[24448] 2016/01/22 20:24:21.874 收到 Head 資訊 {Count 2} {Type C } 
[24448] 2016/01/22 20:24:21.874 收到 Head 資訊 {Count 2} {Type C } 
[24448] 2016/01/22 20:24:21.875 收到 Head 資訊 {Count 2} {Type C } 
[24448] 2016/01/22 20:24:21.875 收到 Head 資訊 {Count 2} {Type C } 
[24448] 2016/01/22 20:24:21.876 收到 Head 資訊 {Count 2} {Type C } 
[24448] 2016/01/22 20:24:21.876 收到 Head 資訊 {Count 2} {Type C } 
[24448] 2016/01/22 20:24:21.877 收到 Head 資訊 {Count 2} {Type C } 
[24448] 2016/01/22 20:24:21.877 收到 Head 資訊 {Count 2} {Type C } 
[24448] 2016/01/22 20:24:21.877 收到 Head 資訊 {Count 2} {Type C } 
[24448] 2016/01/22 20:24:21.878 收到 Head 資訊 {Count 2} {Type C } 
[24448] 2016/01/22 20:24:21.878 收到 Head 資訊 {Count 2} {Type C } 
[24448] 2016/01/22 20:24:21.879 收到 Head 資訊 {Count 2} {Type B } 
[24448] 2016/01/22 20:25:20.257 連線確認 R122455031 (21,21)
[29488] 2016/01/22 21:51:21.315 API InitInstance 
[29488] 2016/01/22 21:51:23.014 R220088490 連線 Code：0
[29488] 2016/01/22 21:51:24.021 收到 Head 資訊 {Count 2} {Type C } 
[29488] 2016/01/22 21:51:24.023 收到 Head 資訊 {Count 2} {Type C } 
[29488] 2016/01/22 21:51:24.025 收到 Head 資訊 {Count 2} {Type C } 
[29488] 2016/01/22 21:51:24.026 收到 Head 資訊 {Count 2} {Type C } 
[29488] 2016/01/22 21:51:24.027 收到 Head 資訊 {Count 2} {Type C } 
[29488] 2016/01/22 21:51:24.028 收到 Head 資訊 {Count 2} {Type C } 
[29488] 2016/01/22 21:51:24.028 收到 Head 資訊 {Count 2} {Type C } 
[29488] 2016/01/22 21:51:24.029 收到 Head 資訊 {Count 2} {Type C } 
[29488] 2016/01/22 21:51:24.030 收到 Head 資訊 {Count 2} {Type C } 
[29488] 2016/01/22 21:51:24.031 收到 Head 資訊 {Count 2} {Type C } 
[29488] 2016/01/22 21:51:24.032 收到 Head 資訊 {Count 2} {Type C } 
[29488] 2016/01/22 21:51:24.033 收到 Head 資訊 {Count 2} {Type C } 
[29488] 2016/01/22 21:51:24.034 收到 Head 資訊 {Count 2} {Type C } 
[29488] 2016/01/22 21:51:24.035 收到 Head 資訊 {Count 2} {Type C } 
[29488] 2016/01/22 21:51:24.036 收到 Head 資訊 {Count 2} {Type C } 
[29488] 2016/01/22 21:51:24.037 收到 Head 資訊 {Count 2} {Type C } 
[29488] 2016/01/22 21:51:24.038 收到 Head 資訊 {Count 2} {Type C } 
[29488] 2016/01/22 21:51:24.039 收到 Head 資訊 {Count 2} {Type C } 
[29488] 2016/01/22 21:51:24.040 收到 Head 資訊 {Count 2} {Type C } 
[29488] 2016/01/22 21:51:24.041 收到 Head 資訊 {Count 2} {Type C } 
[29488] 2016/01/22 21:51:24.042 收到 Head 資訊 {Count 2} {Type C } 
[29488] 2016/01/22 21:51:24.043 收到 Head 資訊 {Count 2} {Type C } 
[29488] 2016/01/22 21:51:24.044 收到 Head 資訊 {Count 2} {Type C } 
[29488] 2016/01/22 21:51:24.045 收到 Head 資訊 {Count 2} {Type C } 
[29488] 2016/01/22 21:51:24.046 收到 Head 資訊 {Count 2} {Type C } 
[29488] 2016/01/22 21:51:24.047 收到 Head 資訊 {Count 2} {Type C } 
[29488] 2016/01/22 21:51:24.047 收到 Head 資訊 {Count 2} {Type C } 
[29488] 2016/01/22 21:51:24.048 收到 Head 資訊 {Count 2} {Type C } 
[29488] 2016/01/22 21:51:24.048 收到 Head 資訊 {Count 2} {Type C } 
[29488] 2016/01/22 21:51:24.049 收到 Head 資訊 {Count 2} {Type C } 
[29488] 2016/01/22 21:51:24.049 收到 Head 資訊 {Count 2} {Type C } 
[29488] 2016/01/22 21:51:24.050 收到 Head 資訊 {Count 2} {Type C } 
[29488] 2016/01/22 21:51:24.050 收到 Head 資訊 {Count 2} {Type C } 
[29488] 2016/01/22 21:51:24.051 收到 Head 資訊 {Count 2} {Type C } 
[29488] 2016/01/22 21:51:24.051 收到 Head 資訊 {Count 2} {Type C } 
[29488] 2016/01/22 21:51:24.052 收到 Head 資訊 {Count 2} {Type C } 
[29488] 2016/01/22 21:51:24.052 收到 Head 資訊 {Count 2} {Type C } 
[29488] 2016/01/22 21:51:24.053 收到 Head 資訊 {Count 2} {Type C } 
[29488] 2016/01/22 21:51:24.053 收到 Head 資訊 {Count 2} {Type C } 
[29488] 2016/01/22 21:51:24.054 收到 Head 資訊 {Count 2} {Type C } 
[29488] 2016/01/22 21:51:24.054 收到 Head 資訊 {Count 2} {Type C } 
[29488] 2016/01/22 21:51:24.055 收到 Head 資訊 {Count 2} {Type C } 
[29488] 2016/01/22 21:51:24.055 收到 Head 資訊 {Count 2} {Type C } 
[29488] 2016/01/22 21:51:24.056 收到 Head 資訊 {Count 2} {Type C } 
[29488] 2016/01/22 21:51:24.056 收到 Head 資訊 {Count 2} {Type C } 
[29488] 2016/01/22 21:51:24.057 收到 Head 資訊 {Count 2} {Type C } 
[29488] 2016/01/22 21:51:24.057 收到 Head 資訊 {Count 2} {Type C } 
[29488] 2016/01/22 21:51:24.058 收到 Head 資訊 {Count 2} {Type C } 
[29488] 2016/01/22 21:51:24.058 收到 Head 資訊 {Count 2} {Type C } 
[29488] 2016/01/22 21:51:24.059 收到 Head 資訊 {Count 2} {Type C } 
[29488] 2016/01/22 21:51:24.059 收到 Head 資訊 {Count 2} {Type C } 
[29488] 2016/01/22 21:51:24.059 收到 Head 資訊 {Count 2} {Type C } 
[29488] 2016/01/22 21:51:24.060 收到 Head 資訊 {Count 2} {Type C } 
[29488] 2016/01/22 21:51:24.094 收到 Head 資訊 {Count 2} {Type C } 
[29488] 2016/01/22 21:51:24.108 收到 Head 資訊 {Count 2} {Type C } 
[29488] 2016/01/22 21:51:24.181 收到 Head 資訊 {Count 2} {Type C } 
[29488] 2016/01/22 21:51:24.181 收到 Head 資訊 {Count 2} {Type C } 
[29488] 2016/01/22 21:51:24.399 收到 Head 資訊 {Count 2} {Type C } 
[29488] 2016/01/22 21:51:24.400 收到 Head 資訊 {Count 2} {Type C } 
[29488] 2016/01/22 21:51:24.793 收到 Head 資訊 {Count 2} {Type C } 
[29488] 2016/01/22 21:51:24.794 收到 Head 資訊 {Count 2} {Type C } 
[29488] 2016/01/22 21:51:24.852 收到 Head 資訊 {Count 2} {Type C } 
[29488] 2016/01/22 21:51:24.852 收到 Head 資訊 {Count 2} {Type C } 
[29488] 2016/01/22 21:51:24.853 收到 Head 資訊 {Count 2} {Type C } 
[29488] 2016/01/22 21:51:24.854 收到 Head 資訊 {Count 2} {Type C } 
[29488] 2016/01/22 21:51:26.014 收到 Head 資訊 {Count 2} {Type C } 
[29488] 2016/01/22 21:51:26.014 收到 Head 資訊 {Count 2} {Type C } 
[29488] 2016/01/22 21:51:26.015 收到 Head 資訊 {Count 2} {Type C } 
[29488] 2016/01/22 21:51:26.015 收到 Head 資訊 {Count 2} {Type C } 
[29488] 2016/01/22 21:51:26.288 收到 Head 資訊 {Count 2} {Type C } 
[29488] 2016/01/22 21:51:26.289 收到 Head 資訊 {Count 2} {Type C } 
[29488] 2016/01/22 21:51:26.556 收到 Head 資訊 {Count 2} {Type C } 
[29488] 2016/01/22 21:51:26.557 收到 Head 資訊 {Count 2} {Type C } 
[29488] 2016/01/22 21:51:26.777 收到 Head 資訊 {Count 2} {Type C } 
[29488] 2016/01/22 21:51:26.778 收到 Head 資訊 {Count 2} {Type C } 
[29488] 2016/01/22 21:51:26.822 收到 Head 資訊 {Count 2} {Type C } 
[29488] 2016/01/22 21:51:26.823 收到 Head 資訊 {Count 2} {Type C } 
[29488] 2016/01/22 21:51:26.823 收到 Head 資訊 {Count 2} {Type C } 
[29488] 2016/01/22 21:51:26.824 收到 Head 資訊 {Count 2} {Type C } 
[29488] 2016/01/22 21:51:26.824 收到 Head 資訊 {Count 2} {Type C } 
[29488] 2016/01/22 21:51:26.825 收到 Head 資訊 {Count 2} {Type C } 
[29488] 2016/01/22 21:51:26.825 收到 Head 資訊 {Count 2} {Type C } 
[29488] 2016/01/22 21:51:26.826 收到 Head 資訊 {Count 2} {Type C } 
[29488] 2016/01/22 21:51:26.827 收到 Head 資訊 {Count 2} {Type C } 
[29488] 2016/01/22 21:51:26.827 收到 Head 資訊 {Count 2} {Type C } 
[29488] 2016/01/22 21:51:26.828 收到 Head 資訊 {Count 2} {Type C } 
[29488] 2016/01/22 21:51:26.828 收到 Head 資訊 {Count 2} {Type C } 
[29488] 2016/01/22 21:51:26.829 收到 Head 資訊 {Count 2} {Type C } 
[29488] 2016/01/22 21:51:26.829 收到 Head 資訊 {Count 2} {Type C } 
[29488] 2016/01/22 21:51:26.830 收到 Head 資訊 {Count 2} {Type C } 
[29488] 2016/01/22 21:51:26.830 收到 Head 資訊 {Count 2} {Type C } 
[29488] 2016/01/22 21:51:26.830 收到 Head 資訊 {Count 2} {Type D } 
[29488] 2016/01/22 21:51:26.831 收到 Head 資訊 {Count 2} {Type D } 
[29488] 2016/01/22 21:51:26.831 收到 Head 資訊 {Count 2} {Type C } 
[29488] 2016/01/22 21:51:26.832 收到 Head 資訊 {Count 2} {Type C } 
[29488] 2016/01/22 21:51:26.832 收到 Head 資訊 {Count 2} {Type C } 
[29488] 2016/01/22 21:51:26.833 收到 Head 資訊 {Count 2} {Type C } 
[29488] 2016/01/22 21:51:26.833 收到 Head 資訊 {Count 2} {Type C } 
[29488] 2016/01/22 21:51:26.834 收到 Head 資訊 {Count 2} {Type C } 
[29488] 2016/01/22 21:51:26.834 收到 Head 資訊 {Count 2} {Type C } 
[29488] 2016/01/22 21:51:26.835 收到 Head 資訊 {Count 2} {Type C } 
[29488] 2016/01/22 21:51:26.835 收到 Head 資訊 {Count 2} {Type C } 
[29488] 2016/01/22 21:51:26.836 收到 Head 資訊 {Count 2} {Type C } 
[29488] 2016/01/22 21:51:26.836 收到 Head 資訊 {Count 2} {Type C } 
[29488] 2016/01/22 21:51:26.837 收到 Head 資訊 {Count 2} {Type C } 
[29488] 2016/01/22 21:51:26.837 收到 Head 資訊 {Count 2} {Type C } 
[29488] 2016/01/22 21:51:26.838 收到 Head 資訊 {Count 2} {Type C } 
[29488] 2016/01/22 21:51:26.838 收到 Head 資訊 {Count 2} {Type C } 
[29488] 2016/01/22 21:51:26.839 收到 Head 資訊 {Count 2} {Type C } 
[29488] 2016/01/22 21:51:26.839 收到 Head 資訊 {Count 2} {Type C } 
[29488] 2016/01/22 21:51:26.840 收到 Head 資訊 {Count 2} {Type C } 
[29488] 2016/01/22 21:51:26.841 收到 Head 資訊 {Count 2} {Type C } 
[29488] 2016/01/22 21:51:26.841 收到 Head 資訊 {Count 2} {Type C } 
[29488] 2016/01/22 21:51:26.842 收到 Head 資訊 {Count 2} {Type C } 
[29488] 2016/01/22 21:51:26.842 收到 Head 資訊 {Count 2} {Type C } 
[29488] 2016/01/22 21:51:26.843 收到 Head 資訊 {Count 2} {Type C } 
[29488] 2016/01/22 21:51:26.843 收到 Head 資訊 {Count 2} {Type C } 
[29488] 2016/01/22 21:51:26.844 收到 Head 資訊 {Count 2} {Type C } 
[29488] 2016/01/22 21:51:26.844 收到 Head 資訊 {Count 2} {Type C } 
[29488] 2016/01/22 21:51:26.845 收到 Head 資訊 {Count 2} {Type C } 
[29488] 2016/01/22 21:51:26.845 收到 Head 資訊 {Count 2} {Type C } 
[29488] 2016/01/22 21:51:26.846 收到 Head 資訊 {Count 2} {Type C } 
[29488] 2016/01/22 21:51:26.846 收到 Head 資訊 {Count 2} {Type C } 
[29488] 2016/01/22 21:51:26.847 收到 Head 資訊 {Count 2} {Type C } 
[29488] 2016/01/22 21:51:26.847 收到 Head 資訊 {Count 2} {Type C } 
[29488] 2016/01/22 21:51:26.847 收到 Head 資訊 {Count 2} {Type C } 
[29488] 2016/01/22 21:51:26.848 收到 Head 資訊 {Count 2} {Type C } 
[29488] 2016/01/22 21:51:26.848 收到 Head 資訊 {Count 2} {Type C } 
[29488] 2016/01/22 21:51:26.849 收到 Head 資訊 {Count 2} {Type C } 
[29488] 2016/01/22 21:51:26.849 收到 Head 資訊 {Count 2} {Type C } 
[29488] 2016/01/22 21:51:26.850 收到 Head 資訊 {Count 2} {Type C } 
[29488] 2016/01/22 21:51:26.850 收到 Head 資訊 {Count 2} {Type C } 
[29488] 2016/01/22 21:51:26.851 收到 Head 資訊 {Count 2} {Type C } 
[29488] 2016/01/22 21:51:26.851 收到 Head 資訊 {Count 2} {Type C } 
[29488] 2016/01/22 21:51:26.852 收到 Head 資訊 {Count 2} {Type C } 
[29488] 2016/01/22 21:51:26.852 收到 Head 資訊 {Count 2} {Type C } 
[29488] 2016/01/22 21:51:26.853 收到 Head 資訊 {Count 2} {Type C } 
[29488] 2016/01/22 21:51:26.853 收到 Head 資訊 {Count 2} {Type C } 
[29488] 2016/01/22 21:51:26.854 收到 Head 資訊 {Count 2} {Type C } 
[29488] 2016/01/22 21:51:26.854 收到 Head 資訊 {Count 2} {Type C } 
[29488] 2016/01/22 21:51:26.855 收到 Head 資訊 {Count 2} {Type C } 
[29488] 2016/01/22 21:51:26.856 收到 Head 資訊 {Count 2} {Type C } 
[29488] 2016/01/22 21:51:26.856 收到 Head 資訊 {Count 2} {Type C } 
[29488] 2016/01/22 21:51:26.857 收到 Head 資訊 {Count 2} {Type C } 
[29488] 2016/01/22 21:51:26.857 收到 Head 資訊 {Count 2} {Type C } 
[29488] 2016/01/22 21:51:26.858 收到 Head 資訊 {Count 2} {Type C } 
[29488] 2016/01/22 21:51:26.858 收到 Head 資訊 {Count 2} {Type C } 
[29488] 2016/01/22 21:51:26.859 收到 Head 資訊 {Count 2} {Type C } 
[29488] 2016/01/22 21:51:26.859 收到 Head 資訊 {Count 2} {Type C } 
[29488] 2016/01/22 21:51:26.860 收到 Head 資訊 {Count 2} {Type C } 
[29488] 2016/01/22 21:51:26.860 收到 Head 資訊 {Count 2} {Type C } 
[29488] 2016/01/22 21:51:26.861 收到 Head 資訊 {Count 2} {Type C } 
[29488] 2016/01/22 21:51:26.861 收到 Head 資訊 {Count 2} {Type C } 
[29488] 2016/01/22 21:51:26.862 收到 Head 資訊 {Count 2} {Type C } 
[29488] 2016/01/22 21:51:26.862 收到 Head 資訊 {Count 2} {Type C } 
[29488] 2016/01/22 21:51:26.863 收到 Head 資訊 {Count 2} {Type C } 
[29488] 2016/01/22 21:51:26.863 收到 Head 資訊 {Count 2} {Type C } 
[29488] 2016/01/22 21:51:26.864 收到 Head 資訊 {Count 2} {Type C } 
[29488] 2016/01/22 21:51:26.864 收到 Head 資訊 {Count 2} {Type C } 
[29488] 2016/01/22 21:51:26.865 收到 Head 資訊 {Count 2} {Type C } 
[29488] 2016/01/22 21:51:26.865 收到 Head 資訊 {Count 2} {Type C } 
[29488] 2016/01/22 21:51:26.866 收到 Head 資訊 {Count 2} {Type C } 
[29488] 2016/01/22 21:51:26.866 收到 Head 資訊 {Count 2} {Type C } 
[29488] 2016/01/22 21:51:26.867 收到 Head 資訊 {Count 2} {Type C } 
[29488] 2016/01/22 21:51:26.867 收到 Head 資訊 {Count 2} {Type C } 
[29488] 2016/01/22 21:51:26.868 收到 Head 資訊 {Count 2} {Type C } 
[29488] 2016/01/22 21:51:26.868 收到 Head 資訊 {Count 2} {Type C } 
[29488] 2016/01/22 21:51:26.869 收到 Head 資訊 {Count 2} {Type C } 
[29488] 2016/01/22 21:51:26.869 收到 Head 資訊 {Count 2} {Type C } 
[29488] 2016/01/22 21:51:26.870 收到 Head 資訊 {Count 2} {Type C } 
[29488] 2016/01/22 21:51:26.870 收到 Head 資訊 {Count 2} {Type C } 
[29488] 2016/01/22 21:51:26.871 收到 Head 資訊 {Count 2} {Type C } 
[29488] 2016/01/22 21:51:26.871 收到 Head 資訊 {Count 2} {Type C } 
[29488] 2016/01/22 21:51:26.872 收到 Head 資訊 {Count 2} {Type C } 
[29488] 2016/01/22 21:51:26.872 收到 Head 資訊 {Count 2} {Type C } 
[29488] 2016/01/22 21:51:26.873 收到 Head 資訊 {Count 2} {Type C } 
[29488] 2016/01/22 21:51:26.873 收到 Head 資訊 {Count 2} {Type C } 
[29488] 2016/01/22 21:51:26.874 收到 Head 資訊 {Count 2} {Type C } 
[29488] 2016/01/22 21:51:26.874 收到 Head 資訊 {Count 2} {Type C } 
[29488] 2016/01/22 21:51:26.875 收到 Head 資訊 {Count 2} {Type C } 
[29488] 2016/01/22 21:51:26.875 收到 Head 資訊 {Count 2} {Type C } 
[29488] 2016/01/22 21:51:26.876 收到 Head 資訊 {Count 2} {Type C } 
[29488] 2016/01/22 21:51:26.876 收到 Head 資訊 {Count 2} {Type C } 
[29488] 2016/01/22 21:51:26.877 收到 Head 資訊 {Count 2} {Type C } 
[29488] 2016/01/22 21:51:26.877 收到 Head 資訊 {Count 2} {Type C } 
[29488] 2016/01/22 21:51:26.878 收到 Head 資訊 {Count 2} {Type C } 
[29488] 2016/01/22 21:51:26.878 收到 Head 資訊 {Count 2} {Type C } 
[29488] 2016/01/22 21:51:26.879 收到 Head 資訊 {Count 2} {Type C } 
[29488] 2016/01/22 21:51:26.879 收到 Head 資訊 {Count 2} {Type C } 
[29488] 2016/01/22 21:51:26.880 收到 Head 資訊 {Count 2} {Type C } 
[29488] 2016/01/22 21:51:26.880 收到 Head 資訊 {Count 2} {Type C } 
[29488] 2016/01/22 21:51:26.881 收到 Head 資訊 {Count 2} {Type C } 
[29488] 2016/01/22 21:51:26.881 收到 Head 資訊 {Count 2} {Type C } 
[29488] 2016/01/22 21:51:26.882 收到 Head 資訊 {Count 2} {Type C } 
[29488] 2016/01/22 21:51:26.882 收到 Head 資訊 {Count 2} {Type C } 
[29488] 2016/01/22 21:51:26.883 收到 Head 資訊 {Count 2} {Type C } 
[29488] 2016/01/22 21:51:26.883 收到 Head 資訊 {Count 2} {Type C } 
[29488] 2016/01/22 21:51:26.884 收到 Head 資訊 {Count 2} {Type C } 
[29488] 2016/01/22 21:51:26.884 收到 Head 資訊 {Count 2} {Type C } 
[29488] 2016/01/22 21:51:26.885 收到 Head 資訊 {Count 2} {Type C } 
[29488] 2016/01/22 21:51:26.886 收到 Head 資訊 {Count 2} {Type C } 
[29488] 2016/01/22 21:51:26.886 收到 Head 資訊 {Count 2} {Type C } 
[29488] 2016/01/22 21:51:26.887 收到 Head 資訊 {Count 2} {Type C } 
[29488] 2016/01/22 21:51:26.887 收到 Head 資訊 {Count 2} {Type C } 
[29488] 2016/01/22 21:51:26.888 收到 Head 資訊 {Count 2} {Type C } 
[29488] 2016/01/22 21:51:26.889 收到 Head 資訊 {Count 2} {Type C } 
[29488] 2016/01/22 21:51:26.889 收到 Head 資訊 {Count 2} {Type C } 
[29488] 2016/01/22 21:51:26.890 收到 Head 資訊 {Count 2} {Type C } 
[29488] 2016/01/22 21:51:26.890 收到 Head 資訊 {Count 2} {Type C } 
[29488] 2016/01/22 21:51:26.891 收到 Head 資訊 {Count 2} {Type C } 
[29488] 2016/01/22 21:51:26.891 收到 Head 資訊 {Count 2} {Type C } 
[29488] 2016/01/22 21:51:26.892 收到 Head 資訊 {Count 2} {Type C } 
[29488] 2016/01/22 21:51:26.892 收到 Head 資訊 {Count 2} {Type C } 
[29488] 2016/01/22 21:51:26.893 收到 Head 資訊 {Count 2} {Type C } 
[29488] 2016/01/22 21:51:26.893 收到 Head 資訊 {Count 2} {Type C } 
[29488] 2016/01/22 21:51:26.894 收到 Head 資訊 {Count 2} {Type C } 
[29488] 2016/01/22 21:51:26.894 收到 Head 資訊 {Count 2} {Type C } 
[29488] 2016/01/22 21:51:26.895 收到 Head 資訊 {Count 2} {Type C } 
[29488] 2016/01/22 21:51:26.895 收到 Head 資訊 {Count 2} {Type C } 
[29488] 2016/01/22 21:51:26.896 收到 Head 資訊 {Count 2} {Type C } 
[29488] 2016/01/22 21:51:26.896 收到 Head 資訊 {Count 2} {Type C } 
[29488] 2016/01/22 21:51:26.897 收到 Head 資訊 {Count 2} {Type C } 
[29488] 2016/01/22 21:51:26.898 收到 Head 資訊 {Count 2} {Type C } 
[29488] 2016/01/22 21:51:26.898 收到 Head 資訊 {Count 2} {Type C } 
[29488] 2016/01/22 21:51:26.899 收到 Head 資訊 {Count 2} {Type C } 
[29488] 2016/01/22 21:51:26.899 收到 Head 資訊 {Count 2} {Type C } 
[29488] 2016/01/22 21:51:26.900 收到 Head 資訊 {Count 2} {Type C } 
[29488] 2016/01/22 21:51:26.900 收到 Head 資訊 {Count 2} {Type C } 
[29488] 2016/01/22 21:51:26.901 收到 Head 資訊 {Count 2} {Type C } 
[29488] 2016/01/22 21:51:26.902 收到 Head 資訊 {Count 2} {Type C } 
[29488] 2016/01/22 21:51:26.902 收到 Head 資訊 {Count 2} {Type C } 
[29488] 2016/01/22 21:51:26.903 收到 Head 資訊 {Count 2} {Type C } 
[29488] 2016/01/22 21:51:26.903 收到 Head 資訊 {Count 2} {Type C } 
[29488] 2016/01/22 21:51:26.904 收到 Head 資訊 {Count 2} {Type C } 
[29488] 2016/01/22 21:51:26.904 收到 Head 資訊 {Count 2} {Type C } 
[29488] 2016/01/22 21:51:26.905 收到 Head 資訊 {Count 2} {Type C } 
[29488] 2016/01/22 21:51:26.905 收到 Head 資訊 {Count 2} {Type C } 
[29488] 2016/01/22 21:51:26.906 收到 Head 資訊 {Count 2} {Type C } 
[29488] 2016/01/22 21:51:26.906 收到 Head 資訊 {Count 2} {Type C } 
[29488] 2016/01/22 21:51:26.907 收到 Head 資訊 {Count 2} {Type C } 
[29488] 2016/01/22 21:51:26.908 收到 Head 資訊 {Count 2} {Type C } 
[29488] 2016/01/22 21:51:26.908 收到 Head 資訊 {Count 2} {Type C } 
[29488] 2016/01/22 21:51:26.909 收到 Head 資訊 {Count 2} {Type C } 
[29488] 2016/01/22 21:51:26.909 收到 Head 資訊 {Count 2} {Type C } 
[29488] 2016/01/22 21:51:26.910 收到 Head 資訊 {Count 2} {Type C } 
[29488] 2016/01/22 21:51:26.910 收到 Head 資訊 {Count 2} {Type C } 
[29488] 2016/01/22 21:51:26.911 收到 Head 資訊 {Count 2} {Type C } 
[29488] 2016/01/22 21:51:26.912 收到 Head 資訊 {Count 2} {Type C } 
[29488] 2016/01/22 21:51:26.912 收到 Head 資訊 {Count 2} {Type C } 
[29488] 2016/01/22 21:51:26.913 收到 Head 資訊 {Count 2} {Type C } 
[29488] 2016/01/22 21:51:26.914 收到 Head 資訊 {Count 2} {Type C } 
[29488] 2016/01/22 21:51:26.915 收到 Head 資訊 {Count 2} {Type C } 
[29488] 2016/01/22 21:51:26.916 收到 Head 資訊 {Count 2} {Type C } 
[29488] 2016/01/22 21:51:26.916 收到 Head 資訊 {Count 2} {Type C } 
[29488] 2016/01/22 21:51:26.917 收到 Head 資訊 {Count 2} {Type C } 
[29488] 2016/01/22 21:51:26.917 收到 Head 資訊 {Count 2} {Type C } 
[29488] 2016/01/22 21:51:26.918 收到 Head 資訊 {Count 2} {Type C } 
[29488] 2016/01/22 21:51:26.919 收到 Head 資訊 {Count 2} {Type C } 
[29488] 2016/01/22 21:51:26.920 收到 Head 資訊 {Count 2} {Type C } 
[29488] 2016/01/22 21:51:26.920 收到 Head 資訊 {Count 2} {Type C } 
[29488] 2016/01/22 21:51:26.921 收到 Head 資訊 {Count 2} {Type C } 
[29488] 2016/01/22 21:51:26.921 收到 Head 資訊 {Count 2} {Type C } 
[29488] 2016/01/22 21:51:26.922 收到 Head 資訊 {Count 2} {Type C } 
[29488] 2016/01/22 21:51:26.922 收到 Head 資訊 {Count 2} {Type C } 
[29488] 2016/01/22 21:51:26.923 收到 Head 資訊 {Count 2} {Type C } 
[29488] 2016/01/22 21:51:26.923 收到 Head 資訊 {Count 2} {Type C } 
[29488] 2016/01/22 21:51:26.924 收到 Head 資訊 {Count 2} {Type C } 
[29488] 2016/01/22 21:51:26.924 收到 Head 資訊 {Count 2} {Type C } 
[29488] 2016/01/22 21:51:26.925 收到 Head 資訊 {Count 2} {Type C } 
[29488] 2016/01/22 21:51:26.925 收到 Head 資訊 {Count 2} {Type C } 
[29488] 2016/01/22 21:51:26.926 收到 Head 資訊 {Count 2} {Type C } 
[29488] 2016/01/22 21:51:26.926 收到 Head 資訊 {Count 2} {Type C } 
[29488] 2016/01/22 21:51:26.927 收到 Head 資訊 {Count 2} {Type C } 
[29488] 2016/01/22 21:51:26.927 收到 Head 資訊 {Count 2} {Type C } 
[29488] 2016/01/22 21:51:26.928 收到 Head 資訊 {Count 2} {Type C } 
[29488] 2016/01/22 21:51:26.928 收到 Head 資訊 {Count 2} {Type C } 
[29488] 2016/01/22 21:51:26.929 收到 Head 資訊 {Count 2} {Type C } 
[29488] 2016/01/22 21:51:26.929 收到 Head 資訊 {Count 2} {Type C } 
[29488] 2016/01/22 21:51:26.930 收到 Head 資訊 {Count 2} {Type C } 
[29488] 2016/01/22 21:51:26.931 收到 Head 資訊 {Count 2} {Type C } 
[29488] 2016/01/22 21:51:26.931 收到 Head 資訊 {Count 2} {Type C } 
[29488] 2016/01/22 21:51:26.932 收到 Head 資訊 {Count 2} {Type C } 
[29488] 2016/01/22 21:51:26.933 收到 Head 資訊 {Count 2} {Type C } 
[29488] 2016/01/22 21:51:26.933 收到 Head 資訊 {Count 2} {Type C } 
[29488] 2016/01/22 21:51:26.934 收到 Head 資訊 {Count 2} {Type C } 
[29488] 2016/01/22 21:51:26.934 收到 Head 資訊 {Count 2} {Type C } 
[29488] 2016/01/22 21:51:26.935 收到 Head 資訊 {Count 2} {Type C } 
[29488] 2016/01/22 21:51:26.935 收到 Head 資訊 {Count 2} {Type C } 
[29488] 2016/01/22 21:51:26.936 收到 Head 資訊 {Count 2} {Type C } 
[29488] 2016/01/22 21:51:26.936 收到 Head 資訊 {Count 2} {Type C } 
[29488] 2016/01/22 21:51:26.937 收到 Head 資訊 {Count 2} {Type C } 
[29488] 2016/01/22 21:51:26.937 收到 Head 資訊 {Count 2} {Type C } 
[29488] 2016/01/22 21:51:26.938 收到 Head 資訊 {Count 2} {Type C } 
[29488] 2016/01/22 21:51:26.938 收到 Head 資訊 {Count 2} {Type C } 
[29488] 2016/01/22 21:51:26.939 收到 Head 資訊 {Count 2} {Type C } 
[29488] 2016/01/22 21:51:26.939 收到 Head 資訊 {Count 2} {Type C } 
[29488] 2016/01/22 21:51:26.939 收到 Head 資訊 {Count 2} {Type C } 
[29488] 2016/01/22 21:51:26.940 收到 Head 資訊 {Count 2} {Type C } 
[29488] 2016/01/22 21:51:26.940 收到 Head 資訊 {Count 2} {Type C } 
[29488] 2016/01/22 21:51:26.941 收到 Head 資訊 {Count 2} {Type C } 
[29488] 2016/01/22 21:51:26.941 收到 Head 資訊 {Count 2} {Type C } 
[29488] 2016/01/22 21:51:26.942 收到 Head 資訊 {Count 2} {Type C } 
[29488] 2016/01/22 21:51:26.942 收到 Head 資訊 {Count 2} {Type C } 
[29488] 2016/01/22 21:51:26.943 收到 Head 資訊 {Count 2} {Type C } 
[29488] 2016/01/22 21:51:26.943 收到 Head 資訊 {Count 2} {Type C } 
[29488] 2016/01/22 21:51:26.944 收到 Head 資訊 {Count 2} {Type C } 
[29488] 2016/01/22 21:51:26.945 收到 Head 資訊 {Count 2} {Type C } 
[29488] 2016/01/22 21:51:26.945 收到 Head 資訊 {Count 2} {Type C } 
[29488] 2016/01/22 21:51:26.946 收到 Head 資訊 {Count 2} {Type C } 
[29488] 2016/01/22 21:51:26.946 收到 Head 資訊 {Count 2} {Type C } 
[29488] 2016/01/22 21:51:26.947 收到 Head 資訊 {Count 2} {Type C } 
[29488] 2016/01/22 21:51:26.947 收到 Head 資訊 {Count 2} {Type C } 
[29488] 2016/01/22 21:51:26.948 收到 Head 資訊 {Count 2} {Type C } 
[29488] 2016/01/22 21:51:26.948 收到 Head 資訊 {Count 2} {Type C } 
[29488] 2016/01/22 21:51:26.949 收到 Head 資訊 {Count 2} {Type C } 
[29488] 2016/01/22 21:51:26.949 收到 Head 資訊 {Count 2} {Type C } 
[29488] 2016/01/22 21:51:26.950 收到 Head 資訊 {Count 2} {Type C } 
[29488] 2016/01/22 21:51:26.950 收到 Head 資訊 {Count 2} {Type B } 
[23848] 2016/01/22 21:51:52.548 API InitInstance 
[23848] 2016/01/22 21:51:54.198 R122455031 連線 Code：0
[23848] 2016/01/22 21:51:55.203 收到 Head 資訊 {Count 2} {Type A } 
[23848] 2016/01/22 21:51:55.204 0501224002433TFNNF0200003902196BYRTW     FITX   201602                    n0C91+007719000                                                        0001    00000001201601220845110000000000000000037s
[23848] 2016/01/22 21:51:55.207 收到 Head 資訊 {Count 2} {Type A } 
[23848] 2016/01/22 21:51:55.209 0501224002434TFNNF0200003902196SYRTW     FITX   201602                    n0C92+007741000                                                        0001    00000001201601220845110000000000000000037s
[23848] 2016/01/22 21:51:55.211 收到 Head 資訊 {Count 2} {Type A } 
[23848] 2016/01/22 21:51:55.211 0501224002434TFDNF0200003902196S00TW     FITX   201602                    n0C92+07741000                                                         0001            201601220845130000008600000000037s
[23848] 2016/01/22 21:51:55.214 收到 Head 資訊 {Count 2} {Type A } 
[23848] 2016/01/22 21:51:55.214 0501224002433TFDNF0200003902196B00TW     FITX   201602                    n0C91+07719000                                                         0001            201601220852100000016400000000037s
[23848] 2016/01/22 21:51:55.216 收到 Head 資訊 {Count 2} {Type C } 
[23848] 2016/01/22 21:51:55.216 收到 Head 資訊 {Count 2} {Type C } 
[23848] 2016/01/22 21:51:55.217 收到 Head 資訊 {Count 2} {Type C } 
[23848] 2016/01/22 21:51:55.217 收到 Head 資訊 {Count 2} {Type C } 
[23848] 2016/01/22 21:51:55.217 收到 Head 資訊 {Count 2} {Type C } 
[23848] 2016/01/22 21:51:55.218 收到 Head 資訊 {Count 2} {Type C } 
[23848] 2016/01/22 21:51:55.218 收到 Head 資訊 {Count 2} {Type C } 
[23848] 2016/01/22 21:51:55.219 收到 Head 資訊 {Count 2} {Type C } 
[23848] 2016/01/22 21:51:55.219 收到 Head 資訊 {Count 2} {Type C } 
[23848] 2016/01/22 21:51:55.220 收到 Head 資訊 {Count 2} {Type C } 
[23848] 2016/01/22 21:51:55.221 收到 Head 資訊 {Count 2} {Type C } 
[23848] 2016/01/22 21:51:55.221 收到 Head 資訊 {Count 2} {Type C } 
[23848] 2016/01/22 21:51:55.222 收到 Head 資訊 {Count 2} {Type C } 
[23848] 2016/01/22 21:51:55.222 收到 Head 資訊 {Count 2} {Type C } 
[23848] 2016/01/22 21:51:55.223 收到 Head 資訊 {Count 2} {Type C } 
[23848] 2016/01/22 21:51:55.223 收到 Head 資訊 {Count 2} {Type C } 
[23848] 2016/01/22 21:51:55.224 收到 Head 資訊 {Count 2} {Type C } 
[23848] 2016/01/22 21:51:55.224 收到 Head 資訊 {Count 2} {Type C } 
[23848] 2016/01/22 21:51:55.225 收到 Head 資訊 {Count 2} {Type C } 
[23848] 2016/01/22 21:51:55.225 收到 Head 資訊 {Count 2} {Type C } 
[23848] 2016/01/22 21:51:55.226 收到 Head 資訊 {Count 2} {Type C } 
[23848] 2016/01/22 21:51:55.226 收到 Head 資訊 {Count 2} {Type C } 
[23848] 2016/01/22 21:51:55.226 收到 Head 資訊 {Count 2} {Type C } 
[23848] 2016/01/22 21:51:55.227 收到 Head 資訊 {Count 2} {Type C } 
[23848] 2016/01/22 21:51:55.227 收到 Head 資訊 {Count 2} {Type C } 
[23848] 2016/01/22 21:51:55.228 收到 Head 資訊 {Count 2} {Type C } 
[23848] 2016/01/22 21:51:55.228 收到 Head 資訊 {Count 2} {Type C } 
[23848] 2016/01/22 21:51:55.229 收到 Head 資訊 {Count 2} {Type C } 
[23848] 2016/01/22 21:51:55.229 收到 Head 資訊 {Count 2} {Type C } 
[23848] 2016/01/22 21:51:55.230 收到 Head 資訊 {Count 2} {Type C } 
[23848] 2016/01/22 21:51:55.230 收到 Head 資訊 {Count 2} {Type C } 
[23848] 2016/01/22 21:51:55.231 收到 Head 資訊 {Count 2} {Type C } 
[23848] 2016/01/22 21:51:55.231 收到 Head 資訊 {Count 2} {Type C } 
[23848] 2016/01/22 21:51:55.232 收到 Head 資訊 {Count 2} {Type C } 
[23848] 2016/01/22 21:51:55.232 收到 Head 資訊 {Count 2} {Type C } 
[23848] 2016/01/22 21:51:55.233 收到 Head 資訊 {Count 2} {Type C } 
[23848] 2016/01/22 21:51:55.233 收到 Head 資訊 {Count 2} {Type C } 
[23848] 2016/01/22 21:51:55.233 收到 Head 資訊 {Count 2} {Type C } 
[23848] 2016/01/22 21:51:55.234 收到 Head 資訊 {Count 2} {Type C } 
[23848] 2016/01/22 21:51:55.234 收到 Head 資訊 {Count 2} {Type C } 
[23848] 2016/01/22 21:51:55.235 收到 Head 資訊 {Count 2} {Type C } 
[23848] 2016/01/22 21:51:55.235 收到 Head 資訊 {Count 2} {Type C } 
[23848] 2016/01/22 21:51:55.236 收到 Head 資訊 {Count 2} {Type C } 
[23848] 2016/01/22 21:51:55.237 收到 Head 資訊 {Count 2} {Type C } 
[23848] 2016/01/22 21:51:55.237 收到 Head 資訊 {Count 2} {Type C } 
[23848] 2016/01/22 21:51:55.237 收到 Head 資訊 {Count 2} {Type C } 
[23848] 2016/01/22 21:51:55.238 收到 Head 資訊 {Count 2} {Type C } 
[23848] 2016/01/22 21:51:55.238 收到 Head 資訊 {Count 2} {Type C } 
[23848] 2016/01/22 21:51:55.239 收到 Head 資訊 {Count 2} {Type C } 
[23848] 2016/01/22 21:51:55.239 收到 Head 資訊 {Count 2} {Type C } 
[23848] 2016/01/22 21:51:55.240 收到 Head 資訊 {Count 2} {Type C } 
[23848] 2016/01/22 21:51:55.240 收到 Head 資訊 {Count 2} {Type C } 
[23848] 2016/01/22 21:51:55.241 收到 Head 資訊 {Count 2} {Type C } 
[23848] 2016/01/22 21:51:55.241 收到 Head 資訊 {Count 2} {Type C } 
[23848] 2016/01/22 21:51:55.242 收到 Head 資訊 {Count 2} {Type C } 
[23848] 2016/01/22 21:51:55.242 收到 Head 資訊 {Count 2} {Type C } 
[23848] 2016/01/22 21:51:55.243 收到 Head 資訊 {Count 2} {Type C } 
[23848] 2016/01/22 21:51:55.243 收到 Head 資訊 {Count 2} {Type C } 
[23848] 2016/01/22 21:51:55.244 收到 Head 資訊 {Count 2} {Type C } 
[23848] 2016/01/22 21:51:55.244 收到 Head 資訊 {Count 2} {Type C } 
[23848] 2016/01/22 21:51:55.245 收到 Head 資訊 {Count 2} {Type C } 
[23848] 2016/01/22 21:51:55.245 收到 Head 資訊 {Count 2} {Type C } 
[23848] 2016/01/22 21:51:55.246 收到 Head 資訊 {Count 2} {Type C } 
[23848] 2016/01/22 21:51:55.246 收到 Head 資訊 {Count 2} {Type C } 
[23848] 2016/01/22 21:51:55.247 收到 Head 資訊 {Count 2} {Type C } 
[23848] 2016/01/22 21:51:55.247 收到 Head 資訊 {Count 2} {Type C } 
[23848] 2016/01/22 21:51:55.248 收到 Head 資訊 {Count 2} {Type C } 
[23848] 2016/01/22 21:51:55.248 收到 Head 資訊 {Count 2} {Type C } 
[23848] 2016/01/22 21:51:55.249 收到 Head 資訊 {Count 2} {Type C } 
[23848] 2016/01/22 21:51:55.249 收到 Head 資訊 {Count 2} {Type C } 
[23848] 2016/01/22 21:51:55.250 收到 Head 資訊 {Count 2} {Type C } 
[23848] 2016/01/22 21:51:55.250 收到 Head 資訊 {Count 2} {Type C } 
[23848] 2016/01/22 21:51:55.251 收到 Head 資訊 {Count 2} {Type C } 
[23848] 2016/01/22 21:51:55.251 收到 Head 資訊 {Count 2} {Type C } 
[23848] 2016/01/22 21:51:55.252 收到 Head 資訊 {Count 2} {Type C } 
[23848] 2016/01/22 21:51:55.252 收到 Head 資訊 {Count 2} {Type C } 
[23848] 2016/01/22 21:51:55.253 收到 Head 資訊 {Count 2} {Type C } 
[23848] 2016/01/22 21:51:55.253 收到 Head 資訊 {Count 2} {Type C } 
[23848] 2016/01/22 21:51:55.253 收到 Head 資訊 {Count 2} {Type C } 
[23848] 2016/01/22 21:51:55.254 收到 Head 資訊 {Count 2} {Type C } 
[23848] 2016/01/22 21:51:55.254 收到 Head 資訊 {Count 2} {Type C } 
[23848] 2016/01/22 21:51:55.255 收到 Head 資訊 {Count 2} {Type C } 
[23848] 2016/01/22 21:51:55.255 收到 Head 資訊 {Count 2} {Type C } 
[23848] 2016/01/22 21:51:55.256 收到 Head 資訊 {Count 2} {Type C } 
[23848] 2016/01/22 21:51:55.256 收到 Head 資訊 {Count 2} {Type C } 
[23848] 2016/01/22 21:51:55.257 收到 Head 資訊 {Count 2} {Type C } 
[23848] 2016/01/22 21:51:55.257 收到 Head 資訊 {Count 2} {Type C } 
[23848] 2016/01/22 21:51:55.258 收到 Head 資訊 {Count 2} {Type C } 
[23848] 2016/01/22 21:51:55.258 收到 Head 資訊 {Count 2} {Type C } 
[23848] 2016/01/22 21:51:55.258 收到 Head 資訊 {Count 2} {Type C } 
[23848] 2016/01/22 21:51:55.259 收到 Head 資訊 {Count 2} {Type C } 
[23848] 2016/01/22 21:51:55.259 收到 Head 資訊 {Count 2} {Type D } 
[23848] 2016/01/22 21:51:55.260 收到 Head 資訊 {Count 2} {Type D } 
[23848] 2016/01/22 21:51:55.260 收到 Head 資訊 {Count 2} {Type C } 
[23848] 2016/01/22 21:51:55.261 收到 Head 資訊 {Count 2} {Type C } 
[23848] 2016/01/22 21:51:55.261 收到 Head 資訊 {Count 2} {Type C } 
[23848] 2016/01/22 21:51:55.262 收到 Head 資訊 {Count 2} {Type C } 
[23848] 2016/01/22 21:51:55.262 收到 Head 資訊 {Count 2} {Type C } 
[23848] 2016/01/22 21:51:55.263 收到 Head 資訊 {Count 2} {Type C } 
[23848] 2016/01/22 21:51:55.263 收到 Head 資訊 {Count 2} {Type C } 
[23848] 2016/01/22 21:51:55.264 收到 Head 資訊 {Count 2} {Type C } 
[23848] 2016/01/22 21:51:55.264 收到 Head 資訊 {Count 2} {Type C } 
[23848] 2016/01/22 21:51:55.265 收到 Head 資訊 {Count 2} {Type C } 
[23848] 2016/01/22 21:51:55.265 收到 Head 資訊 {Count 2} {Type C } 
[23848] 2016/01/22 21:51:55.266 收到 Head 資訊 {Count 2} {Type C } 
[23848] 2016/01/22 21:51:55.266 收到 Head 資訊 {Count 2} {Type C } 
[23848] 2016/01/22 21:51:55.267 收到 Head 資訊 {Count 2} {Type C } 
[23848] 2016/01/22 21:51:55.268 收到 Head 資訊 {Count 2} {Type C } 
[23848] 2016/01/22 21:51:55.268 收到 Head 資訊 {Count 2} {Type C } 
[23848] 2016/01/22 21:51:55.268 收到 Head 資訊 {Count 2} {Type C } 
[23848] 2016/01/22 21:51:55.269 收到 Head 資訊 {Count 2} {Type C } 
[23848] 2016/01/22 21:51:55.269 收到 Head 資訊 {Count 2} {Type C } 
[23848] 2016/01/22 21:51:55.270 收到 Head 資訊 {Count 2} {Type C } 
[23848] 2016/01/22 21:51:55.270 收到 Head 資訊 {Count 2} {Type C } 
[23848] 2016/01/22 21:51:55.271 收到 Head 資訊 {Count 2} {Type C } 
[23848] 2016/01/22 21:51:55.271 收到 Head 資訊 {Count 2} {Type C } 
[23848] 2016/01/22 21:51:55.272 收到 Head 資訊 {Count 2} {Type C } 
[23848] 2016/01/22 21:51:55.272 收到 Head 資訊 {Count 2} {Type C } 
[23848] 2016/01/22 21:51:55.273 收到 Head 資訊 {Count 2} {Type C } 
[23848] 2016/01/22 21:51:55.273 收到 Head 資訊 {Count 2} {Type C } 
[23848] 2016/01/22 21:51:55.274 收到 Head 資訊 {Count 2} {Type C } 
[23848] 2016/01/22 21:51:55.276 收到 Head 資訊 {Count 2} {Type C } 
[23848] 2016/01/22 21:51:55.276 收到 Head 資訊 {Count 2} {Type C } 
[23848] 2016/01/22 21:51:55.277 收到 Head 資訊 {Count 2} {Type C } 
[23848] 2016/01/22 21:51:55.277 收到 Head 資訊 {Count 2} {Type C } 
[23848] 2016/01/22 21:51:55.278 收到 Head 資訊 {Count 2} {Type C } 
[23848] 2016/01/22 21:51:55.279 收到 Head 資訊 {Count 2} {Type C } 
[23848] 2016/01/22 21:51:55.279 收到 Head 資訊 {Count 2} {Type C } 
[23848] 2016/01/22 21:51:55.280 收到 Head 資訊 {Count 2} {Type C } 
[23848] 2016/01/22 21:51:55.280 收到 Head 資訊 {Count 2} {Type C } 
[23848] 2016/01/22 21:51:55.281 收到 Head 資訊 {Count 2} {Type C } 
[23848] 2016/01/22 21:51:55.281 收到 Head 資訊 {Count 2} {Type C } 
[23848] 2016/01/22 21:51:55.282 收到 Head 資訊 {Count 2} {Type C } 
[23848] 2016/01/22 21:51:55.282 收到 Head 資訊 {Count 2} {Type C } 
[23848] 2016/01/22 21:51:55.283 收到 Head 資訊 {Count 2} {Type C } 
[23848] 2016/01/22 21:51:55.283 收到 Head 資訊 {Count 2} {Type C } 
[23848] 2016/01/22 21:51:55.284 收到 Head 資訊 {Count 2} {Type C } 
[23848] 2016/01/22 21:51:55.284 收到 Head 資訊 {Count 2} {Type C } 
[23848] 2016/01/22 21:51:55.285 收到 Head 資訊 {Count 2} {Type C } 
[23848] 2016/01/22 21:51:55.285 收到 Head 資訊 {Count 2} {Type C } 
[23848] 2016/01/22 21:51:55.286 收到 Head 資訊 {Count 2} {Type C } 
[23848] 2016/01/22 21:51:55.286 收到 Head 資訊 {Count 2} {Type C } 
[23848] 2016/01/22 21:51:55.287 收到 Head 資訊 {Count 2} {Type C } 
[23848] 2016/01/22 21:51:55.287 收到 Head 資訊 {Count 2} {Type C } 
[23848] 2016/01/22 21:51:55.288 收到 Head 資訊 {Count 2} {Type C } 
[23848] 2016/01/22 21:51:55.288 收到 Head 資訊 {Count 2} {Type C } 
[23848] 2016/01/22 21:51:55.288 收到 Head 資訊 {Count 2} {Type C } 
[23848] 2016/01/22 21:51:55.289 收到 Head 資訊 {Count 2} {Type C } 
[23848] 2016/01/22 21:51:55.289 收到 Head 資訊 {Count 2} {Type C } 
[23848] 2016/01/22 21:51:55.290 收到 Head 資訊 {Count 2} {Type C } 
[23848] 2016/01/22 21:51:55.290 收到 Head 資訊 {Count 2} {Type C } 
[23848] 2016/01/22 21:51:55.291 收到 Head 資訊 {Count 2} {Type C } 
[23848] 2016/01/22 21:51:55.291 收到 Head 資訊 {Count 2} {Type C } 
[23848] 2016/01/22 21:51:55.292 收到 Head 資訊 {Count 2} {Type C } 
[23848] 2016/01/22 21:51:55.292 收到 Head 資訊 {Count 2} {Type C } 
[23848] 2016/01/22 21:51:55.293 收到 Head 資訊 {Count 2} {Type C } 
[23848] 2016/01/22 21:51:55.293 收到 Head 資訊 {Count 2} {Type C } 
[23848] 2016/01/22 21:51:55.293 收到 Head 資訊 {Count 2} {Type C } 
[23848] 2016/01/22 21:51:55.294 收到 Head 資訊 {Count 2} {Type C } 
[23848] 2016/01/22 21:51:55.295 收到 Head 資訊 {Count 2} {Type C } 
[23848] 2016/01/22 21:51:55.295 收到 Head 資訊 {Count 2} {Type C } 
[23848] 2016/01/22 21:51:55.296 收到 Head 資訊 {Count 2} {Type C } 
[23848] 2016/01/22 21:51:55.296 收到 Head 資訊 {Count 2} {Type C } 
[23848] 2016/01/22 21:51:55.297 收到 Head 資訊 {Count 2} {Type C } 
[23848] 2016/01/22 21:51:55.297 收到 Head 資訊 {Count 2} {Type C } 
[23848] 2016/01/22 21:51:55.298 收到 Head 資訊 {Count 2} {Type C } 
[23848] 2016/01/22 21:51:55.299 收到 Head 資訊 {Count 2} {Type C } 
[23848] 2016/01/22 21:51:55.299 收到 Head 資訊 {Count 2} {Type C } 
[23848] 2016/01/22 21:51:55.300 收到 Head 資訊 {Count 2} {Type C } 
[23848] 2016/01/22 21:51:55.300 收到 Head 資訊 {Count 2} {Type C } 
[23848] 2016/01/22 21:51:55.300 收到 Head 資訊 {Count 2} {Type C } 
[23848] 2016/01/22 21:51:55.301 收到 Head 資訊 {Count 2} {Type C } 
[23848] 2016/01/22 21:51:55.301 收到 Head 資訊 {Count 2} {Type C } 
[23848] 2016/01/22 21:51:55.302 收到 Head 資訊 {Count 2} {Type C } 
[23848] 2016/01/22 21:51:55.302 收到 Head 資訊 {Count 2} {Type C } 
[23848] 2016/01/22 21:51:55.303 收到 Head 資訊 {Count 2} {Type C } 
[23848] 2016/01/22 21:51:55.303 收到 Head 資訊 {Count 2} {Type C } 
[23848] 2016/01/22 21:51:55.304 收到 Head 資訊 {Count 2} {Type C } 
[23848] 2016/01/22 21:51:55.304 收到 Head 資訊 {Count 2} {Type C } 
[23848] 2016/01/22 21:51:55.305 收到 Head 資訊 {Count 2} {Type C } 
[23848] 2016/01/22 21:51:55.305 收到 Head 資訊 {Count 2} {Type C } 
[23848] 2016/01/22 21:51:55.306 收到 Head 資訊 {Count 2} {Type C } 
[23848] 2016/01/22 21:51:55.306 收到 Head 資訊 {Count 2} {Type C } 
[23848] 2016/01/22 21:51:55.307 收到 Head 資訊 {Count 2} {Type C } 
[23848] 2016/01/22 21:51:55.307 收到 Head 資訊 {Count 2} {Type C } 
[23848] 2016/01/22 21:51:55.308 收到 Head 資訊 {Count 2} {Type C } 
[23848] 2016/01/22 21:51:55.308 收到 Head 資訊 {Count 2} {Type C } 
[23848] 2016/01/22 21:51:55.309 收到 Head 資訊 {Count 2} {Type C } 
[23848] 2016/01/22 21:51:55.309 收到 Head 資訊 {Count 2} {Type C } 
[23848] 2016/01/22 21:51:55.310 收到 Head 資訊 {Count 2} {Type C } 
[23848] 2016/01/22 21:51:55.310 收到 Head 資訊 {Count 2} {Type C } 
[23848] 2016/01/22 21:51:55.311 收到 Head 資訊 {Count 2} {Type C } 
[23848] 2016/01/22 21:51:55.311 收到 Head 資訊 {Count 2} {Type C } 
[23848] 2016/01/22 21:51:55.312 收到 Head 資訊 {Count 2} {Type C } 
[23848] 2016/01/22 21:51:55.312 收到 Head 資訊 {Count 2} {Type C } 
[23848] 2016/01/22 21:51:55.313 收到 Head 資訊 {Count 2} {Type C } 
[23848] 2016/01/22 21:51:55.313 收到 Head 資訊 {Count 2} {Type C } 
[23848] 2016/01/22 21:51:55.314 收到 Head 資訊 {Count 2} {Type C } 
[23848] 2016/01/22 21:51:55.314 收到 Head 資訊 {Count 2} {Type C } 
[23848] 2016/01/22 21:51:55.315 收到 Head 資訊 {Count 2} {Type C } 
[23848] 2016/01/22 21:51:55.315 收到 Head 資訊 {Count 2} {Type C } 
[23848] 2016/01/22 21:51:55.316 收到 Head 資訊 {Count 2} {Type C } 
[23848] 2016/01/22 21:51:55.316 收到 Head 資訊 {Count 2} {Type C } 
[23848] 2016/01/22 21:51:55.317 收到 Head 資訊 {Count 2} {Type C } 
[23848] 2016/01/22 21:51:55.317 收到 Head 資訊 {Count 2} {Type C } 
[23848] 2016/01/22 21:51:55.318 收到 Head 資訊 {Count 2} {Type C } 
[23848] 2016/01/22 21:51:55.318 收到 Head 資訊 {Count 2} {Type C } 
[23848] 2016/01/22 21:51:55.319 收到 Head 資訊 {Count 2} {Type C } 
[23848] 2016/01/22 21:51:55.319 收到 Head 資訊 {Count 2} {Type C } 
[23848] 2016/01/22 21:51:55.319 收到 Head 資訊 {Count 2} {Type C } 
[23848] 2016/01/22 21:51:55.320 收到 Head 資訊 {Count 2} {Type C } 
[23848] 2016/01/22 21:51:55.320 收到 Head 資訊 {Count 2} {Type C } 
[23848] 2016/01/22 21:51:55.321 收到 Head 資訊 {Count 2} {Type C } 
[23848] 2016/01/22 21:51:55.321 收到 Head 資訊 {Count 2} {Type C } 
[23848] 2016/01/22 21:51:55.322 收到 Head 資訊 {Count 2} {Type C } 
[23848] 2016/01/22 21:51:55.322 收到 Head 資訊 {Count 2} {Type C } 
[23848] 2016/01/22 21:51:55.323 收到 Head 資訊 {Count 2} {Type C } 
[23848] 2016/01/22 21:51:55.323 收到 Head 資訊 {Count 2} {Type C } 
[23848] 2016/01/22 21:51:55.328 收到 Head 資訊 {Count 2} {Type C } 
[23848] 2016/01/22 21:51:55.328 收到 Head 資訊 {Count 2} {Type C } 
[23848] 2016/01/22 21:51:55.329 收到 Head 資訊 {Count 2} {Type C } 
[23848] 2016/01/22 21:51:55.329 收到 Head 資訊 {Count 2} {Type C } 
[23848] 2016/01/22 21:51:55.330 收到 Head 資訊 {Count 2} {Type C } 
[23848] 2016/01/22 21:51:55.330 收到 Head 資訊 {Count 2} {Type C } 
[23848] 2016/01/22 21:51:55.331 收到 Head 資訊 {Count 2} {Type C } 
[23848] 2016/01/22 21:51:55.331 收到 Head 資訊 {Count 2} {Type C } 
[23848] 2016/01/22 21:51:55.332 收到 Head 資訊 {Count 2} {Type C } 
[23848] 2016/01/22 21:51:55.332 收到 Head 資訊 {Count 2} {Type C } 
[23848] 2016/01/22 21:51:55.332 收到 Head 資訊 {Count 2} {Type C } 
[23848] 2016/01/22 21:51:55.333 收到 Head 資訊 {Count 2} {Type C } 
[23848] 2016/01/22 21:51:55.333 收到 Head 資訊 {Count 2} {Type C } 
[23848] 2016/01/22 21:51:55.334 收到 Head 資訊 {Count 2} {Type C } 
[23848] 2016/01/22 21:51:55.334 收到 Head 資訊 {Count 2} {Type C } 
[23848] 2016/01/22 21:51:55.335 收到 Head 資訊 {Count 2} {Type C } 
[23848] 2016/01/22 21:51:55.335 收到 Head 資訊 {Count 2} {Type C } 
[23848] 2016/01/22 21:51:55.336 收到 Head 資訊 {Count 2} {Type C } 
[23848] 2016/01/22 21:51:55.336 收到 Head 資訊 {Count 2} {Type C } 
[23848] 2016/01/22 21:51:55.337 收到 Head 資訊 {Count 2} {Type C } 
[23848] 2016/01/22 21:51:55.337 收到 Head 資訊 {Count 2} {Type C } 
[23848] 2016/01/22 21:51:55.337 收到 Head 資訊 {Count 2} {Type C } 
[23848] 2016/01/22 21:51:55.338 收到 Head 資訊 {Count 2} {Type C } 
[23848] 2016/01/22 21:51:55.338 收到 Head 資訊 {Count 2} {Type C } 
[23848] 2016/01/22 21:51:55.339 收到 Head 資訊 {Count 2} {Type C } 
[23848] 2016/01/22 21:51:55.339 收到 Head 資訊 {Count 2} {Type C } 
[23848] 2016/01/22 21:51:55.340 收到 Head 資訊 {Count 2} {Type C } 
[23848] 2016/01/22 21:51:55.340 收到 Head 資訊 {Count 2} {Type C } 
[23848] 2016/01/22 21:51:55.341 收到 Head 資訊 {Count 2} {Type C } 
[23848] 2016/01/22 21:51:55.341 收到 Head 資訊 {Count 2} {Type C } 
[23848] 2016/01/22 21:51:55.342 收到 Head 資訊 {Count 2} {Type C } 
[23848] 2016/01/22 21:51:55.342 收到 Head 資訊 {Count 2} {Type C } 
[23848] 2016/01/22 21:51:55.343 收到 Head 資訊 {Count 2} {Type C } 
[23848] 2016/01/22 21:51:55.343 收到 Head 資訊 {Count 2} {Type C } 
[23848] 2016/01/22 21:51:55.343 收到 Head 資訊 {Count 2} {Type C } 
[23848] 2016/01/22 21:51:55.344 收到 Head 資訊 {Count 2} {Type C } 
[23848] 2016/01/22 21:51:55.344 收到 Head 資訊 {Count 2} {Type C } 
[23848] 2016/01/22 21:51:55.345 收到 Head 資訊 {Count 2} {Type C } 
[23848] 2016/01/22 21:51:55.345 收到 Head 資訊 {Count 2} {Type C } 
[23848] 2016/01/22 21:51:55.346 收到 Head 資訊 {Count 2} {Type C } 
[23848] 2016/01/22 21:51:55.346 收到 Head 資訊 {Count 2} {Type C } 
[23848] 2016/01/22 21:51:55.347 收到 Head 資訊 {Count 2} {Type C } 
[23848] 2016/01/22 21:51:55.356 收到 Head 資訊 {Count 2} {Type C } 
[23848] 2016/01/22 21:51:55.356 收到 Head 資訊 {Count 2} {Type C } 
[23848] 2016/01/22 21:51:55.357 收到 Head 資訊 {Count 2} {Type C } 
[23848] 2016/01/22 21:51:55.357 收到 Head 資訊 {Count 2} {Type C } 
[23848] 2016/01/22 21:51:55.358 收到 Head 資訊 {Count 2} {Type C } 
[23848] 2016/01/22 21:51:55.358 收到 Head 資訊 {Count 2} {Type C } 
[23848] 2016/01/22 21:51:55.359 收到 Head 資訊 {Count 2} {Type C } 
[23848] 2016/01/22 21:51:55.359 收到 Head 資訊 {Count 2} {Type C } 
[23848] 2016/01/22 21:51:55.360 收到 Head 資訊 {Count 2} {Type C } 
[23848] 2016/01/22 21:51:55.360 收到 Head 資訊 {Count 2} {Type C } 
[23848] 2016/01/22 21:51:55.361 收到 Head 資訊 {Count 2} {Type C } 
[23848] 2016/01/22 21:51:55.361 收到 Head 資訊 {Count 2} {Type C } 
[23848] 2016/01/22 21:51:55.361 收到 Head 資訊 {Count 2} {Type C } 
[23848] 2016/01/22 21:51:55.362 收到 Head 資訊 {Count 2} {Type C } 
[23848] 2016/01/22 21:51:55.362 收到 Head 資訊 {Count 2} {Type C } 
[23848] 2016/01/22 21:51:55.363 收到 Head 資訊 {Count 2} {Type C } 
[23848] 2016/01/22 21:51:55.363 收到 Head 資訊 {Count 2} {Type C } 
[23848] 2016/01/22 21:51:55.364 收到 Head 資訊 {Count 2} {Type C } 
[23848] 2016/01/22 21:51:55.364 收到 Head 資訊 {Count 2} {Type C } 
[23848] 2016/01/22 21:51:55.365 收到 Head 資訊 {Count 2} {Type C } 
[23848] 2016/01/22 21:51:55.365 收到 Head 資訊 {Count 2} {Type C } 
[23848] 2016/01/22 21:51:55.365 收到 Head 資訊 {Count 2} {Type C } 
[23848] 2016/01/22 21:51:55.366 收到 Head 資訊 {Count 2} {Type C } 
[23848] 2016/01/22 21:51:55.366 收到 Head 資訊 {Count 2} {Type C } 
[23848] 2016/01/22 21:51:55.367 收到 Head 資訊 {Count 2} {Type C } 
[23848] 2016/01/22 21:51:55.367 收到 Head 資訊 {Count 2} {Type C } 
[23848] 2016/01/22 21:51:55.368 收到 Head 資訊 {Count 2} {Type C } 
[23848] 2016/01/22 21:51:55.369 收到 Head 資訊 {Count 2} {Type C } 
[23848] 2016/01/22 21:51:55.369 收到 Head 資訊 {Count 2} {Type C } 
[23848] 2016/01/22 21:51:55.370 收到 Head 資訊 {Count 2} {Type C } 
[23848] 2016/01/22 21:51:55.370 收到 Head 資訊 {Count 2} {Type C } 
[23848] 2016/01/22 21:51:55.371 收到 Head 資訊 {Count 2} {Type C } 
[23848] 2016/01/22 21:51:55.371 收到 Head 資訊 {Count 2} {Type C } 
[23848] 2016/01/22 21:51:55.372 收到 Head 資訊 {Count 2} {Type C } 
[23848] 2016/01/22 21:51:55.372 收到 Head 資訊 {Count 2} {Type C } 
[23848] 2016/01/22 21:51:55.373 收到 Head 資訊 {Count 2} {Type C } 
[23848] 2016/01/22 21:51:55.374 收到 Head 資訊 {Count 2} {Type C } 
[23848] 2016/01/22 21:51:55.374 收到 Head 資訊 {Count 2} {Type C } 
[23848] 2016/01/22 21:51:55.375 收到 Head 資訊 {Count 2} {Type C } 
[23848] 2016/01/22 21:51:55.375 收到 Head 資訊 {Count 2} {Type C } 
[23848] 2016/01/22 21:51:55.376 收到 Head 資訊 {Count 2} {Type B } 
[27712] 2016/01/22 21:52:41.302 API InitInstance 
[27712] 2016/01/22 21:52:42.907 R122455031 連線 Code：0
[27712] 2016/01/22 21:52:43.915 收到 Head 資訊 {Count 2} {Type A } 
[27712] 2016/01/22 21:52:43.931 0501224002433TFNNF0200003902196BYRTW     FITX   201602                    n0C91+007719000                                                        0001    00000001201601220845110000000000000000037s
[27712] 2016/01/22 21:52:43.946 收到 Head 資訊 {Count 2} {Type A } 
[27712] 2016/01/22 21:52:43.946 0501224002434TFNNF0200003902196SYRTW     FITX   201602                    n0C92+007741000                                                        0001    00000001201601220845110000000000000000037s
[27712] 2016/01/22 21:52:43.946 收到 Head 資訊 {Count 2} {Type A } 
[27712] 2016/01/22 21:52:43.946 0501224002434TFDNF0200003902196S00TW     FITX   201602                    n0C92+07741000                                                         0001            201601220845130000008600000000037s
[27712] 2016/01/22 21:52:43.962 收到 Head 資訊 {Count 2} {Type A } 
[27712] 2016/01/22 21:52:43.962 0501224002433TFDNF0200003902196B00TW     FITX   201602                    n0C91+07719000                                                         0001            201601220852100000016400000000037s
[27712] 2016/01/22 21:52:43.962 收到 Head 資訊 {Count 2} {Type C } 
[27712] 2016/01/22 21:52:43.962 收到 Head 資訊 {Count 2} {Type C } 
[27712] 2016/01/22 21:52:43.962 收到 Head 資訊 {Count 2} {Type C } 
[27712] 2016/01/22 21:52:43.962 收到 Head 資訊 {Count 2} {Type C } 
[27712] 2016/01/22 21:52:43.962 收到 Head 資訊 {Count 2} {Type C } 
[27712] 2016/01/22 21:52:43.962 收到 Head 資訊 {Count 2} {Type C } 
[27712] 2016/01/22 21:52:43.962 收到 Head 資訊 {Count 2} {Type C } 
[27712] 2016/01/22 21:52:43.962 收到 Head 資訊 {Count 2} {Type C } 
[27712] 2016/01/22 21:52:43.977 收到 Head 資訊 {Count 2} {Type C } 
[27712] 2016/01/22 21:52:43.977 收到 Head 資訊 {Count 2} {Type C } 
[27712] 2016/01/22 21:52:43.977 收到 Head 資訊 {Count 2} {Type C } 
[27712] 2016/01/22 21:52:43.977 收到 Head 資訊 {Count 2} {Type C } 
[27712] 2016/01/22 21:52:43.977 收到 Head 資訊 {Count 2} {Type C } 
[27712] 2016/01/22 21:52:43.977 收到 Head 資訊 {Count 2} {Type C } 
[27712] 2016/01/22 21:52:43.977 收到 Head 資訊 {Count 2} {Type C } 
[27712] 2016/01/22 21:52:43.977 收到 Head 資訊 {Count 2} {Type C } 
[27712] 2016/01/22 21:52:43.977 收到 Head 資訊 {Count 2} {Type C } 
[27712] 2016/01/22 21:52:43.977 收到 Head 資訊 {Count 2} {Type C } 
[27712] 2016/01/22 21:52:43.977 收到 Head 資訊 {Count 2} {Type C } 
[27712] 2016/01/22 21:52:43.977 收到 Head 資訊 {Count 2} {Type C } 
[27712] 2016/01/22 21:52:43.977 收到 Head 資訊 {Count 2} {Type C } 
[27712] 2016/01/22 21:52:43.977 收到 Head 資訊 {Count 2} {Type C } 
[27712] 2016/01/22 21:52:43.977 收到 Head 資訊 {Count 2} {Type C } 
[27712] 2016/01/22 21:52:43.977 收到 Head 資訊 {Count 2} {Type C } 
[27712] 2016/01/22 21:52:43.977 收到 Head 資訊 {Count 2} {Type C } 
[27712] 2016/01/22 21:52:43.977 收到 Head 資訊 {Count 2} {Type C } 
[27712] 2016/01/22 21:52:43.977 收到 Head 資訊 {Count 2} {Type C } 
[27712] 2016/01/22 21:52:43.977 收到 Head 資訊 {Count 2} {Type C } 
[27712] 2016/01/22 21:52:43.977 收到 Head 資訊 {Count 2} {Type C } 
[27712] 2016/01/22 21:52:43.977 收到 Head 資訊 {Count 2} {Type C } 
[27712] 2016/01/22 21:52:43.977 收到 Head 資訊 {Count 2} {Type C } 
[27712] 2016/01/22 21:52:43.977 收到 Head 資訊 {Count 2} {Type C } 
[27712] 2016/01/22 21:52:43.977 收到 Head 資訊 {Count 2} {Type C } 
[27712] 2016/01/22 21:52:43.977 收到 Head 資訊 {Count 2} {Type C } 
[27712] 2016/01/22 21:52:43.993 收到 Head 資訊 {Count 2} {Type C } 
[27712] 2016/01/22 21:52:43.993 收到 Head 資訊 {Count 2} {Type C } 
[27712] 2016/01/22 21:52:43.993 收到 Head 資訊 {Count 2} {Type C } 
[27712] 2016/01/22 21:52:43.993 收到 Head 資訊 {Count 2} {Type C } 
[27712] 2016/01/22 21:52:43.993 收到 Head 資訊 {Count 2} {Type C } 
[27712] 2016/01/22 21:52:43.993 收到 Head 資訊 {Count 2} {Type C } 
[27712] 2016/01/22 21:52:43.993 收到 Head 資訊 {Count 2} {Type C } 
[27712] 2016/01/22 21:52:43.993 收到 Head 資訊 {Count 2} {Type C } 
[27712] 2016/01/22 21:52:43.993 收到 Head 資訊 {Count 2} {Type C } 
[27712] 2016/01/22 21:52:43.993 收到 Head 資訊 {Count 2} {Type C } 
[27712] 2016/01/22 21:52:43.993 收到 Head 資訊 {Count 2} {Type C } 
[27712] 2016/01/22 21:52:43.993 收到 Head 資訊 {Count 2} {Type C } 
[27712] 2016/01/22 21:52:43.993 收到 Head 資訊 {Count 2} {Type C } 
[27712] 2016/01/22 21:52:43.993 收到 Head 資訊 {Count 2} {Type C } 
[27712] 2016/01/22 21:52:43.993 收到 Head 資訊 {Count 2} {Type C } 
[27712] 2016/01/22 21:52:43.993 收到 Head 資訊 {Count 2} {Type C } 
[27712] 2016/01/22 21:52:43.993 收到 Head 資訊 {Count 2} {Type C } 
[27712] 2016/01/22 21:52:43.993 收到 Head 資訊 {Count 2} {Type C } 
[27712] 2016/01/22 21:52:43.993 收到 Head 資訊 {Count 2} {Type C } 
[27712] 2016/01/22 21:52:43.993 收到 Head 資訊 {Count 2} {Type C } 
[27712] 2016/01/22 21:52:43.993 收到 Head 資訊 {Count 2} {Type C } 
[27712] 2016/01/22 21:52:43.993 收到 Head 資訊 {Count 2} {Type C } 
[27712] 2016/01/22 21:52:43.993 收到 Head 資訊 {Count 2} {Type C } 
[27712] 2016/01/22 21:52:43.993 收到 Head 資訊 {Count 2} {Type C } 
[27712] 2016/01/22 21:52:43.993 收到 Head 資訊 {Count 2} {Type C } 
[27712] 2016/01/22 21:52:43.993 收到 Head 資訊 {Count 2} {Type C } 
[27712] 2016/01/22 21:52:43.993 收到 Head 資訊 {Count 2} {Type C } 
[27712] 2016/01/22 21:52:43.993 收到 Head 資訊 {Count 2} {Type C } 
[27712] 2016/01/22 21:52:43.993 收到 Head 資訊 {Count 2} {Type C } 
[27712] 2016/01/22 21:52:43.993 收到 Head 資訊 {Count 2} {Type C } 
[27712] 2016/01/22 21:52:43.993 收到 Head 資訊 {Count 2} {Type C } 
[27712] 2016/01/22 21:52:43.993 收到 Head 資訊 {Count 2} {Type C } 
[27712] 2016/01/22 21:52:43.993 收到 Head 資訊 {Count 2} {Type C } 
[27712] 2016/01/22 21:52:44.009 收到 Head 資訊 {Count 2} {Type C } 
[27712] 2016/01/22 21:52:44.009 收到 Head 資訊 {Count 2} {Type C } 
[27712] 2016/01/22 21:52:44.009 收到 Head 資訊 {Count 2} {Type C } 
[27712] 2016/01/22 21:52:44.009 收到 Head 資訊 {Count 2} {Type C } 
[27712] 2016/01/22 21:52:44.009 收到 Head 資訊 {Count 2} {Type C } 
[27712] 2016/01/22 21:52:44.009 收到 Head 資訊 {Count 2} {Type C } 
[27712] 2016/01/22 21:52:44.009 收到 Head 資訊 {Count 2} {Type C } 
[27712] 2016/01/22 21:52:44.009 收到 Head 資訊 {Count 2} {Type C } 
[27712] 2016/01/22 21:52:44.009 收到 Head 資訊 {Count 2} {Type C } 
[27712] 2016/01/22 21:52:44.009 收到 Head 資訊 {Count 2} {Type C } 
[27712] 2016/01/22 21:52:44.009 收到 Head 資訊 {Count 2} {Type C } 
[27712] 2016/01/22 21:52:44.009 收到 Head 資訊 {Count 2} {Type C } 
[27712] 2016/01/22 21:52:44.009 收到 Head 資訊 {Count 2} {Type C } 
[27712] 2016/01/22 21:52:44.009 收到 Head 資訊 {Count 2} {Type C } 
[27712] 2016/01/22 21:52:44.009 收到 Head 資訊 {Count 2} {Type C } 
[27712] 2016/01/22 21:52:44.009 收到 Head 資訊 {Count 2} {Type C } 
[27712] 2016/01/22 21:52:44.009 收到 Head 資訊 {Count 2} {Type C } 
[27712] 2016/01/22 21:52:44.009 收到 Head 資訊 {Count 2} {Type C } 
[27712] 2016/01/22 21:52:44.009 收到 Head 資訊 {Count 2} {Type C } 
[27712] 2016/01/22 21:52:44.009 收到 Head 資訊 {Count 2} {Type C } 
[27712] 2016/01/22 21:52:44.024 收到 Head 資訊 {Count 2} {Type C } 
[27712] 2016/01/22 21:52:44.024 收到 Head 資訊 {Count 2} {Type C } 
[27712] 2016/01/22 21:52:44.024 收到 Head 資訊 {Count 2} {Type C } 
[27712] 2016/01/22 21:52:44.024 收到 Head 資訊 {Count 2} {Type C } 
[27712] 2016/01/22 21:52:44.024 收到 Head 資訊 {Count 2} {Type D } 
[27712] 2016/01/22 21:52:44.024 收到 Head 資訊 {Count 2} {Type D } 
[27712] 2016/01/22 21:52:44.024 收到 Head 資訊 {Count 2} {Type C } 
[27712] 2016/01/22 21:52:44.024 收到 Head 資訊 {Count 2} {Type C } 
[27712] 2016/01/22 21:52:44.024 收到 Head 資訊 {Count 2} {Type C } 
[27712] 2016/01/22 21:52:44.024 收到 Head 資訊 {Count 2} {Type C } 
[27712] 2016/01/22 21:52:44.024 收到 Head 資訊 {Count 2} {Type C } 
[27712] 2016/01/22 21:52:44.024 收到 Head 資訊 {Count 2} {Type C } 
[27712] 2016/01/22 21:52:44.024 收到 Head 資訊 {Count 2} {Type C } 
[27712] 2016/01/22 21:52:44.024 收到 Head 資訊 {Count 2} {Type C } 
[27712] 2016/01/22 21:52:44.024 收到 Head 資訊 {Count 2} {Type C } 
[27712] 2016/01/22 21:52:44.024 收到 Head 資訊 {Count 2} {Type C } 
[27712] 2016/01/22 21:52:44.024 收到 Head 資訊 {Count 2} {Type C } 
[27712] 2016/01/22 21:52:44.024 收到 Head 資訊 {Count 2} {Type C } 
[27712] 2016/01/22 21:52:44.024 收到 Head 資訊 {Count 2} {Type C } 
[27712] 2016/01/22 21:52:44.024 收到 Head 資訊 {Count 2} {Type C } 
[27712] 2016/01/22 21:52:44.024 收到 Head 資訊 {Count 2} {Type C } 
[27712] 2016/01/22 21:52:44.024 收到 Head 資訊 {Count 2} {Type C } 
[27712] 2016/01/22 21:52:44.024 收到 Head 資訊 {Count 2} {Type C } 
[27712] 2016/01/22 21:52:44.024 收到 Head 資訊 {Count 2} {Type C } 
[27712] 2016/01/22 21:52:44.024 收到 Head 資訊 {Count 2} {Type C } 
[27712] 2016/01/22 21:52:44.024 收到 Head 資訊 {Count 2} {Type C } 
[27712] 2016/01/22 21:52:44.024 收到 Head 資訊 {Count 2} {Type C } 
[27712] 2016/01/22 21:52:44.024 收到 Head 資訊 {Count 2} {Type C } 
[27712] 2016/01/22 21:52:44.024 收到 Head 資訊 {Count 2} {Type C } 
[27712] 2016/01/22 21:52:44.024 收到 Head 資訊 {Count 2} {Type C } 
[27712] 2016/01/22 21:52:44.024 收到 Head 資訊 {Count 2} {Type C } 
[27712] 2016/01/22 21:52:44.024 收到 Head 資訊 {Count 2} {Type C } 
[27712] 2016/01/22 21:52:44.040 收到 Head 資訊 {Count 2} {Type C } 
[27712] 2016/01/22 21:52:44.040 收到 Head 資訊 {Count 2} {Type C } 
[27712] 2016/01/22 21:52:44.040 收到 Head 資訊 {Count 2} {Type C } 
[27712] 2016/01/22 21:52:44.040 收到 Head 資訊 {Count 2} {Type C } 
[27712] 2016/01/22 21:52:44.040 收到 Head 資訊 {Count 2} {Type C } 
[27712] 2016/01/22 21:52:44.040 收到 Head 資訊 {Count 2} {Type C } 
[27712] 2016/01/22 21:52:44.040 收到 Head 資訊 {Count 2} {Type C } 
[27712] 2016/01/22 21:52:44.040 收到 Head 資訊 {Count 2} {Type C } 
[27712] 2016/01/22 21:52:44.071 收到 Head 資訊 {Count 2} {Type C } 
[27712] 2016/01/22 21:52:44.071 收到 Head 資訊 {Count 2} {Type C } 
[27712] 2016/01/22 21:52:44.071 收到 Head 資訊 {Count 2} {Type C } 
[27712] 2016/01/22 21:52:44.071 收到 Head 資訊 {Count 2} {Type C } 
[27712] 2016/01/22 21:52:44.071 收到 Head 資訊 {Count 2} {Type C } 
[27712] 2016/01/22 21:52:44.071 收到 Head 資訊 {Count 2} {Type C } 
[27712] 2016/01/22 21:52:44.071 收到 Head 資訊 {Count 2} {Type C } 
[27712] 2016/01/22 21:52:44.071 收到 Head 資訊 {Count 2} {Type C } 
[27712] 2016/01/22 21:52:44.071 收到 Head 資訊 {Count 2} {Type C } 
[27712] 2016/01/22 21:52:44.071 收到 Head 資訊 {Count 2} {Type C } 
[27712] 2016/01/22 21:52:44.071 收到 Head 資訊 {Count 2} {Type C } 
[27712] 2016/01/22 21:52:44.071 收到 Head 資訊 {Count 2} {Type C } 
[27712] 2016/01/22 21:52:44.071 收到 Head 資訊 {Count 2} {Type C } 
[27712] 2016/01/22 21:52:44.071 收到 Head 資訊 {Count 2} {Type C } 
[27712] 2016/01/22 21:52:44.071 收到 Head 資訊 {Count 2} {Type C } 
[27712] 2016/01/22 21:52:44.071 收到 Head 資訊 {Count 2} {Type C } 
[27712] 2016/01/22 21:52:44.071 收到 Head 資訊 {Count 2} {Type C } 
[27712] 2016/01/22 21:52:44.071 收到 Head 資訊 {Count 2} {Type C } 
[27712] 2016/01/22 21:52:44.071 收到 Head 資訊 {Count 2} {Type C } 
[27712] 2016/01/22 21:52:44.071 收到 Head 資訊 {Count 2} {Type C } 
[27712] 2016/01/22 21:52:44.071 收到 Head 資訊 {Count 2} {Type C } 
[27712] 2016/01/22 21:52:44.071 收到 Head 資訊 {Count 2} {Type C } 
[27712] 2016/01/22 21:52:44.071 收到 Head 資訊 {Count 2} {Type C } 
[27712] 2016/01/22 21:52:44.071 收到 Head 資訊 {Count 2} {Type C } 
[27712] 2016/01/22 21:52:44.071 收到 Head 資訊 {Count 2} {Type C } 
[27712] 2016/01/22 21:52:44.071 收到 Head 資訊 {Count 2} {Type C } 
[27712] 2016/01/22 21:52:44.071 收到 Head 資訊 {Count 2} {Type C } 
[27712] 2016/01/22 21:52:44.071 收到 Head 資訊 {Count 2} {Type C } 
[27712] 2016/01/22 21:52:44.087 收到 Head 資訊 {Count 2} {Type C } 
[27712] 2016/01/22 21:52:44.087 收到 Head 資訊 {Count 2} {Type C } 
[27712] 2016/01/22 21:52:44.087 收到 Head 資訊 {Count 2} {Type C } 
[27712] 2016/01/22 21:52:44.087 收到 Head 資訊 {Count 2} {Type C } 
[27712] 2016/01/22 21:52:44.087 收到 Head 資訊 {Count 2} {Type C } 
[27712] 2016/01/22 21:52:44.087 收到 Head 資訊 {Count 2} {Type C } 
[27712] 2016/01/22 21:52:44.087 收到 Head 資訊 {Count 2} {Type C } 
[27712] 2016/01/22 21:52:44.087 收到 Head 資訊 {Count 2} {Type C } 
[27712] 2016/01/22 21:52:44.087 收到 Head 資訊 {Count 2} {Type C } 
[27712] 2016/01/22 21:52:44.087 收到 Head 資訊 {Count 2} {Type C } 
[27712] 2016/01/22 21:52:44.087 收到 Head 資訊 {Count 2} {Type C } 
[27712] 2016/01/22 21:52:44.087 收到 Head 資訊 {Count 2} {Type C } 
[27712] 2016/01/22 21:52:44.087 收到 Head 資訊 {Count 2} {Type C } 
[27712] 2016/01/22 21:52:44.087 收到 Head 資訊 {Count 2} {Type C } 
[27712] 2016/01/22 21:52:44.087 收到 Head 資訊 {Count 2} {Type C } 
[27712] 2016/01/22 21:52:44.087 收到 Head 資訊 {Count 2} {Type C } 
[27712] 2016/01/22 21:52:44.087 收到 Head 資訊 {Count 2} {Type C } 
[27712] 2016/01/22 21:52:44.087 收到 Head 資訊 {Count 2} {Type C } 
[27712] 2016/01/22 21:52:44.087 收到 Head 資訊 {Count 2} {Type C } 
[27712] 2016/01/22 21:52:44.087 收到 Head 資訊 {Count 2} {Type C } 
[27712] 2016/01/22 21:52:44.087 收到 Head 資訊 {Count 2} {Type C } 
[27712] 2016/01/22 21:52:44.087 收到 Head 資訊 {Count 2} {Type C } 
[27712] 2016/01/22 21:52:44.087 收到 Head 資訊 {Count 2} {Type C } 
[27712] 2016/01/22 21:52:44.118 收到 Head 資訊 {Count 2} {Type C } 
[27712] 2016/01/22 21:52:44.118 收到 Head 資訊 {Count 2} {Type C } 
[27712] 2016/01/22 21:52:44.118 收到 Head 資訊 {Count 2} {Type C } 
[27712] 2016/01/22 21:52:44.118 收到 Head 資訊 {Count 2} {Type C } 
[27712] 2016/01/22 21:52:44.118 收到 Head 資訊 {Count 2} {Type C } 
[27712] 2016/01/22 21:52:44.118 收到 Head 資訊 {Count 2} {Type C } 
[27712] 2016/01/22 21:52:44.118 收到 Head 資訊 {Count 2} {Type C } 
[27712] 2016/01/22 21:52:44.118 收到 Head 資訊 {Count 2} {Type C } 
[27712] 2016/01/22 21:52:44.118 收到 Head 資訊 {Count 2} {Type C } 
[27712] 2016/01/22 21:52:44.118 收到 Head 資訊 {Count 2} {Type C } 
[27712] 2016/01/22 21:52:44.118 收到 Head 資訊 {Count 2} {Type C } 
[27712] 2016/01/22 21:52:44.118 收到 Head 資訊 {Count 2} {Type C } 
[27712] 2016/01/22 21:52:44.118 收到 Head 資訊 {Count 2} {Type C } 
[27712] 2016/01/22 21:52:44.118 收到 Head 資訊 {Count 2} {Type C } 
[27712] 2016/01/22 21:52:44.118 收到 Head 資訊 {Count 2} {Type C } 
[27712] 2016/01/22 21:52:44.118 收到 Head 資訊 {Count 2} {Type C } 
[27712] 2016/01/22 21:52:44.118 收到 Head 資訊 {Count 2} {Type C } 
[27712] 2016/01/22 21:52:44.118 收到 Head 資訊 {Count 2} {Type C } 
[27712] 2016/01/22 21:52:44.118 收到 Head 資訊 {Count 2} {Type C } 
[27712] 2016/01/22 21:52:44.118 收到 Head 資訊 {Count 2} {Type C } 
[27712] 2016/01/22 21:52:44.118 收到 Head 資訊 {Count 2} {Type C } 
[27712] 2016/01/22 21:52:44.118 收到 Head 資訊 {Count 2} {Type C } 
[27712] 2016/01/22 21:52:44.118 收到 Head 資訊 {Count 2} {Type C } 
[27712] 2016/01/22 21:52:44.118 收到 Head 資訊 {Count 2} {Type C } 
[27712] 2016/01/22 21:52:44.118 收到 Head 資訊 {Count 2} {Type C } 
[27712] 2016/01/22 21:52:44.118 收到 Head 資訊 {Count 2} {Type C } 
[27712] 2016/01/22 21:52:44.118 收到 Head 資訊 {Count 2} {Type C } 
[27712] 2016/01/22 21:52:44.118 收到 Head 資訊 {Count 2} {Type C } 
[27712] 2016/01/22 21:52:44.118 收到 Head 資訊 {Count 2} {Type C } 
[27712] 2016/01/22 21:52:44.133 收到 Head 資訊 {Count 2} {Type C } 
[27712] 2016/01/22 21:52:44.133 收到 Head 資訊 {Count 2} {Type C } 
[27712] 2016/01/22 21:52:44.133 收到 Head 資訊 {Count 2} {Type C } 
[27712] 2016/01/22 21:52:44.133 收到 Head 資訊 {Count 2} {Type C } 
[27712] 2016/01/22 21:52:44.133 收到 Head 資訊 {Count 2} {Type C } 
[27712] 2016/01/22 21:52:44.133 收到 Head 資訊 {Count 2} {Type C } 
[27712] 2016/01/22 21:52:44.133 收到 Head 資訊 {Count 2} {Type C } 
[27712] 2016/01/22 21:52:44.133 收到 Head 資訊 {Count 2} {Type C } 
[27712] 2016/01/22 21:52:44.133 收到 Head 資訊 {Count 2} {Type C } 
[27712] 2016/01/22 21:52:44.133 收到 Head 資訊 {Count 2} {Type C } 
[27712] 2016/01/22 21:52:44.133 收到 Head 資訊 {Count 2} {Type C } 
[27712] 2016/01/22 21:52:44.133 收到 Head 資訊 {Count 2} {Type C } 
[27712] 2016/01/22 21:52:44.133 收到 Head 資訊 {Count 2} {Type C } 
[27712] 2016/01/22 21:52:44.133 收到 Head 資訊 {Count 2} {Type C } 
[27712] 2016/01/22 21:52:44.133 收到 Head 資訊 {Count 2} {Type C } 
[27712] 2016/01/22 21:52:44.133 收到 Head 資訊 {Count 2} {Type C } 
[27712] 2016/01/22 21:52:44.133 收到 Head 資訊 {Count 2} {Type C } 
[27712] 2016/01/22 21:52:44.133 收到 Head 資訊 {Count 2} {Type C } 
[27712] 2016/01/22 21:52:44.133 收到 Head 資訊 {Count 2} {Type C } 
[27712] 2016/01/22 21:52:44.133 收到 Head 資訊 {Count 2} {Type C } 
[27712] 2016/01/22 21:52:44.133 收到 Head 資訊 {Count 2} {Type C } 
[27712] 2016/01/22 21:52:44.133 收到 Head 資訊 {Count 2} {Type C } 
[27712] 2016/01/22 21:52:44.133 收到 Head 資訊 {Count 2} {Type C } 
[27712] 2016/01/22 21:52:44.133 收到 Head 資訊 {Count 2} {Type C } 
[27712] 2016/01/22 21:52:44.133 收到 Head 資訊 {Count 2} {Type C } 
[27712] 2016/01/22 21:52:44.133 收到 Head 資訊 {Count 2} {Type C } 
[27712] 2016/01/22 21:52:44.133 收到 Head 資訊 {Count 2} {Type C } 
[27712] 2016/01/22 21:52:44.133 收到 Head 資訊 {Count 2} {Type C } 
[27712] 2016/01/22 21:52:44.133 收到 Head 資訊 {Count 2} {Type C } 
[27712] 2016/01/22 21:52:44.133 收到 Head 資訊 {Count 2} {Type C } 
[27712] 2016/01/22 21:52:44.133 收到 Head 資訊 {Count 2} {Type C } 
[27712] 2016/01/22 21:52:44.133 收到 Head 資訊 {Count 2} {Type C } 
[27712] 2016/01/22 21:52:44.133 收到 Head 資訊 {Count 2} {Type C } 
[27712] 2016/01/22 21:52:44.133 收到 Head 資訊 {Count 2} {Type C } 
[27712] 2016/01/22 21:52:44.149 收到 Head 資訊 {Count 2} {Type C } 
[27712] 2016/01/22 21:52:44.149 收到 Head 資訊 {Count 2} {Type C } 
[27712] 2016/01/22 21:52:44.149 收到 Head 資訊 {Count 2} {Type C } 
[27712] 2016/01/22 21:52:44.149 收到 Head 資訊 {Count 2} {Type C } 
[27712] 2016/01/22 21:52:44.149 收到 Head 資訊 {Count 2} {Type C } 
[27712] 2016/01/22 21:52:44.258 收到 Head 資訊 {Count 2} {Type C } 
[27712] 2016/01/22 21:52:44.258 收到 Head 資訊 {Count 2} {Type C } 
[27712] 2016/01/22 21:52:44.258 收到 Head 資訊 {Count 2} {Type C } 
[27712] 2016/01/22 21:52:44.258 收到 Head 資訊 {Count 2} {Type C } 
[27712] 2016/01/22 21:52:44.258 收到 Head 資訊 {Count 2} {Type C } 
[27712] 2016/01/22 21:52:44.258 收到 Head 資訊 {Count 2} {Type C } 
[27712] 2016/01/22 21:52:44.258 收到 Head 資訊 {Count 2} {Type C } 
[27712] 2016/01/22 21:52:44.258 收到 Head 資訊 {Count 2} {Type C } 
[27712] 2016/01/22 21:52:44.258 收到 Head 資訊 {Count 2} {Type C } 
[27712] 2016/01/22 21:52:44.258 收到 Head 資訊 {Count 2} {Type C } 
[27712] 2016/01/22 21:52:44.258 收到 Head 資訊 {Count 2} {Type C } 
[27712] 2016/01/22 21:52:44.258 收到 Head 資訊 {Count 2} {Type C } 
[27712] 2016/01/22 21:52:44.258 收到 Head 資訊 {Count 2} {Type C } 
[27712] 2016/01/22 21:52:44.258 收到 Head 資訊 {Count 2} {Type C } 
[27712] 2016/01/22 21:52:44.258 收到 Head 資訊 {Count 2} {Type C } 
[27712] 2016/01/22 21:52:44.258 收到 Head 資訊 {Count 2} {Type C } 
[27712] 2016/01/22 21:52:44.258 收到 Head 資訊 {Count 2} {Type C } 
[27712] 2016/01/22 21:52:44.274 收到 Head 資訊 {Count 2} {Type C } 
[27712] 2016/01/22 21:52:44.274 收到 Head 資訊 {Count 2} {Type C } 
[27712] 2016/01/22 21:52:44.274 收到 Head 資訊 {Count 2} {Type C } 
[27712] 2016/01/22 21:52:44.274 收到 Head 資訊 {Count 2} {Type C } 
[27712] 2016/01/22 21:52:44.274 收到 Head 資訊 {Count 2} {Type C } 
[27712] 2016/01/22 21:52:44.274 收到 Head 資訊 {Count 2} {Type C } 
[27712] 2016/01/22 21:52:44.274 收到 Head 資訊 {Count 2} {Type C } 
[27712] 2016/01/22 21:52:44.274 收到 Head 資訊 {Count 2} {Type C } 
[27712] 2016/01/22 21:52:44.274 收到 Head 資訊 {Count 2} {Type C } 
[27712] 2016/01/22 21:52:44.274 收到 Head 資訊 {Count 2} {Type C } 
[27712] 2016/01/22 21:52:44.274 收到 Head 資訊 {Count 2} {Type C } 
[27712] 2016/01/22 21:52:44.274 收到 Head 資訊 {Count 2} {Type C } 
[27712] 2016/01/22 21:52:44.274 收到 Head 資訊 {Count 2} {Type C } 
[27712] 2016/01/22 21:52:44.274 收到 Head 資訊 {Count 2} {Type C } 
[27712] 2016/01/22 21:52:44.274 收到 Head 資訊 {Count 2} {Type C } 
[27712] 2016/01/22 21:52:44.274 收到 Head 資訊 {Count 2} {Type C } 
[27712] 2016/01/22 21:52:44.274 收到 Head 資訊 {Count 2} {Type C } 
[27712] 2016/01/22 21:52:44.274 收到 Head 資訊 {Count 2} {Type C } 
[27712] 2016/01/22 21:52:44.274 收到 Head 資訊 {Count 2} {Type C } 
[27712] 2016/01/22 21:52:44.274 收到 Head 資訊 {Count 2} {Type C } 
[27712] 2016/01/22 21:52:44.274 收到 Head 資訊 {Count 2} {Type C } 
[27712] 2016/01/22 21:52:44.274 收到 Head 資訊 {Count 2} {Type C } 
[27712] 2016/01/22 21:52:44.274 收到 Head 資訊 {Count 2} {Type C } 
[27712] 2016/01/22 21:52:44.274 收到 Head 資訊 {Count 2} {Type C } 
[27712] 2016/01/22 21:52:44.274 收到 Head 資訊 {Count 2} {Type C } 
[27712] 2016/01/22 21:52:44.274 收到 Head 資訊 {Count 2} {Type C } 
[27712] 2016/01/22 21:52:44.274 收到 Head 資訊 {Count 2} {Type C } 
[27712] 2016/01/22 21:52:44.274 收到 Head 資訊 {Count 2} {Type C } 
[27712] 2016/01/22 21:52:44.274 收到 Head 資訊 {Count 2} {Type C } 
[27712] 2016/01/22 21:52:44.274 收到 Head 資訊 {Count 2} {Type C } 
[27712] 2016/01/22 21:52:44.274 收到 Head 資訊 {Count 2} {Type C } 
[27712] 2016/01/22 21:52:44.274 收到 Head 資訊 {Count 2} {Type C } 
[27712] 2016/01/22 21:52:44.274 收到 Head 資訊 {Count 2} {Type C } 
[27712] 2016/01/22 21:52:44.274 收到 Head 資訊 {Count 2} {Type C } 
[27712] 2016/01/22 21:52:44.289 收到 Head 資訊 {Count 2} {Type C } 
[27712] 2016/01/22 21:52:44.289 收到 Head 資訊 {Count 2} {Type C } 
[27712] 2016/01/22 21:52:44.289 收到 Head 資訊 {Count 2} {Type C } 
[27712] 2016/01/22 21:52:44.289 收到 Head 資訊 {Count 2} {Type B } 
