[6824] 2016/01/26 08:41:07.441 API InitInstance 
[6824] 2016/01/26 08:41:09.204 R122455031 連線 Code：0
[6824] 2016/01/26 08:41:10.218 收到 Head 資訊 {Count 2} {Type C } 
[6824] 2016/01/26 08:41:10.233 收到 Head 資訊 {Count 2} {Type C } 
[6824] 2016/01/26 08:41:10.233 收到 Head 資訊 {Count 2} {Type C } 
[6824] 2016/01/26 08:41:10.233 收到 Head 資訊 {Count 2} {Type C } 
[6824] 2016/01/26 08:41:10.233 收到 Head 資訊 {Count 2} {Type C } 
[6824] 2016/01/26 08:41:10.233 收到 Head 資訊 {Count 2} {Type C } 
[6824] 2016/01/26 08:41:10.233 收到 Head 資訊 {Count 2} {Type C } 
[6824] 2016/01/26 08:41:10.233 收到 Head 資訊 {Count 2} {Type C } 
[6824] 2016/01/26 08:41:10.233 收到 Head 資訊 {Count 2} {Type C } 
[6824] 2016/01/26 08:41:10.233 收到 Head 資訊 {Count 2} {Type C } 
[6824] 2016/01/26 08:41:10.233 收到 Head 資訊 {Count 2} {Type C } 
[6824] 2016/01/26 08:41:10.233 收到 Head 資訊 {Count 2} {Type C } 
[6824] 2016/01/26 08:41:10.233 收到 Head 資訊 {Count 2} {Type C } 
[6824] 2016/01/26 08:41:10.233 收到 Head 資訊 {Count 2} {Type C } 
[6824] 2016/01/26 08:41:10.233 收到 Head 資訊 {Count 2} {Type C } 
[6824] 2016/01/26 08:41:10.233 收到 Head 資訊 {Count 2} {Type C } 
[6824] 2016/01/26 08:41:10.233 收到 Head 資訊 {Count 2} {Type C } 
[6824] 2016/01/26 08:41:10.233 收到 Head 資訊 {Count 2} {Type C } 
[6824] 2016/01/26 08:41:10.233 收到 Head 資訊 {Count 2} {Type C } 
[6824] 2016/01/26 08:41:10.233 收到 Head 資訊 {Count 2} {Type C } 
[6824] 2016/01/26 08:41:10.233 收到 Head 資訊 {Count 2} {Type C } 
[6824] 2016/01/26 08:41:10.233 收到 Head 資訊 {Count 2} {Type C } 
[6824] 2016/01/26 08:41:10.233 收到 Head 資訊 {Count 2} {Type C } 
[6824] 2016/01/26 08:41:10.233 收到 Head 資訊 {Count 2} {Type C } 
[6824] 2016/01/26 08:41:10.233 收到 Head 資訊 {Count 2} {Type C } 
[6824] 2016/01/26 08:41:10.233 收到 Head 資訊 {Count 2} {Type C } 
[6824] 2016/01/26 08:41:10.233 收到 Head 資訊 {Count 2} {Type C } 
[6824] 2016/01/26 08:41:10.233 收到 Head 資訊 {Count 2} {Type C } 
[6824] 2016/01/26 08:41:10.249 收到 Head 資訊 {Count 2} {Type C } 
[6824] 2016/01/26 08:41:10.249 收到 Head 資訊 {Count 2} {Type C } 
[6824] 2016/01/26 08:41:10.249 收到 Head 資訊 {Count 2} {Type C } 
[6824] 2016/01/26 08:41:10.249 收到 Head 資訊 {Count 2} {Type C } 
[6824] 2016/01/26 08:41:10.249 收到 Head 資訊 {Count 2} {Type C } 
[6824] 2016/01/26 08:41:10.249 收到 Head 資訊 {Count 2} {Type C } 
[6824] 2016/01/26 08:41:10.249 收到 Head 資訊 {Count 2} {Type C } 
[6824] 2016/01/26 08:41:10.249 收到 Head 資訊 {Count 2} {Type C } 
[6824] 2016/01/26 08:41:10.249 收到 Head 資訊 {Count 2} {Type C } 
[6824] 2016/01/26 08:41:10.249 收到 Head 資訊 {Count 2} {Type C } 
[6824] 2016/01/26 08:41:10.249 收到 Head 資訊 {Count 2} {Type C } 
[6824] 2016/01/26 08:41:10.249 收到 Head 資訊 {Count 2} {Type C } 
[6824] 2016/01/26 08:41:10.249 收到 Head 資訊 {Count 2} {Type C } 
[6824] 2016/01/26 08:41:10.249 收到 Head 資訊 {Count 2} {Type C } 
[6824] 2016/01/26 08:41:10.249 收到 Head 資訊 {Count 2} {Type C } 
[6824] 2016/01/26 08:41:10.249 收到 Head 資訊 {Count 2} {Type C } 
[6824] 2016/01/26 08:41:10.249 收到 Head 資訊 {Count 2} {Type C } 
[6824] 2016/01/26 08:41:10.249 收到 Head 資訊 {Count 2} {Type C } 
[6824] 2016/01/26 08:41:10.249 收到 Head 資訊 {Count 2} {Type C } 
[6824] 2016/01/26 08:41:10.249 收到 Head 資訊 {Count 2} {Type C } 
[6824] 2016/01/26 08:41:10.249 收到 Head 資訊 {Count 2} {Type C } 
[6824] 2016/01/26 08:41:10.249 收到 Head 資訊 {Count 2} {Type C } 
[6824] 2016/01/26 08:41:10.249 收到 Head 資訊 {Count 2} {Type C } 
[6824] 2016/01/26 08:41:10.249 收到 Head 資訊 {Count 2} {Type C } 
[6824] 2016/01/26 08:41:10.249 收到 Head 資訊 {Count 2} {Type C } 
[6824] 2016/01/26 08:41:10.265 收到 Head 資訊 {Count 2} {Type C } 
[6824] 2016/01/26 08:41:10.265 收到 Head 資訊 {Count 2} {Type C } 
[6824] 2016/01/26 08:41:10.265 收到 Head 資訊 {Count 2} {Type C } 
[6824] 2016/01/26 08:41:10.265 收到 Head 資訊 {Count 2} {Type C } 
[6824] 2016/01/26 08:41:10.265 收到 Head 資訊 {Count 2} {Type C } 
[6824] 2016/01/26 08:41:10.265 收到 Head 資訊 {Count 2} {Type C } 
[6824] 2016/01/26 08:41:10.265 收到 Head 資訊 {Count 2} {Type C } 
[6824] 2016/01/26 08:41:10.265 收到 Head 資訊 {Count 2} {Type C } 
[6824] 2016/01/26 08:41:10.265 收到 Head 資訊 {Count 2} {Type C } 
[6824] 2016/01/26 08:41:10.265 收到 Head 資訊 {Count 2} {Type C } 
[6824] 2016/01/26 08:41:10.265 收到 Head 資訊 {Count 2} {Type C } 
[6824] 2016/01/26 08:41:10.265 收到 Head 資訊 {Count 2} {Type C } 
[6824] 2016/01/26 08:41:10.265 收到 Head 資訊 {Count 2} {Type C } 
[6824] 2016/01/26 08:41:10.265 收到 Head 資訊 {Count 2} {Type C } 
[6824] 2016/01/26 08:41:10.265 收到 Head 資訊 {Count 2} {Type C } 
[6824] 2016/01/26 08:41:10.265 收到 Head 資訊 {Count 2} {Type C } 
[6824] 2016/01/26 08:41:10.265 收到 Head 資訊 {Count 2} {Type C } 
[6824] 2016/01/26 08:41:10.265 收到 Head 資訊 {Count 2} {Type C } 
[6824] 2016/01/26 08:41:10.265 收到 Head 資訊 {Count 2} {Type C } 
[6824] 2016/01/26 08:41:10.265 收到 Head 資訊 {Count 2} {Type C } 
[6824] 2016/01/26 08:41:10.265 收到 Head 資訊 {Count 2} {Type C } 
[6824] 2016/01/26 08:41:10.265 收到 Head 資訊 {Count 2} {Type C } 
[6824] 2016/01/26 08:41:10.265 收到 Head 資訊 {Count 2} {Type C } 
[6824] 2016/01/26 08:41:10.265 收到 Head 資訊 {Count 2} {Type C } 
[6824] 2016/01/26 08:41:10.265 收到 Head 資訊 {Count 2} {Type C } 
[6824] 2016/01/26 08:41:10.265 收到 Head 資訊 {Count 2} {Type C } 
[6824] 2016/01/26 08:41:10.265 收到 Head 資訊 {Count 2} {Type C } 
[6824] 2016/01/26 08:41:10.265 收到 Head 資訊 {Count 2} {Type C } 
[6824] 2016/01/26 08:41:10.265 收到 Head 資訊 {Count 2} {Type C } 
[6824] 2016/01/26 08:41:10.265 收到 Head 資訊 {Count 2} {Type C } 
[6824] 2016/01/26 08:41:10.265 收到 Head 資訊 {Count 2} {Type C } 
[6824] 2016/01/26 08:41:10.265 收到 Head 資訊 {Count 2} {Type C } 
[6824] 2016/01/26 08:41:10.265 收到 Head 資訊 {Count 2} {Type C } 
[6824] 2016/01/26 08:41:10.265 收到 Head 資訊 {Count 2} {Type C } 
[6824] 2016/01/26 08:41:10.265 收到 Head 資訊 {Count 2} {Type C } 
[6824] 2016/01/26 08:41:10.280 收到 Head 資訊 {Count 2} {Type C } 
[6824] 2016/01/26 08:41:10.280 收到 Head 資訊 {Count 2} {Type C } 
[6824] 2016/01/26 08:41:10.280 收到 Head 資訊 {Count 2} {Type D } 
[6824] 2016/01/26 08:41:10.280 收到 Head 資訊 {Count 2} {Type D } 
[6824] 2016/01/26 08:41:10.280 收到 Head 資訊 {Count 2} {Type C } 
[6824] 2016/01/26 08:41:10.280 收到 Head 資訊 {Count 2} {Type C } 
[6824] 2016/01/26 08:41:10.280 收到 Head 資訊 {Count 2} {Type C } 
[6824] 2016/01/26 08:41:10.280 收到 Head 資訊 {Count 2} {Type C } 
[6824] 2016/01/26 08:41:10.296 收到 Head 資訊 {Count 2} {Type B } 
[7712] 2016/01/26 08:42:08.111 API InitInstance 
[7712] 2016/01/26 08:42:09.624 R122455031 連線 Code：0
[7712] 2016/01/26 08:42:10.638 收到 Head 資訊 {Count 2} {Type C } 
[7712] 2016/01/26 08:42:10.669 收到 Head 資訊 {Count 2} {Type C } 
[7712] 2016/01/26 08:42:10.685 收到 Head 資訊 {Count 2} {Type C } 
[7712] 2016/01/26 08:42:10.685 收到 Head 資訊 {Count 2} {Type C } 
[7712] 2016/01/26 08:42:10.685 收到 Head 資訊 {Count 2} {Type C } 
[7712] 2016/01/26 08:42:10.685 收到 Head 資訊 {Count 2} {Type C } 
[7712] 2016/01/26 08:42:10.685 收到 Head 資訊 {Count 2} {Type C } 
[7712] 2016/01/26 08:42:10.685 收到 Head 資訊 {Count 2} {Type C } 
[7712] 2016/01/26 08:42:10.685 收到 Head 資訊 {Count 2} {Type C } 
[7712] 2016/01/26 08:42:10.685 收到 Head 資訊 {Count 2} {Type C } 
[7712] 2016/01/26 08:42:10.685 收到 Head 資訊 {Count 2} {Type C } 
[7712] 2016/01/26 08:42:10.685 收到 Head 資訊 {Count 2} {Type C } 
[7712] 2016/01/26 08:42:10.685 收到 Head 資訊 {Count 2} {Type C } 
[7712] 2016/01/26 08:42:10.685 收到 Head 資訊 {Count 2} {Type C } 
[7712] 2016/01/26 08:42:10.700 收到 Head 資訊 {Count 2} {Type C } 
[7712] 2016/01/26 08:42:10.700 收到 Head 資訊 {Count 2} {Type C } 
[7712] 2016/01/26 08:42:10.700 收到 Head 資訊 {Count 2} {Type C } 
[7712] 2016/01/26 08:42:10.700 收到 Head 資訊 {Count 2} {Type C } 
[7712] 2016/01/26 08:42:10.700 收到 Head 資訊 {Count 2} {Type C } 
[7712] 2016/01/26 08:42:10.700 收到 Head 資訊 {Count 2} {Type C } 
[7712] 2016/01/26 08:42:10.700 收到 Head 資訊 {Count 2} {Type C } 
[7712] 2016/01/26 08:42:10.700 收到 Head 資訊 {Count 2} {Type C } 
[7712] 2016/01/26 08:42:10.700 收到 Head 資訊 {Count 2} {Type C } 
[7712] 2016/01/26 08:42:10.700 收到 Head 資訊 {Count 2} {Type C } 
[7712] 2016/01/26 08:42:10.700 收到 Head 資訊 {Count 2} {Type C } 
[7712] 2016/01/26 08:42:10.700 收到 Head 資訊 {Count 2} {Type C } 
[7712] 2016/01/26 08:42:10.716 收到 Head 資訊 {Count 2} {Type C } 
[7712] 2016/01/26 08:42:10.716 收到 Head 資訊 {Count 2} {Type C } 
[7712] 2016/01/26 08:42:10.716 收到 Head 資訊 {Count 2} {Type C } 
[7712] 2016/01/26 08:42:10.716 收到 Head 資訊 {Count 2} {Type C } 
[7712] 2016/01/26 08:42:10.716 收到 Head 資訊 {Count 2} {Type C } 
[7712] 2016/01/26 08:42:10.716 收到 Head 資訊 {Count 2} {Type C } 
[7712] 2016/01/26 08:42:10.716 收到 Head 資訊 {Count 2} {Type C } 
[7712] 2016/01/26 08:42:10.716 收到 Head 資訊 {Count 2} {Type C } 
[7712] 2016/01/26 08:42:10.716 收到 Head 資訊 {Count 2} {Type C } 
[7712] 2016/01/26 08:42:10.716 收到 Head 資訊 {Count 2} {Type C } 
[7712] 2016/01/26 08:42:10.716 收到 Head 資訊 {Count 2} {Type C } 
[7712] 2016/01/26 08:42:10.716 收到 Head 資訊 {Count 2} {Type C } 
[7712] 2016/01/26 08:42:10.716 收到 Head 資訊 {Count 2} {Type C } 
[7712] 2016/01/26 08:42:10.716 收到 Head 資訊 {Count 2} {Type C } 
[7712] 2016/01/26 08:42:10.716 收到 Head 資訊 {Count 2} {Type C } 
[7712] 2016/01/26 08:42:10.716 收到 Head 資訊 {Count 2} {Type C } 
[7712] 2016/01/26 08:42:10.716 收到 Head 資訊 {Count 2} {Type C } 
[7712] 2016/01/26 08:42:10.716 收到 Head 資訊 {Count 2} {Type C } 
[7712] 2016/01/26 08:42:10.731 收到 Head 資訊 {Count 2} {Type C } 
[7712] 2016/01/26 08:42:10.731 收到 Head 資訊 {Count 2} {Type C } 
[7712] 2016/01/26 08:42:10.731 收到 Head 資訊 {Count 2} {Type C } 
[7712] 2016/01/26 08:42:10.731 收到 Head 資訊 {Count 2} {Type C } 
[7712] 2016/01/26 08:42:10.731 收到 Head 資訊 {Count 2} {Type C } 
[7712] 2016/01/26 08:42:10.731 收到 Head 資訊 {Count 2} {Type C } 
[7712] 2016/01/26 08:42:10.731 收到 Head 資訊 {Count 2} {Type C } 
[7712] 2016/01/26 08:42:10.731 收到 Head 資訊 {Count 2} {Type C } 
[7712] 2016/01/26 08:42:10.731 收到 Head 資訊 {Count 2} {Type C } 
[7712] 2016/01/26 08:42:10.731 收到 Head 資訊 {Count 2} {Type C } 
[7712] 2016/01/26 08:42:10.731 收到 Head 資訊 {Count 2} {Type C } 
[7712] 2016/01/26 08:42:10.731 收到 Head 資訊 {Count 2} {Type C } 
[7712] 2016/01/26 08:42:10.731 收到 Head 資訊 {Count 2} {Type C } 
[7712] 2016/01/26 08:42:10.731 收到 Head 資訊 {Count 2} {Type C } 
[7712] 2016/01/26 08:42:10.731 收到 Head 資訊 {Count 2} {Type C } 
[7712] 2016/01/26 08:42:10.731 收到 Head 資訊 {Count 2} {Type C } 
[7712] 2016/01/26 08:42:10.731 收到 Head 資訊 {Count 2} {Type C } 
[7712] 2016/01/26 08:42:10.731 收到 Head 資訊 {Count 2} {Type C } 
[7712] 2016/01/26 08:42:10.747 收到 Head 資訊 {Count 2} {Type C } 
[7712] 2016/01/26 08:42:10.747 收到 Head 資訊 {Count 2} {Type C } 
[7712] 2016/01/26 08:42:10.747 收到 Head 資訊 {Count 2} {Type C } 
[7712] 2016/01/26 08:42:10.747 收到 Head 資訊 {Count 2} {Type C } 
[7712] 2016/01/26 08:42:10.747 收到 Head 資訊 {Count 2} {Type C } 
[7712] 2016/01/26 08:42:10.747 收到 Head 資訊 {Count 2} {Type C } 
[7712] 2016/01/26 08:42:10.747 收到 Head 資訊 {Count 2} {Type C } 
[7712] 2016/01/26 08:42:10.747 收到 Head 資訊 {Count 2} {Type C } 
[7712] 2016/01/26 08:42:10.747 收到 Head 資訊 {Count 2} {Type C } 
[7712] 2016/01/26 08:42:10.747 收到 Head 資訊 {Count 2} {Type C } 
[7712] 2016/01/26 08:42:10.747 收到 Head 資訊 {Count 2} {Type C } 
[7712] 2016/01/26 08:42:10.747 收到 Head 資訊 {Count 2} {Type C } 
[7712] 2016/01/26 08:42:10.747 收到 Head 資訊 {Count 2} {Type C } 
[7712] 2016/01/26 08:42:10.747 收到 Head 資訊 {Count 2} {Type C } 
[7712] 2016/01/26 08:42:10.763 收到 Head 資訊 {Count 2} {Type C } 
[7712] 2016/01/26 08:42:10.763 收到 Head 資訊 {Count 2} {Type C } 
[7712] 2016/01/26 08:42:10.763 收到 Head 資訊 {Count 2} {Type C } 
[7712] 2016/01/26 08:42:10.763 收到 Head 資訊 {Count 2} {Type C } 
[7712] 2016/01/26 08:42:10.763 收到 Head 資訊 {Count 2} {Type C } 
[7712] 2016/01/26 08:42:10.763 收到 Head 資訊 {Count 2} {Type C } 
[7712] 2016/01/26 08:42:10.763 收到 Head 資訊 {Count 2} {Type C } 
[7712] 2016/01/26 08:42:10.763 收到 Head 資訊 {Count 2} {Type C } 
[7712] 2016/01/26 08:42:10.763 收到 Head 資訊 {Count 2} {Type C } 
[7712] 2016/01/26 08:42:10.763 收到 Head 資訊 {Count 2} {Type C } 
[7712] 2016/01/26 08:42:10.825 收到 Head 資訊 {Count 2} {Type C } 
[7712] 2016/01/26 08:42:10.841 收到 Head 資訊 {Count 2} {Type C } 
[7712] 2016/01/26 08:42:10.841 收到 Head 資訊 {Count 2} {Type C } 
[7712] 2016/01/26 08:42:10.841 收到 Head 資訊 {Count 2} {Type C } 
[7712] 2016/01/26 08:42:10.841 收到 Head 資訊 {Count 2} {Type D } 
[7712] 2016/01/26 08:42:10.841 收到 Head 資訊 {Count 2} {Type D } 
[7712] 2016/01/26 08:42:10.841 收到 Head 資訊 {Count 2} {Type C } 
[7712] 2016/01/26 08:42:10.841 收到 Head 資訊 {Count 2} {Type C } 
[7712] 2016/01/26 08:42:10.841 收到 Head 資訊 {Count 2} {Type C } 
[7712] 2016/01/26 08:42:10.841 收到 Head 資訊 {Count 2} {Type C } 
[7712] 2016/01/26 08:42:10.841 收到 Head 資訊 {Count 2} {Type B } 
[4588] 2016/01/26 08:42:54.682 API InitInstance 
[4588] 2016/01/26 08:42:57.053 R122455031 連線 Code：0
[4588] 2016/01/26 08:42:58.067 收到 Head 資訊 {Count 2} {Type C } 
[4588] 2016/01/26 08:42:58.099 收到 Head 資訊 {Count 2} {Type C } 
[4588] 2016/01/26 08:42:58.114 收到 Head 資訊 {Count 2} {Type C } 
[4588] 2016/01/26 08:42:58.114 收到 Head 資訊 {Count 2} {Type C } 
[4588] 2016/01/26 08:42:58.114 收到 Head 資訊 {Count 2} {Type C } 
[4588] 2016/01/26 08:42:58.114 收到 Head 資訊 {Count 2} {Type C } 
[4588] 2016/01/26 08:42:58.114 收到 Head 資訊 {Count 2} {Type C } 
[4588] 2016/01/26 08:42:58.114 收到 Head 資訊 {Count 2} {Type C } 
[4588] 2016/01/26 08:42:58.114 收到 Head 資訊 {Count 2} {Type C } 
[4588] 2016/01/26 08:42:58.114 收到 Head 資訊 {Count 2} {Type C } 
[4588] 2016/01/26 08:42:58.114 收到 Head 資訊 {Count 2} {Type C } 
[4588] 2016/01/26 08:42:58.114 收到 Head 資訊 {Count 2} {Type C } 
[4588] 2016/01/26 08:42:58.114 收到 Head 資訊 {Count 2} {Type C } 
[4588] 2016/01/26 08:42:58.114 收到 Head 資訊 {Count 2} {Type C } 
[4588] 2016/01/26 08:42:58.114 收到 Head 資訊 {Count 2} {Type C } 
[4588] 2016/01/26 08:42:58.114 收到 Head 資訊 {Count 2} {Type C } 
[4588] 2016/01/26 08:42:58.114 收到 Head 資訊 {Count 2} {Type C } 
[4588] 2016/01/26 08:42:58.114 收到 Head 資訊 {Count 2} {Type C } 
[4588] 2016/01/26 08:42:58.114 收到 Head 資訊 {Count 2} {Type C } 
[4588] 2016/01/26 08:42:58.114 收到 Head 資訊 {Count 2} {Type C } 
[4588] 2016/01/26 08:42:58.114 收到 Head 資訊 {Count 2} {Type C } 
[4588] 2016/01/26 08:42:58.114 收到 Head 資訊 {Count 2} {Type C } 
[4588] 2016/01/26 08:42:58.114 收到 Head 資訊 {Count 2} {Type C } 
[4588] 2016/01/26 08:42:58.114 收到 Head 資訊 {Count 2} {Type C } 
[4588] 2016/01/26 08:42:58.114 收到 Head 資訊 {Count 2} {Type C } 
[4588] 2016/01/26 08:42:58.114 收到 Head 資訊 {Count 2} {Type C } 
[4588] 2016/01/26 08:42:58.114 收到 Head 資訊 {Count 2} {Type C } 
[4588] 2016/01/26 08:42:58.114 收到 Head 資訊 {Count 2} {Type C } 
[4588] 2016/01/26 08:42:58.114 收到 Head 資訊 {Count 2} {Type C } 
[4588] 2016/01/26 08:42:58.114 收到 Head 資訊 {Count 2} {Type C } 
[4588] 2016/01/26 08:42:58.114 收到 Head 資訊 {Count 2} {Type C } 
[4588] 2016/01/26 08:42:58.114 收到 Head 資訊 {Count 2} {Type C } 
[4588] 2016/01/26 08:42:58.114 收到 Head 資訊 {Count 2} {Type C } 
[4588] 2016/01/26 08:42:58.130 收到 Head 資訊 {Count 2} {Type C } 
[4588] 2016/01/26 08:42:58.130 收到 Head 資訊 {Count 2} {Type C } 
[4588] 2016/01/26 08:42:58.130 收到 Head 資訊 {Count 2} {Type C } 
[4588] 2016/01/26 08:42:58.130 收到 Head 資訊 {Count 2} {Type C } 
[4588] 2016/01/26 08:42:58.130 收到 Head 資訊 {Count 2} {Type C } 
[4588] 2016/01/26 08:42:58.130 收到 Head 資訊 {Count 2} {Type C } 
[4588] 2016/01/26 08:42:58.130 收到 Head 資訊 {Count 2} {Type C } 
[4588] 2016/01/26 08:42:58.130 收到 Head 資訊 {Count 2} {Type C } 
[4588] 2016/01/26 08:42:58.130 收到 Head 資訊 {Count 2} {Type C } 
[4588] 2016/01/26 08:42:58.130 收到 Head 資訊 {Count 2} {Type C } 
[4588] 2016/01/26 08:42:58.130 收到 Head 資訊 {Count 2} {Type C } 
[4588] 2016/01/26 08:42:58.130 收到 Head 資訊 {Count 2} {Type C } 
[4588] 2016/01/26 08:42:58.130 收到 Head 資訊 {Count 2} {Type C } 
[4588] 2016/01/26 08:42:58.130 收到 Head 資訊 {Count 2} {Type C } 
[4588] 2016/01/26 08:42:58.130 收到 Head 資訊 {Count 2} {Type C } 
[4588] 2016/01/26 08:42:58.130 收到 Head 資訊 {Count 2} {Type C } 
[4588] 2016/01/26 08:42:58.130 收到 Head 資訊 {Count 2} {Type C } 
[4588] 2016/01/26 08:42:58.130 收到 Head 資訊 {Count 2} {Type C } 
[4588] 2016/01/26 08:42:58.130 收到 Head 資訊 {Count 2} {Type C } 
[4588] 2016/01/26 08:42:58.130 收到 Head 資訊 {Count 2} {Type C } 
[4588] 2016/01/26 08:42:58.130 收到 Head 資訊 {Count 2} {Type C } 
[4588] 2016/01/26 08:42:58.130 收到 Head 資訊 {Count 2} {Type C } 
[4588] 2016/01/26 08:42:58.130 收到 Head 資訊 {Count 2} {Type C } 
[4588] 2016/01/26 08:42:58.130 收到 Head 資訊 {Count 2} {Type C } 
[4588] 2016/01/26 08:42:58.130 收到 Head 資訊 {Count 2} {Type C } 
[4588] 2016/01/26 08:42:58.130 收到 Head 資訊 {Count 2} {Type C } 
[4588] 2016/01/26 08:42:58.130 收到 Head 資訊 {Count 2} {Type C } 
[4588] 2016/01/26 08:42:58.130 收到 Head 資訊 {Count 2} {Type C } 
[4588] 2016/01/26 08:42:58.130 收到 Head 資訊 {Count 2} {Type C } 
[4588] 2016/01/26 08:42:58.130 收到 Head 資訊 {Count 2} {Type C } 
[4588] 2016/01/26 08:42:58.145 收到 Head 資訊 {Count 2} {Type C } 
[4588] 2016/01/26 08:42:58.145 收到 Head 資訊 {Count 2} {Type C } 
[4588] 2016/01/26 08:42:58.145 收到 Head 資訊 {Count 2} {Type C } 
[4588] 2016/01/26 08:42:58.145 收到 Head 資訊 {Count 2} {Type C } 
[4588] 2016/01/26 08:42:58.145 收到 Head 資訊 {Count 2} {Type C } 
[4588] 2016/01/26 08:42:58.145 收到 Head 資訊 {Count 2} {Type C } 
[4588] 2016/01/26 08:42:58.145 收到 Head 資訊 {Count 2} {Type C } 
[4588] 2016/01/26 08:42:58.145 收到 Head 資訊 {Count 2} {Type C } 
[4588] 2016/01/26 08:42:58.145 收到 Head 資訊 {Count 2} {Type C } 
[4588] 2016/01/26 08:42:58.145 收到 Head 資訊 {Count 2} {Type C } 
[4588] 2016/01/26 08:42:58.145 收到 Head 資訊 {Count 2} {Type C } 
[4588] 2016/01/26 08:42:58.145 收到 Head 資訊 {Count 2} {Type C } 
[4588] 2016/01/26 08:42:58.145 收到 Head 資訊 {Count 2} {Type C } 
[4588] 2016/01/26 08:42:58.145 收到 Head 資訊 {Count 2} {Type C } 
[4588] 2016/01/26 08:42:58.145 收到 Head 資訊 {Count 2} {Type C } 
[4588] 2016/01/26 08:42:58.145 收到 Head 資訊 {Count 2} {Type C } 
[4588] 2016/01/26 08:42:58.145 收到 Head 資訊 {Count 2} {Type C } 
[4588] 2016/01/26 08:42:58.145 收到 Head 資訊 {Count 2} {Type C } 
[4588] 2016/01/26 08:42:58.145 收到 Head 資訊 {Count 2} {Type C } 
[4588] 2016/01/26 08:42:58.145 收到 Head 資訊 {Count 2} {Type C } 
[4588] 2016/01/26 08:42:58.145 收到 Head 資訊 {Count 2} {Type C } 
[4588] 2016/01/26 08:42:58.145 收到 Head 資訊 {Count 2} {Type C } 
[4588] 2016/01/26 08:42:58.145 收到 Head 資訊 {Count 2} {Type C } 
[4588] 2016/01/26 08:42:58.145 收到 Head 資訊 {Count 2} {Type C } 
[4588] 2016/01/26 08:42:58.145 收到 Head 資訊 {Count 2} {Type C } 
[4588] 2016/01/26 08:42:58.145 收到 Head 資訊 {Count 2} {Type C } 
[4588] 2016/01/26 08:42:58.161 收到 Head 資訊 {Count 2} {Type C } 
[4588] 2016/01/26 08:42:58.161 收到 Head 資訊 {Count 2} {Type D } 
[4588] 2016/01/26 08:42:58.161 收到 Head 資訊 {Count 2} {Type D } 
[4588] 2016/01/26 08:42:58.161 收到 Head 資訊 {Count 2} {Type C } 
[4588] 2016/01/26 08:42:58.161 收到 Head 資訊 {Count 2} {Type C } 
[4588] 2016/01/26 08:42:58.161 收到 Head 資訊 {Count 2} {Type C } 
[4588] 2016/01/26 08:42:58.161 收到 Head 資訊 {Count 2} {Type C } 
[4588] 2016/01/26 08:42:58.161 收到 Head 資訊 {Count 2} {Type B } 
[7344] 2016/01/26 08:45:39.153 API InitInstance 
[7344] 2016/01/26 08:45:41.118 R122455031 連線 Code：0
[7344] 2016/01/26 08:45:42.132 收到 Head 資訊 {Count 2} {Type A } 
[7344] 2016/01/26 08:45:42.148 0501264001990TFNNF0200003902196BYRTW     FITX   201602                    n0D73+007773000                                                        0001    00000001201601260845160000000000000000037s
[7344] 2016/01/26 08:45:42.179 收到 Head 資訊 {Count 2} {Type A } 
[7344] 2016/01/26 08:45:42.179 0501264001997TFNNF0200003902196SYRTW     FITX   201602                    n0D76+007795000                                                        0001    00000001201601260845160000000000000000037s
[7344] 2016/01/26 08:45:42.195 收到 Head 資訊 {Count 2} {Type A } 
[7344] 2016/01/26 08:45:42.195 0501264001990TFDNF0200003902196B00TW     FITX   201602                    n0D73+07773000                                                         0001            201601260845160000006900000000037s
[7344] 2016/01/26 08:45:42.195 收到 Head 資訊 {Count 2} {Type C } 
[7344] 2016/01/26 08:45:42.195 收到 Head 資訊 {Count 2} {Type C } 
[7344] 2016/01/26 08:45:42.195 收到 Head 資訊 {Count 2} {Type C } 
[7344] 2016/01/26 08:45:42.195 收到 Head 資訊 {Count 2} {Type C } 
[7344] 2016/01/26 08:45:42.195 收到 Head 資訊 {Count 2} {Type C } 
[7344] 2016/01/26 08:45:42.195 收到 Head 資訊 {Count 2} {Type C } 
[7344] 2016/01/26 08:45:42.195 收到 Head 資訊 {Count 2} {Type C } 
[7344] 2016/01/26 08:45:42.195 收到 Head 資訊 {Count 2} {Type C } 
[7344] 2016/01/26 08:45:42.195 收到 Head 資訊 {Count 2} {Type C } 
[7344] 2016/01/26 08:45:42.195 收到 Head 資訊 {Count 2} {Type C } 
[7344] 2016/01/26 08:45:42.195 收到 Head 資訊 {Count 2} {Type C } 
[7344] 2016/01/26 08:45:42.195 收到 Head 資訊 {Count 2} {Type C } 
[7344] 2016/01/26 08:45:42.195 收到 Head 資訊 {Count 2} {Type C } 
[7344] 2016/01/26 08:45:42.195 收到 Head 資訊 {Count 2} {Type C } 
[7344] 2016/01/26 08:45:42.195 收到 Head 資訊 {Count 2} {Type C } 
[7344] 2016/01/26 08:45:42.210 收到 Head 資訊 {Count 2} {Type C } 
[7344] 2016/01/26 08:45:42.210 收到 Head 資訊 {Count 2} {Type C } 
[7344] 2016/01/26 08:45:42.210 收到 Head 資訊 {Count 2} {Type C } 
[7344] 2016/01/26 08:45:42.210 收到 Head 資訊 {Count 2} {Type C } 
[7344] 2016/01/26 08:45:42.226 收到 Head 資訊 {Count 2} {Type C } 
[7344] 2016/01/26 08:45:42.226 收到 Head 資訊 {Count 2} {Type C } 
[7344] 2016/01/26 08:45:42.226 收到 Head 資訊 {Count 2} {Type C } 
[7344] 2016/01/26 08:45:42.257 收到 Head 資訊 {Count 2} {Type C } 
[7344] 2016/01/26 08:45:42.257 收到 Head 資訊 {Count 2} {Type C } 
[7344] 2016/01/26 08:45:42.257 收到 Head 資訊 {Count 2} {Type C } 
[7344] 2016/01/26 08:45:42.257 收到 Head 資訊 {Count 2} {Type C } 
[7344] 2016/01/26 08:45:42.460 收到 Head 資訊 {Count 2} {Type C } 
[7344] 2016/01/26 08:45:42.460 收到 Head 資訊 {Count 2} {Type C } 
[7344] 2016/01/26 08:45:42.460 收到 Head 資訊 {Count 2} {Type C } 
[7344] 2016/01/26 08:45:42.460 收到 Head 資訊 {Count 2} {Type C } 
[7344] 2016/01/26 08:45:42.460 收到 Head 資訊 {Count 2} {Type C } 
[7344] 2016/01/26 08:45:43.021 收到 Head 資訊 {Count 2} {Type C } 
[7344] 2016/01/26 08:45:43.021 收到 Head 資訊 {Count 2} {Type C } 
[7344] 2016/01/26 08:45:43.021 收到 Head 資訊 {Count 2} {Type C } 
[7344] 2016/01/26 08:45:43.021 收到 Head 資訊 {Count 2} {Type C } 
[7344] 2016/01/26 08:45:43.021 收到 Head 資訊 {Count 2} {Type C } 
[7344] 2016/01/26 08:45:43.021 收到 Head 資訊 {Count 2} {Type C } 
[7344] 2016/01/26 08:45:43.021 收到 Head 資訊 {Count 2} {Type C } 
[7344] 2016/01/26 08:45:43.879 收到 Head 資訊 {Count 2} {Type C } 
[7344] 2016/01/26 08:45:43.879 收到 Head 資訊 {Count 2} {Type C } 
[7344] 2016/01/26 08:45:43.879 收到 Head 資訊 {Count 2} {Type C } 
[7344] 2016/01/26 08:45:43.879 收到 Head 資訊 {Count 2} {Type C } 
[7344] 2016/01/26 08:45:43.879 收到 Head 資訊 {Count 2} {Type C } 
[7344] 2016/01/26 08:45:43.879 收到 Head 資訊 {Count 2} {Type C } 
[7344] 2016/01/26 08:45:43.879 收到 Head 資訊 {Count 2} {Type C } 
[7344] 2016/01/26 08:45:43.895 收到 Head 資訊 {Count 2} {Type C } 
[7344] 2016/01/26 08:45:43.895 收到 Head 資訊 {Count 2} {Type C } 
[7344] 2016/01/26 08:45:43.895 收到 Head 資訊 {Count 2} {Type C } 
[7344] 2016/01/26 08:45:44.129 收到 Head 資訊 {Count 2} {Type C } 
[7344] 2016/01/26 08:45:44.129 收到 Head 資訊 {Count 2} {Type C } 
[7344] 2016/01/26 08:45:44.129 收到 Head 資訊 {Count 2} {Type C } 
[7344] 2016/01/26 08:45:44.129 收到 Head 資訊 {Count 2} {Type C } 
[7344] 2016/01/26 08:45:44.129 收到 Head 資訊 {Count 2} {Type C } 
[7344] 2016/01/26 08:45:44.129 收到 Head 資訊 {Count 2} {Type C } 
[7344] 2016/01/26 08:45:44.129 收到 Head 資訊 {Count 2} {Type C } 
[7344] 2016/01/26 08:45:44.129 收到 Head 資訊 {Count 2} {Type C } 
[7344] 2016/01/26 08:45:44.129 收到 Head 資訊 {Count 2} {Type C } 
[7344] 2016/01/26 08:45:44.129 收到 Head 資訊 {Count 2} {Type C } 
[7344] 2016/01/26 08:45:44.129 收到 Head 資訊 {Count 2} {Type C } 
[7344] 2016/01/26 08:45:44.129 收到 Head 資訊 {Count 2} {Type C } 
[7344] 2016/01/26 08:45:44.176 收到 Head 資訊 {Count 2} {Type C } 
[7344] 2016/01/26 08:45:44.176 收到 Head 資訊 {Count 2} {Type C } 
[7344] 2016/01/26 08:45:44.176 收到 Head 資訊 {Count 2} {Type C } 
[7344] 2016/01/26 08:45:44.176 收到 Head 資訊 {Count 2} {Type C } 
[7344] 2016/01/26 08:45:44.176 收到 Head 資訊 {Count 2} {Type C } 
[7344] 2016/01/26 08:45:44.176 收到 Head 資訊 {Count 2} {Type C } 
[7344] 2016/01/26 08:45:44.176 收到 Head 資訊 {Count 2} {Type C } 
[7344] 2016/01/26 08:45:44.176 收到 Head 資訊 {Count 2} {Type C } 
[7344] 2016/01/26 08:45:44.176 收到 Head 資訊 {Count 2} {Type C } 
[7344] 2016/01/26 08:45:44.176 收到 Head 資訊 {Count 2} {Type C } 
[7344] 2016/01/26 08:45:44.176 收到 Head 資訊 {Count 2} {Type C } 
[7344] 2016/01/26 08:45:44.176 收到 Head 資訊 {Count 2} {Type C } 
[7344] 2016/01/26 08:45:44.176 收到 Head 資訊 {Count 2} {Type C } 
[7344] 2016/01/26 08:45:44.176 收到 Head 資訊 {Count 2} {Type C } 
[7344] 2016/01/26 08:45:44.176 收到 Head 資訊 {Count 2} {Type C } 
[7344] 2016/01/26 08:45:44.176 收到 Head 資訊 {Count 2} {Type C } 
[7344] 2016/01/26 08:45:44.176 收到 Head 資訊 {Count 2} {Type C } 
[7344] 2016/01/26 08:45:44.176 收到 Head 資訊 {Count 2} {Type C } 
[7344] 2016/01/26 08:45:44.176 收到 Head 資訊 {Count 2} {Type C } 
[7344] 2016/01/26 08:45:44.176 收到 Head 資訊 {Count 2} {Type C } 
[7344] 2016/01/26 08:45:44.176 收到 Head 資訊 {Count 2} {Type C } 
[7344] 2016/01/26 08:45:44.176 收到 Head 資訊 {Count 2} {Type C } 
[7344] 2016/01/26 08:45:44.176 收到 Head 資訊 {Count 2} {Type C } 
[7344] 2016/01/26 08:45:44.176 收到 Head 資訊 {Count 2} {Type C } 
[7344] 2016/01/26 08:45:44.176 收到 Head 資訊 {Count 2} {Type C } 
[7344] 2016/01/26 08:45:44.176 收到 Head 資訊 {Count 2} {Type C } 
[7344] 2016/01/26 08:45:44.176 收到 Head 資訊 {Count 2} {Type C } 
[7344] 2016/01/26 08:45:44.176 收到 Head 資訊 {Count 2} {Type C } 
[7344] 2016/01/26 08:45:44.176 收到 Head 資訊 {Count 2} {Type C } 
[7344] 2016/01/26 08:45:44.176 收到 Head 資訊 {Count 2} {Type C } 
[7344] 2016/01/26 08:45:44.176 收到 Head 資訊 {Count 2} {Type D } 
[7344] 2016/01/26 08:45:44.191 收到 Head 資訊 {Count 2} {Type D } 
[7344] 2016/01/26 08:45:44.191 收到 Head 資訊 {Count 2} {Type C } 
[7344] 2016/01/26 08:45:44.191 收到 Head 資訊 {Count 2} {Type C } 
[7344] 2016/01/26 08:45:44.191 收到 Head 資訊 {Count 2} {Type C } 
[7344] 2016/01/26 08:45:44.191 收到 Head 資訊 {Count 2} {Type C } 
[7344] 2016/01/26 08:45:44.191 收到 Head 資訊 {Count 2} {Type B } 
[7344] 2016/01/26 08:46:40.305 連線確認 R122455031 (21,21)
[7344] 2016/01/26 08:47:40.318 連線確認 R122455031 (21,21)
[7344] 2016/01/26 08:48:40.331 連線確認 R122455031 (21,21)
[7344] 2016/01/26 08:49:40.345 連線確認 R122455031 (21,21)
[7344] 2016/01/26 08:50:40.358 連線確認 R122455031 (21,21)
[7344] 2016/01/26 08:50:42.168 收到 Head 資訊 {Count 2} {Type B } 
[7344] 2016/01/26 08:51:40.366 連線確認 R122455031 (21,21)
[7344] 2016/01/26 08:52:40.379 連線確認 R122455031 (21,21)
[7344] 2016/01/26 08:53:40.392 連線確認 R122455031 (21,21)
[7344] 2016/01/26 08:54:40.407 連線確認 R122455031 (21,21)
[7344] 2016/01/26 08:55:34.883 收到 Head 資訊 {Count 2} {Type C } 
[7344] 2016/01/26 08:55:40.420 連線確認 R122455031 (21,21)
[7344] 2016/01/26 08:55:43.162 收到 Head 資訊 {Count 2} {Type B } 
[7344] 2016/01/26 08:55:44.923 收到 Head 資訊 {Count 2} {Type C } 
[7344] 2016/01/26 08:55:54.923 收到 Head 資訊 {Count 2} {Type C } 
[7344] 2016/01/26 08:56:04.923 收到 Head 資訊 {Count 2} {Type C } 
[7344] 2016/01/26 08:56:14.922 收到 Head 資訊 {Count 2} {Type C } 
[7344] 2016/01/26 08:56:40.434 連線確認 R122455031 (21,21)
[7344] 2016/01/26 08:57:40.447 連線確認 R122455031 (21,21)
[7344] 2016/01/26 08:58:40.461 連線確認 R122455031 (21,21)
[7344] 2016/01/26 08:59:40.475 連線確認 R122455031 (21,21)
[7344] 2016/01/26 09:00:12.962 收到 Head 資訊 {Count 2} {Type C } 
[7344] 2016/01/26 09:00:40.487 連線確認 R122455031 (21,21)
[7344] 2016/01/26 09:00:44.138 收到 Head 資訊 {Count 2} {Type B } 
[7344] 2016/01/26 09:01:40.502 連線確認 R122455031 (21,21)
[7344] 2016/01/26 09:02:40.515 連線確認 R122455031 (21,21)
[7344] 2016/01/26 09:03:40.530 連線確認 R122455031 (21,21)
[7344] 2016/01/26 09:04:40.543 連線確認 R122455031 (21,21)
[7344] 2016/01/26 09:05:40.667 連線確認 R122455031 (21,21)
[7344] 2016/01/26 09:05:45.189 收到 Head 資訊 {Count 2} {Type B } 
[7344] 2016/01/26 09:06:40.713 連線確認 R122455031 (21,21)
[7344] 2016/01/26 09:07:40.583 連線確認 R122455031 (21,21)
[7344] 2016/01/26 09:08:40.723 連線確認 R122455031 (21,21)
[7344] 2016/01/26 09:09:40.636 連線確認 R122455031 (21,21)
[7344] 2016/01/26 09:10:40.754 連線確認 R122455031 (21,21)
[7344] 2016/01/26 09:10:46.134 收到 Head 資訊 {Count 2} {Type B } 
[7344] 2016/01/26 09:11:40.638 連線確認 R122455031 (21,21)
[7344] 2016/01/26 09:12:40.652 連線確認 R122455031 (21,21)
[7344] 2016/01/26 09:13:40.665 連線確認 R122455031 (21,21)
[7344] 2016/01/26 09:14:40.678 連線確認 R122455031 (21,21)
[7344] 2016/01/26 09:15:40.691 連線確認 R122455031 (21,21)
[7344] 2016/01/26 09:15:47.109 收到 Head 資訊 {Count 2} {Type B } 
[7344] 2016/01/26 09:15:54.308 收到 Head 資訊 {Count 2} {Type C } 
[7344] 2016/01/26 09:16:04.348 收到 Head 資訊 {Count 2} {Type C } 
[7344] 2016/01/26 09:16:14.347 收到 Head 資訊 {Count 2} {Type C } 
[7344] 2016/01/26 09:16:24.348 收到 Head 資訊 {Count 2} {Type C } 
[7344] 2016/01/26 09:16:40.769 連線確認 R122455031 (21,21)
[7344] 2016/01/26 09:17:40.718 連線確認 R122455031 (21,21)
[7344] 2016/01/26 09:18:40.733 連線確認 R122455031 (21,21)
[7344] 2016/01/26 09:19:40.746 連線確認 R122455031 (21,21)
[7344] 2016/01/26 09:20:13.103 收到 Head 資訊 {Count 2} {Type C } 
[7344] 2016/01/26 09:20:40.761 連線確認 R122455031 (21,21)
[7344] 2016/01/26 09:20:48.102 收到 Head 資訊 {Count 2} {Type B } 
[7344] 2016/01/26 09:21:40.773 連線確認 R122455031 (21,21)
[7344] 2016/01/26 09:22:40.850 連線確認 R122455031 (21,21)
[7344] 2016/01/26 09:23:40.800 連線確認 R122455031 (21,21)
[7344] 2016/01/26 09:24:40.839 連線確認 R122455031 (21,21)
[7344] 2016/01/26 09:25:40.828 連線確認 R122455031 (21,21)
[7344] 2016/01/26 09:25:49.095 收到 Head 資訊 {Count 2} {Type B } 
[7344] 2016/01/26 09:26:40.841 連線確認 R122455031 (21,21)
[7344] 2016/01/26 09:27:40.855 連線確認 R122455031 (21,21)
[7344] 2016/01/26 09:28:40.869 連線確認 R122455031 (21,21)
[7344] 2016/01/26 09:29:40.947 連線確認 R122455031 (21,21)
[7344] 2016/01/26 09:30:41.039 連線確認 R122455031 (21,21)
[7344] 2016/01/26 09:30:50.110 收到 Head 資訊 {Count 2} {Type B } 
[7344] 2016/01/26 09:31:40.909 連線確認 R122455031 (21,21)
[7344] 2016/01/26 09:32:41.000 連線確認 R122455031 (21,21)
[7344] 2016/01/26 09:33:40.937 連線確認 R122455031 (21,21)
[7344] 2016/01/26 09:34:41.016 連線確認 R122455031 (21,21)
[7344] 2016/01/26 09:35:40.963 連線確認 R122455031 (21,21)
[7344] 2016/01/26 09:35:51.102 收到 Head 資訊 {Count 2} {Type B } 
[7344] 2016/01/26 09:36:14.022 收到 Head 資訊 {Count 2} {Type A } 
[7344] 2016/01/26 09:36:14.023 0501264001997TFDNF0200003902196S00TW     FITX   201602                    n0D76+07795000                                                         0001            201601260936080000086700000000037s
[7344] 2016/01/26 09:36:14.383 收到 Head 資訊 {Count 2} {Type C } 
[7344] 2016/01/26 09:36:24.424 收到 Head 資訊 {Count 2} {Type C } 
[7344] 2016/01/26 09:36:34.429 收到 Head 資訊 {Count 2} {Type C } 
[7344] 2016/01/26 09:36:40.978 連線確認 R122455031 (21,21)
[7344] 2016/01/26 09:36:44.486 收到 Head 資訊 {Count 2} {Type C } 
[7344] 2016/01/26 09:36:54.421 收到 Head 資訊 {Count 2} {Type C } 
[7344] 2016/01/26 09:37:40.991 連線確認 R122455031 (21,21)
[7344] 2016/01/26 09:38:41.004 連線確認 R122455031 (21,21)
[7344] 2016/01/26 09:39:41.019 連線確認 R122455031 (21,21)
[7344] 2016/01/26 09:40:41.090 連線確認 R122455031 (21,21)
[7344] 2016/01/26 09:40:52.106 收到 Head 資訊 {Count 2} {Type B } 
[7344] 2016/01/26 09:41:41.045 連線確認 R122455031 (21,21)
[7344] 2016/01/26 09:42:41.072 連線確認 R122455031 (21,21)
[7344] 2016/01/26 09:43:41.072 連線確認 R122455031 (21,21)
[7344] 2016/01/26 09:44:41.086 連線確認 R122455031 (21,21)
[7344] 2016/01/26 09:45:41.100 連線確認 R122455031 (21,21)
[7344] 2016/01/26 09:45:53.101 收到 Head 資訊 {Count 2} {Type B } 
[7344] 2016/01/26 09:46:41.113 連線確認 R122455031 (21,21)
[7344] 2016/01/26 09:47:41.126 連線確認 R122455031 (21,21)
[7344] 2016/01/26 09:48:41.140 連線確認 R122455031 (21,21)
[7344] 2016/01/26 09:49:41.188 連線確認 R122455031 (21,21)
[7344] 2016/01/26 09:50:41.213 連線確認 R122455031 (21,21)
[7344] 2016/01/26 09:50:54.093 收到 Head 資訊 {Count 2} {Type B } 
[7344] 2016/01/26 09:51:41.181 連線確認 R122455031 (21,21)
[7344] 2016/01/26 09:52:41.194 連線確認 R122455031 (21,21)
[7344] 2016/01/26 09:53:41.303 連線確認 R122455031 (21,21)
[7344] 2016/01/26 09:54:41.222 連線確認 R122455031 (21,21)
[7344] 2016/01/26 09:55:41.357 連線確認 R122455031 (21,21)
[7344] 2016/01/26 09:55:55.243 收到 Head 資訊 {Count 2} {Type B } 
[7344] 2016/01/26 09:56:14.806 收到 Head 資訊 {Count 2} {Type C } 
[7344] 2016/01/26 09:56:24.767 收到 Head 資訊 {Count 2} {Type C } 
[7344] 2016/01/26 09:56:34.818 收到 Head 資訊 {Count 2} {Type C } 
[7344] 2016/01/26 09:56:41.337 連線確認 R122455031 (21,21)
[7344] 2016/01/26 09:57:41.306 連線確認 R122455031 (21,21)
[7344] 2016/01/26 09:58:41.282 連線確認 R122455031 (21,21)
[7344] 2016/01/26 09:59:41.412 連線確認 R122455031 (21,21)
[7344] 2016/01/26 10:00:13.442 收到 Head 資訊 {Count 2} {Type C } 
[7344] 2016/01/26 10:00:23.443 收到 Head 資訊 {Count 2} {Type C } 
[7344] 2016/01/26 10:00:41.303 連線確認 R122455031 (21,21)
[7344] 2016/01/26 10:00:56.081 收到 Head 資訊 {Count 2} {Type B } 
[7344] 2016/01/26 10:01:41.316 連線確認 R122455031 (21,21)
[7344] 2016/01/26 10:02:41.331 連線確認 R122455031 (21,21)
[7344] 2016/01/26 10:03:41.344 連線確認 R122455031 (21,21)
[7344] 2016/01/26 10:04:41.358 連線確認 R122455031 (21,21)
[7344] 2016/01/26 10:05:41.371 連線確認 R122455031 (21,21)
[7344] 2016/01/26 10:05:57.045 收到 Head 資訊 {Count 2} {Type B } 
[7344] 2016/01/26 10:06:41.385 連線確認 R122455031 (21,21)
[7344] 2016/01/26 10:07:41.398 連線確認 R122455031 (21,21)
[7344] 2016/01/26 10:08:41.411 連線確認 R122455031 (21,21)
[7344] 2016/01/26 10:09:41.426 連線確認 R122455031 (21,21)
[7344] 2016/01/26 10:10:41.442 連線確認 R122455031 (21,21)
[7344] 2016/01/26 10:10:58.048 收到 Head 資訊 {Count 2} {Type B } 
[7344] 2016/01/26 10:11:41.453 連線確認 R122455031 (21,21)
[7344] 2016/01/26 10:12:41.486 連線確認 R122455031 (21,21)
[7344] 2016/01/26 10:13:41.480 連線確認 R122455031 (21,21)
[7344] 2016/01/26 10:14:41.494 連線確認 R122455031 (21,21)
[7344] 2016/01/26 10:15:41.602 連線確認 R122455031 (21,21)
[7344] 2016/01/26 10:15:59.042 收到 Head 資訊 {Count 2} {Type B } 
[7344] 2016/01/26 10:16:14.822 收到 Head 資訊 {Count 2} {Type C } 
[7344] 2016/01/26 10:16:24.724 收到 Head 資訊 {Count 2} {Type C } 
[7344] 2016/01/26 10:16:34.789 收到 Head 資訊 {Count 2} {Type C } 
[7344] 2016/01/26 10:16:41.661 連線確認 R122455031 (21,21)
[7344] 2016/01/26 10:16:44.768 收到 Head 資訊 {Count 2} {Type C } 
[7344] 2016/01/26 10:17:41.534 連線確認 R122455031 (21,21)
[7344] 2016/01/26 10:18:41.548 連線確認 R122455031 (21,21)
[7344] 2016/01/26 10:19:41.561 連線確認 R122455031 (21,21)
[7344] 2016/01/26 10:20:13.558 收到 Head 資訊 {Count 2} {Type C } 
[7344] 2016/01/26 10:20:41.575 連線確認 R122455031 (21,21)
[7344] 2016/01/26 10:21:00.039 收到 Head 資訊 {Count 2} {Type B } 
[7344] 2016/01/26 10:21:41.588 連線確認 R122455031 (21,21)
[9988] 2016/01/26 10:24:22.592 API InitInstance 
[9988] 2016/01/26 10:24:25.336 R122455031 連線 Code：0
[9988] 2016/01/26 10:24:26.361 收到 Head 資訊 {Count 2} {Type A } 
[9988] 2016/01/26 10:24:26.363 0501264001990TFNNF0200003902196BYRTW     FITX   201602                    n0D73+007773000                                                        0001    00000001201601260845160000000000000000037s
[9988] 2016/01/26 10:24:26.368 收到 Head 資訊 {Count 2} {Type A } 
[9988] 2016/01/26 10:24:26.371 0501264001997TFNNF0200003902196SYRTW     FITX   201602                    n0D76+007795000                                                        0001    00000001201601260845160000000000000000037s
[9988] 2016/01/26 10:24:26.374 收到 Head 資訊 {Count 2} {Type A } 
[9988] 2016/01/26 10:24:26.375 0501264001990TFDNF0200003902196B00TW     FITX   201602                    n0D73+07773000                                                         0001            201601260845160000006900000000037s
[9988] 2016/01/26 10:24:26.378 收到 Head 資訊 {Count 2} {Type A } 
[9988] 2016/01/26 10:24:26.378 0501264001997TFDNF0200003902196S00TW     FITX   201602                    n0D76+07795000                                                         0001            201601260936080000086700000000037s
[9988] 2016/01/26 10:24:26.381 收到 Head 資訊 {Count 2} {Type C } 
[9988] 2016/01/26 10:24:26.381 收到 Head 資訊 {Count 2} {Type C } 
[9988] 2016/01/26 10:24:26.382 收到 Head 資訊 {Count 2} {Type C } 
[9988] 2016/01/26 10:24:26.383 收到 Head 資訊 {Count 2} {Type C } 
[9988] 2016/01/26 10:24:26.384 收到 Head 資訊 {Count 2} {Type C } 
[9988] 2016/01/26 10:24:26.384 收到 Head 資訊 {Count 2} {Type C } 
[9988] 2016/01/26 10:24:26.385 收到 Head 資訊 {Count 2} {Type C } 
[9988] 2016/01/26 10:24:26.386 收到 Head 資訊 {Count 2} {Type C } 
[9988] 2016/01/26 10:24:26.386 收到 Head 資訊 {Count 2} {Type C } 
[9988] 2016/01/26 10:24:26.387 收到 Head 資訊 {Count 2} {Type C } 
[9988] 2016/01/26 10:24:26.388 收到 Head 資訊 {Count 2} {Type C } 
[9988] 2016/01/26 10:24:26.389 收到 Head 資訊 {Count 2} {Type C } 
[9988] 2016/01/26 10:24:26.390 收到 Head 資訊 {Count 2} {Type C } 
[9988] 2016/01/26 10:24:26.390 收到 Head 資訊 {Count 2} {Type C } 
[9988] 2016/01/26 10:24:26.391 收到 Head 資訊 {Count 2} {Type C } 
[9988] 2016/01/26 10:24:26.392 收到 Head 資訊 {Count 2} {Type C } 
[9988] 2016/01/26 10:24:26.392 收到 Head 資訊 {Count 2} {Type C } 
[9988] 2016/01/26 10:24:26.393 收到 Head 資訊 {Count 2} {Type C } 
[9988] 2016/01/26 10:24:26.394 收到 Head 資訊 {Count 2} {Type C } 
[9988] 2016/01/26 10:24:26.394 收到 Head 資訊 {Count 2} {Type C } 
[9988] 2016/01/26 10:24:26.395 收到 Head 資訊 {Count 2} {Type C } 
[9988] 2016/01/26 10:24:26.396 收到 Head 資訊 {Count 2} {Type C } 
[9988] 2016/01/26 10:24:26.396 收到 Head 資訊 {Count 2} {Type C } 
[9988] 2016/01/26 10:24:26.397 收到 Head 資訊 {Count 2} {Type C } 
[9988] 2016/01/26 10:24:26.398 收到 Head 資訊 {Count 2} {Type C } 
[9988] 2016/01/26 10:24:26.398 收到 Head 資訊 {Count 2} {Type C } 
[9988] 2016/01/26 10:24:26.399 收到 Head 資訊 {Count 2} {Type C } 
[9988] 2016/01/26 10:24:26.400 收到 Head 資訊 {Count 2} {Type C } 
[9988] 2016/01/26 10:24:26.400 收到 Head 資訊 {Count 2} {Type C } 
[9988] 2016/01/26 10:24:26.401 收到 Head 資訊 {Count 2} {Type C } 
[9988] 2016/01/26 10:24:26.402 收到 Head 資訊 {Count 2} {Type C } 
[9988] 2016/01/26 10:24:26.402 收到 Head 資訊 {Count 2} {Type C } 
[9988] 2016/01/26 10:24:26.403 收到 Head 資訊 {Count 2} {Type C } 
[9988] 2016/01/26 10:24:26.403 收到 Head 資訊 {Count 2} {Type C } 
[9988] 2016/01/26 10:24:26.404 收到 Head 資訊 {Count 2} {Type C } 
[9988] 2016/01/26 10:24:26.404 收到 Head 資訊 {Count 2} {Type C } 
[9988] 2016/01/26 10:24:26.405 收到 Head 資訊 {Count 2} {Type C } 
[9988] 2016/01/26 10:24:26.405 收到 Head 資訊 {Count 2} {Type C } 
[9988] 2016/01/26 10:24:26.406 收到 Head 資訊 {Count 2} {Type C } 
[9988] 2016/01/26 10:24:26.406 收到 Head 資訊 {Count 2} {Type C } 
[9988] 2016/01/26 10:24:26.407 收到 Head 資訊 {Count 2} {Type C } 
[9988] 2016/01/26 10:24:26.407 收到 Head 資訊 {Count 2} {Type C } 
[9988] 2016/01/26 10:24:26.408 收到 Head 資訊 {Count 2} {Type C } 
[9988] 2016/01/26 10:24:26.408 收到 Head 資訊 {Count 2} {Type C } 
[9988] 2016/01/26 10:24:26.409 收到 Head 資訊 {Count 2} {Type C } 
[9988] 2016/01/26 10:24:26.409 收到 Head 資訊 {Count 2} {Type C } 
[9988] 2016/01/26 10:24:26.410 收到 Head 資訊 {Count 2} {Type C } 
[9988] 2016/01/26 10:24:26.410 收到 Head 資訊 {Count 2} {Type C } 
[9988] 2016/01/26 10:24:26.411 收到 Head 資訊 {Count 2} {Type C } 
[9988] 2016/01/26 10:24:26.411 收到 Head 資訊 {Count 2} {Type C } 
[9988] 2016/01/26 10:24:26.412 收到 Head 資訊 {Count 2} {Type C } 
[9988] 2016/01/26 10:24:26.412 收到 Head 資訊 {Count 2} {Type C } 
[9988] 2016/01/26 10:24:26.413 收到 Head 資訊 {Count 2} {Type C } 
[9988] 2016/01/26 10:24:26.413 收到 Head 資訊 {Count 2} {Type C } 
[9988] 2016/01/26 10:24:26.414 收到 Head 資訊 {Count 2} {Type C } 
[9988] 2016/01/26 10:24:26.415 收到 Head 資訊 {Count 2} {Type C } 
[9988] 2016/01/26 10:24:26.415 收到 Head 資訊 {Count 2} {Type C } 
[9988] 2016/01/26 10:24:26.416 收到 Head 資訊 {Count 2} {Type C } 
[9988] 2016/01/26 10:24:26.416 收到 Head 資訊 {Count 2} {Type C } 
[9988] 2016/01/26 10:24:26.417 收到 Head 資訊 {Count 2} {Type C } 
[9988] 2016/01/26 10:24:26.417 收到 Head 資訊 {Count 2} {Type C } 
[9988] 2016/01/26 10:24:26.418 收到 Head 資訊 {Count 2} {Type C } 
[9988] 2016/01/26 10:24:26.418 收到 Head 資訊 {Count 2} {Type C } 
[9988] 2016/01/26 10:24:26.419 收到 Head 資訊 {Count 2} {Type C } 
[9988] 2016/01/26 10:24:26.419 收到 Head 資訊 {Count 2} {Type C } 
[9988] 2016/01/26 10:24:26.425 收到 Head 資訊 {Count 2} {Type C } 
[9988] 2016/01/26 10:24:26.426 收到 Head 資訊 {Count 2} {Type C } 
[9988] 2016/01/26 10:24:26.426 收到 Head 資訊 {Count 2} {Type C } 
[9988] 2016/01/26 10:24:26.427 收到 Head 資訊 {Count 2} {Type C } 
[9988] 2016/01/26 10:24:26.427 收到 Head 資訊 {Count 2} {Type C } 
[9988] 2016/01/26 10:24:26.428 收到 Head 資訊 {Count 2} {Type C } 
[9988] 2016/01/26 10:24:26.428 收到 Head 資訊 {Count 2} {Type C } 
[9988] 2016/01/26 10:24:26.429 收到 Head 資訊 {Count 2} {Type C } 
[9988] 2016/01/26 10:24:26.429 收到 Head 資訊 {Count 2} {Type C } 
[9988] 2016/01/26 10:24:26.430 收到 Head 資訊 {Count 2} {Type C } 
[9988] 2016/01/26 10:24:26.430 收到 Head 資訊 {Count 2} {Type C } 
[9988] 2016/01/26 10:24:26.430 收到 Head 資訊 {Count 2} {Type C } 
[9988] 2016/01/26 10:24:26.445 收到 Head 資訊 {Count 2} {Type C } 
[9988] 2016/01/26 10:24:26.446 收到 Head 資訊 {Count 2} {Type C } 
[9988] 2016/01/26 10:24:26.447 收到 Head 資訊 {Count 2} {Type C } 
[9988] 2016/01/26 10:24:26.447 收到 Head 資訊 {Count 2} {Type C } 
[9988] 2016/01/26 10:24:26.448 收到 Head 資訊 {Count 2} {Type C } 
[9988] 2016/01/26 10:24:26.448 收到 Head 資訊 {Count 2} {Type C } 
[9988] 2016/01/26 10:24:26.449 收到 Head 資訊 {Count 2} {Type C } 
[9988] 2016/01/26 10:24:26.449 收到 Head 資訊 {Count 2} {Type C } 
[9988] 2016/01/26 10:24:26.450 收到 Head 資訊 {Count 2} {Type C } 
[9988] 2016/01/26 10:24:26.451 收到 Head 資訊 {Count 2} {Type C } 
[9988] 2016/01/26 10:24:26.451 收到 Head 資訊 {Count 2} {Type C } 
[9988] 2016/01/26 10:24:26.452 收到 Head 資訊 {Count 2} {Type C } 
[9988] 2016/01/26 10:24:26.452 收到 Head 資訊 {Count 2} {Type C } 
[9988] 2016/01/26 10:24:26.453 收到 Head 資訊 {Count 2} {Type D } 
[9988] 2016/01/26 10:24:26.453 收到 Head 資訊 {Count 2} {Type D } 
[9988] 2016/01/26 10:24:26.454 收到 Head 資訊 {Count 2} {Type C } 
[9988] 2016/01/26 10:24:26.454 收到 Head 資訊 {Count 2} {Type C } 
[9988] 2016/01/26 10:24:26.532 收到 Head 資訊 {Count 2} {Type C } 
[9988] 2016/01/26 10:24:26.533 收到 Head 資訊 {Count 2} {Type C } 
[9988] 2016/01/26 10:24:26.533 收到 Head 資訊 {Count 2} {Type C } 
[9988] 2016/01/26 10:24:26.534 收到 Head 資訊 {Count 2} {Type C } 
[9988] 2016/01/26 10:24:26.534 收到 Head 資訊 {Count 2} {Type C } 
[9988] 2016/01/26 10:24:26.535 收到 Head 資訊 {Count 2} {Type C } 
[9988] 2016/01/26 10:24:26.535 收到 Head 資訊 {Count 2} {Type C } 
[9988] 2016/01/26 10:24:26.535 收到 Head 資訊 {Count 2} {Type C } 
[9988] 2016/01/26 10:24:26.536 收到 Head 資訊 {Count 2} {Type C } 
[9988] 2016/01/26 10:24:26.536 收到 Head 資訊 {Count 2} {Type C } 
[9988] 2016/01/26 10:24:26.537 收到 Head 資訊 {Count 2} {Type C } 
[9988] 2016/01/26 10:24:26.537 收到 Head 資訊 {Count 2} {Type C } 
[9988] 2016/01/26 10:24:26.538 收到 Head 資訊 {Count 2} {Type C } 
[9988] 2016/01/26 10:24:26.538 收到 Head 資訊 {Count 2} {Type C } 
[9988] 2016/01/26 10:24:26.539 收到 Head 資訊 {Count 2} {Type C } 
[9988] 2016/01/26 10:24:26.539 收到 Head 資訊 {Count 2} {Type C } 
[9988] 2016/01/26 10:24:26.540 收到 Head 資訊 {Count 2} {Type C } 
[9988] 2016/01/26 10:24:26.540 收到 Head 資訊 {Count 2} {Type C } 
[9988] 2016/01/26 10:24:26.540 收到 Head 資訊 {Count 2} {Type C } 
[9988] 2016/01/26 10:24:26.541 收到 Head 資訊 {Count 2} {Type C } 
[9988] 2016/01/26 10:24:26.541 收到 Head 資訊 {Count 2} {Type C } 
[9988] 2016/01/26 10:24:26.884 收到 Head 資訊 {Count 2} {Type C } 
[9988] 2016/01/26 10:24:26.884 收到 Head 資訊 {Count 2} {Type C } 
[9988] 2016/01/26 10:24:26.885 收到 Head 資訊 {Count 2} {Type C } 
[9988] 2016/01/26 10:24:26.885 收到 Head 資訊 {Count 2} {Type C } 
[9988] 2016/01/26 10:24:26.886 收到 Head 資訊 {Count 2} {Type C } 
[9988] 2016/01/26 10:24:26.886 收到 Head 資訊 {Count 2} {Type C } 
[9988] 2016/01/26 10:24:26.886 收到 Head 資訊 {Count 2} {Type C } 
[9988] 2016/01/26 10:24:26.887 收到 Head 資訊 {Count 2} {Type B } 
[9988] 2016/01/26 10:25:23.937 連線確認 R122455031 (21,21)
[7536] 2016/01/26 10:50:51.532 API InitInstance 
[7536] 2016/01/26 10:50:53.585 R122455031 連線 Code：0
[7536] 2016/01/26 10:50:54.592 收到 Head 資訊 {Count 2} {Type A } 
[7536] 2016/01/26 10:50:54.594 0501264001990TFNNF0200003902196BYRTW     FITX   201602                    n0D73+007773000                                                        0001    00000001201601260845160000000000000000037s
[7536] 2016/01/26 10:50:54.599 收到 Head 資訊 {Count 2} {Type A } 
[7536] 2016/01/26 10:50:54.600 0501264001997TFNNF0200003902196SYRTW     FITX   201602                    n0D76+007795000                                                        0001    00000001201601260845160000000000000000037s
[7536] 2016/01/26 10:50:54.604 收到 Head 資訊 {Count 2} {Type A } 
[7536] 2016/01/26 10:50:54.605 0501264001990TFDNF0200003902196B00TW     FITX   201602                    n0D73+07773000                                                         0001            201601260845160000006900000000037s
[7536] 2016/01/26 10:50:54.608 收到 Head 資訊 {Count 2} {Type A } 
[7536] 2016/01/26 10:50:54.609 0501264001997TFDNF0200003902196S00TW     FITX   201602                    n0D76+07795000                                                         0001            201601260936080000086700000000037s
[7536] 2016/01/26 10:50:54.612 收到 Head 資訊 {Count 2} {Type C } 
[7536] 2016/01/26 10:50:54.613 收到 Head 資訊 {Count 2} {Type C } 
[7536] 2016/01/26 10:50:54.614 收到 Head 資訊 {Count 2} {Type C } 
[7536] 2016/01/26 10:50:54.615 收到 Head 資訊 {Count 2} {Type C } 
[7536] 2016/01/26 10:50:54.616 收到 Head 資訊 {Count 2} {Type C } 
[7536] 2016/01/26 10:50:54.617 收到 Head 資訊 {Count 2} {Type C } 
[7536] 2016/01/26 10:50:54.618 收到 Head 資訊 {Count 2} {Type C } 
[7536] 2016/01/26 10:50:54.621 收到 Head 資訊 {Count 2} {Type C } 
[7536] 2016/01/26 10:50:54.623 收到 Head 資訊 {Count 2} {Type C } 
[7536] 2016/01/26 10:50:54.624 收到 Head 資訊 {Count 2} {Type C } 
[7536] 2016/01/26 10:50:54.625 收到 Head 資訊 {Count 2} {Type C } 
[7536] 2016/01/26 10:50:54.626 收到 Head 資訊 {Count 2} {Type C } 
[7536] 2016/01/26 10:50:54.627 收到 Head 資訊 {Count 2} {Type C } 
[7536] 2016/01/26 10:50:54.628 收到 Head 資訊 {Count 2} {Type C } 
[7536] 2016/01/26 10:50:54.629 收到 Head 資訊 {Count 2} {Type C } 
[7536] 2016/01/26 10:50:54.629 收到 Head 資訊 {Count 2} {Type C } 
[7536] 2016/01/26 10:50:54.630 收到 Head 資訊 {Count 2} {Type C } 
[7536] 2016/01/26 10:50:54.631 收到 Head 資訊 {Count 2} {Type C } 
[7536] 2016/01/26 10:50:54.632 收到 Head 資訊 {Count 2} {Type C } 
[7536] 2016/01/26 10:50:54.632 收到 Head 資訊 {Count 2} {Type C } 
[7536] 2016/01/26 10:50:54.633 收到 Head 資訊 {Count 2} {Type C } 
[7536] 2016/01/26 10:50:54.633 收到 Head 資訊 {Count 2} {Type C } 
[7536] 2016/01/26 10:50:54.634 收到 Head 資訊 {Count 2} {Type C } 
[7536] 2016/01/26 10:50:54.634 收到 Head 資訊 {Count 2} {Type C } 
[7536] 2016/01/26 10:50:54.635 收到 Head 資訊 {Count 2} {Type C } 
[7536] 2016/01/26 10:50:54.636 收到 Head 資訊 {Count 2} {Type C } 
[7536] 2016/01/26 10:50:54.636 收到 Head 資訊 {Count 2} {Type C } 
[7536] 2016/01/26 10:50:54.637 收到 Head 資訊 {Count 2} {Type C } 
[7536] 2016/01/26 10:50:54.637 收到 Head 資訊 {Count 2} {Type C } 
[7536] 2016/01/26 10:50:54.639 收到 Head 資訊 {Count 2} {Type C } 
[7536] 2016/01/26 10:50:54.640 收到 Head 資訊 {Count 2} {Type C } 
[7536] 2016/01/26 10:50:54.640 收到 Head 資訊 {Count 2} {Type C } 
[7536] 2016/01/26 10:50:54.641 收到 Head 資訊 {Count 2} {Type C } 
[7536] 2016/01/26 10:50:54.642 收到 Head 資訊 {Count 2} {Type C } 
[7536] 2016/01/26 10:50:54.644 收到 Head 資訊 {Count 2} {Type C } 
[7536] 2016/01/26 10:50:54.663 收到 Head 資訊 {Count 2} {Type C } 
[7536] 2016/01/26 10:50:54.672 收到 Head 資訊 {Count 2} {Type C } 
[7536] 2016/01/26 10:50:54.698 收到 Head 資訊 {Count 2} {Type C } 
[7536] 2016/01/26 10:50:54.812 收到 Head 資訊 {Count 2} {Type C } 
[7536] 2016/01/26 10:50:54.812 收到 Head 資訊 {Count 2} {Type C } 
[7536] 2016/01/26 10:50:55.265 收到 Head 資訊 {Count 2} {Type C } 
[7536] 2016/01/26 10:50:55.266 收到 Head 資訊 {Count 2} {Type C } 
[7536] 2016/01/26 10:50:56.372 收到 Head 資訊 {Count 2} {Type C } 
[7536] 2016/01/26 10:50:56.373 收到 Head 資訊 {Count 2} {Type C } 
[7536] 2016/01/26 10:50:56.373 收到 Head 資訊 {Count 2} {Type C } 
[7536] 2016/01/26 10:50:56.545 收到 Head 資訊 {Count 2} {Type C } 
[7536] 2016/01/26 10:50:56.546 收到 Head 資訊 {Count 2} {Type C } 
[7536] 2016/01/26 10:50:56.546 收到 Head 資訊 {Count 2} {Type C } 
[7536] 2016/01/26 10:50:56.834 收到 Head 資訊 {Count 2} {Type C } 
[7536] 2016/01/26 10:50:56.835 收到 Head 資訊 {Count 2} {Type C } 
[7536] 2016/01/26 10:50:56.835 收到 Head 資訊 {Count 2} {Type C } 
[7536] 2016/01/26 10:50:56.836 收到 Head 資訊 {Count 2} {Type C } 
[7536] 2016/01/26 10:50:56.884 收到 Head 資訊 {Count 2} {Type C } 
[7536] 2016/01/26 10:50:56.884 收到 Head 資訊 {Count 2} {Type C } 
[7536] 2016/01/26 10:50:56.885 收到 Head 資訊 {Count 2} {Type C } 
[7536] 2016/01/26 10:50:56.885 收到 Head 資訊 {Count 2} {Type C } 
[7536] 2016/01/26 10:50:56.886 收到 Head 資訊 {Count 2} {Type C } 
[7536] 2016/01/26 10:50:56.886 收到 Head 資訊 {Count 2} {Type C } 
[7536] 2016/01/26 10:50:56.887 收到 Head 資訊 {Count 2} {Type C } 
[7536] 2016/01/26 10:50:56.887 收到 Head 資訊 {Count 2} {Type C } 
[7536] 2016/01/26 10:50:56.887 收到 Head 資訊 {Count 2} {Type C } 
[7536] 2016/01/26 10:50:56.888 收到 Head 資訊 {Count 2} {Type C } 
[7536] 2016/01/26 10:50:56.888 收到 Head 資訊 {Count 2} {Type C } 
[7536] 2016/01/26 10:50:56.889 收到 Head 資訊 {Count 2} {Type C } 
[7536] 2016/01/26 10:50:56.889 收到 Head 資訊 {Count 2} {Type C } 
[7536] 2016/01/26 10:50:56.890 收到 Head 資訊 {Count 2} {Type C } 
[7536] 2016/01/26 10:50:56.890 收到 Head 資訊 {Count 2} {Type C } 
[7536] 2016/01/26 10:50:56.891 收到 Head 資訊 {Count 2} {Type C } 
[7536] 2016/01/26 10:50:56.891 收到 Head 資訊 {Count 2} {Type C } 
[7536] 2016/01/26 10:50:56.892 收到 Head 資訊 {Count 2} {Type C } 
[7536] 2016/01/26 10:50:56.892 收到 Head 資訊 {Count 2} {Type C } 
[7536] 2016/01/26 10:50:56.892 收到 Head 資訊 {Count 2} {Type C } 
[7536] 2016/01/26 10:50:56.893 收到 Head 資訊 {Count 2} {Type C } 
[7536] 2016/01/26 10:50:56.893 收到 Head 資訊 {Count 2} {Type C } 
[7536] 2016/01/26 10:50:56.894 收到 Head 資訊 {Count 2} {Type C } 
[7536] 2016/01/26 10:50:56.894 收到 Head 資訊 {Count 2} {Type C } 
[7536] 2016/01/26 10:50:56.895 收到 Head 資訊 {Count 2} {Type C } 
[7536] 2016/01/26 10:50:56.895 收到 Head 資訊 {Count 2} {Type C } 
[7536] 2016/01/26 10:50:56.896 收到 Head 資訊 {Count 2} {Type C } 
[7536] 2016/01/26 10:50:56.896 收到 Head 資訊 {Count 2} {Type C } 
[7536] 2016/01/26 10:50:56.897 收到 Head 資訊 {Count 2} {Type C } 
[7536] 2016/01/26 10:50:56.897 收到 Head 資訊 {Count 2} {Type C } 
[7536] 2016/01/26 10:50:56.897 收到 Head 資訊 {Count 2} {Type C } 
[7536] 2016/01/26 10:50:56.898 收到 Head 資訊 {Count 2} {Type C } 
[7536] 2016/01/26 10:50:56.898 收到 Head 資訊 {Count 2} {Type C } 
[7536] 2016/01/26 10:50:56.899 收到 Head 資訊 {Count 2} {Type C } 
[7536] 2016/01/26 10:50:56.899 收到 Head 資訊 {Count 2} {Type C } 
[7536] 2016/01/26 10:50:56.900 收到 Head 資訊 {Count 2} {Type C } 
[7536] 2016/01/26 10:50:56.900 收到 Head 資訊 {Count 2} {Type C } 
[7536] 2016/01/26 10:50:56.901 收到 Head 資訊 {Count 2} {Type C } 
[7536] 2016/01/26 10:50:56.901 收到 Head 資訊 {Count 2} {Type D } 
[7536] 2016/01/26 10:50:56.902 收到 Head 資訊 {Count 2} {Type D } 
[7536] 2016/01/26 10:50:56.902 收到 Head 資訊 {Count 2} {Type C } 
[7536] 2016/01/26 10:50:56.902 收到 Head 資訊 {Count 2} {Type C } 
[7536] 2016/01/26 10:50:56.903 收到 Head 資訊 {Count 2} {Type C } 
[7536] 2016/01/26 10:50:56.903 收到 Head 資訊 {Count 2} {Type C } 
[7536] 2016/01/26 10:50:56.904 收到 Head 資訊 {Count 2} {Type C } 
[7536] 2016/01/26 10:50:56.904 收到 Head 資訊 {Count 2} {Type C } 
[7536] 2016/01/26 10:50:56.905 收到 Head 資訊 {Count 2} {Type C } 
[7536] 2016/01/26 10:50:56.905 收到 Head 資訊 {Count 2} {Type C } 
[7536] 2016/01/26 10:50:56.906 收到 Head 資訊 {Count 2} {Type C } 
[7536] 2016/01/26 10:50:56.906 收到 Head 資訊 {Count 2} {Type C } 
[7536] 2016/01/26 10:50:56.907 收到 Head 資訊 {Count 2} {Type C } 
[7536] 2016/01/26 10:50:56.907 收到 Head 資訊 {Count 2} {Type C } 
[7536] 2016/01/26 10:50:56.908 收到 Head 資訊 {Count 2} {Type C } 
[7536] 2016/01/26 10:50:56.908 收到 Head 資訊 {Count 2} {Type C } 
[7536] 2016/01/26 10:50:56.909 收到 Head 資訊 {Count 2} {Type C } 
[7536] 2016/01/26 10:50:56.909 收到 Head 資訊 {Count 2} {Type C } 
[7536] 2016/01/26 10:50:56.910 收到 Head 資訊 {Count 2} {Type C } 
[7536] 2016/01/26 10:50:56.910 收到 Head 資訊 {Count 2} {Type C } 
[7536] 2016/01/26 10:50:56.910 收到 Head 資訊 {Count 2} {Type C } 
[7536] 2016/01/26 10:50:56.911 收到 Head 資訊 {Count 2} {Type C } 
[7536] 2016/01/26 10:50:56.911 收到 Head 資訊 {Count 2} {Type C } 
[7536] 2016/01/26 10:50:56.912 收到 Head 資訊 {Count 2} {Type C } 
[7536] 2016/01/26 10:50:56.912 收到 Head 資訊 {Count 2} {Type C } 
[7536] 2016/01/26 10:50:56.913 收到 Head 資訊 {Count 2} {Type C } 
[7536] 2016/01/26 10:50:56.913 收到 Head 資訊 {Count 2} {Type C } 
[7536] 2016/01/26 10:50:56.914 收到 Head 資訊 {Count 2} {Type C } 
[7536] 2016/01/26 10:50:56.914 收到 Head 資訊 {Count 2} {Type C } 
[7536] 2016/01/26 10:50:56.915 收到 Head 資訊 {Count 2} {Type C } 
[7536] 2016/01/26 10:50:56.915 收到 Head 資訊 {Count 2} {Type C } 
[7536] 2016/01/26 10:50:56.916 收到 Head 資訊 {Count 2} {Type C } 
[7536] 2016/01/26 10:50:56.916 收到 Head 資訊 {Count 2} {Type C } 
[7536] 2016/01/26 10:50:56.917 收到 Head 資訊 {Count 2} {Type C } 
[7536] 2016/01/26 10:50:56.917 收到 Head 資訊 {Count 2} {Type C } 
[7536] 2016/01/26 10:50:56.918 收到 Head 資訊 {Count 2} {Type C } 
[7536] 2016/01/26 10:50:56.918 收到 Head 資訊 {Count 2} {Type C } 
[7536] 2016/01/26 10:50:56.919 收到 Head 資訊 {Count 2} {Type B } 
[7536] 2016/01/26 10:51:52.761 連線確認 R122455031 (21,21)
[2404] 2016/01/26 11:42:16.410 API InitInstance 
[2404] 2016/01/26 11:42:18.709 R122455031 連線 Code：0
[2404] 2016/01/26 11:42:19.736 收到 Head 資訊 {Count 2} {Type A } 
[2404] 2016/01/26 11:42:19.749 0501264001990TFNNF0200003902196BYRTW     FITX   201602                    n0D73+007773000                                                        0001    00000001201601260845160000000000000000037s
[2404] 2016/01/26 11:42:19.751 收到 Head 資訊 {Count 2} {Type A } 
[2404] 2016/01/26 11:42:19.756 0501264001997TFNNF0200003902196SYRTW     FITX   201602                    n0D76+007795000                                                        0001    00000001201601260845160000000000000000037s
[2404] 2016/01/26 11:42:19.756 收到 Head 資訊 {Count 2} {Type A } 
[2404] 2016/01/26 11:42:19.756 0501264001990TFDNF0200003902196B00TW     FITX   201602                    n0D73+07773000                                                         0001            201601260845160000006900000000037s
[2404] 2016/01/26 11:42:19.761 收到 Head 資訊 {Count 2} {Type A } 
[2404] 2016/01/26 11:42:19.761 0501264001997TFDNF0200003902196S00TW     FITX   201602                    n0D76+07795000                                                         0001            201601260936080000086700000000037s
[2404] 2016/01/26 11:42:19.761 收到 Head 資訊 {Count 2} {Type C } 
[2404] 2016/01/26 11:42:19.764 收到 Head 資訊 {Count 2} {Type C } 
[2404] 2016/01/26 11:42:19.764 收到 Head 資訊 {Count 2} {Type C } 
[2404] 2016/01/26 11:42:19.764 收到 Head 資訊 {Count 2} {Type C } 
[2404] 2016/01/26 11:42:19.764 收到 Head 資訊 {Count 2} {Type C } 
[2404] 2016/01/26 11:42:19.764 收到 Head 資訊 {Count 2} {Type C } 
[2404] 2016/01/26 11:42:19.766 收到 Head 資訊 {Count 2} {Type C } 
[2404] 2016/01/26 11:42:19.766 收到 Head 資訊 {Count 2} {Type C } 
[2404] 2016/01/26 11:42:19.766 收到 Head 資訊 {Count 2} {Type C } 
[2404] 2016/01/26 11:42:19.766 收到 Head 資訊 {Count 2} {Type C } 
[2404] 2016/01/26 11:42:19.766 收到 Head 資訊 {Count 2} {Type C } 
[2404] 2016/01/26 11:42:19.769 收到 Head 資訊 {Count 2} {Type C } 
[2404] 2016/01/26 11:42:19.769 收到 Head 資訊 {Count 2} {Type C } 
[2404] 2016/01/26 11:42:19.769 收到 Head 資訊 {Count 2} {Type C } 
[2404] 2016/01/26 11:42:19.769 收到 Head 資訊 {Count 2} {Type C } 
[2404] 2016/01/26 11:42:19.769 收到 Head 資訊 {Count 2} {Type C } 
[2404] 2016/01/26 11:42:19.771 收到 Head 資訊 {Count 2} {Type C } 
[2404] 2016/01/26 11:42:19.771 收到 Head 資訊 {Count 2} {Type C } 
[2404] 2016/01/26 11:42:19.771 收到 Head 資訊 {Count 2} {Type C } 
[2404] 2016/01/26 11:42:19.771 收到 Head 資訊 {Count 2} {Type C } 
[2404] 2016/01/26 11:42:19.771 收到 Head 資訊 {Count 2} {Type C } 
[2404] 2016/01/26 11:42:19.774 收到 Head 資訊 {Count 2} {Type C } 
[2404] 2016/01/26 11:42:19.774 收到 Head 資訊 {Count 2} {Type C } 
[2404] 2016/01/26 11:42:19.774 收到 Head 資訊 {Count 2} {Type C } 
[2404] 2016/01/26 11:42:19.774 收到 Head 資訊 {Count 2} {Type C } 
[2404] 2016/01/26 11:42:19.774 收到 Head 資訊 {Count 2} {Type C } 
[2404] 2016/01/26 11:42:19.776 收到 Head 資訊 {Count 2} {Type C } 
[2404] 2016/01/26 11:42:19.776 收到 Head 資訊 {Count 2} {Type C } 
[2404] 2016/01/26 11:42:19.776 收到 Head 資訊 {Count 2} {Type C } 
[2404] 2016/01/26 11:42:19.776 收到 Head 資訊 {Count 2} {Type C } 
[2404] 2016/01/26 11:42:19.776 收到 Head 資訊 {Count 2} {Type C } 
[2404] 2016/01/26 11:42:19.779 收到 Head 資訊 {Count 2} {Type C } 
[2404] 2016/01/26 11:42:19.779 收到 Head 資訊 {Count 2} {Type C } 
[2404] 2016/01/26 11:42:19.779 收到 Head 資訊 {Count 2} {Type C } 
[2404] 2016/01/26 11:42:19.779 收到 Head 資訊 {Count 2} {Type C } 
[2404] 2016/01/26 11:42:19.779 收到 Head 資訊 {Count 2} {Type C } 
[2404] 2016/01/26 11:42:19.779 收到 Head 資訊 {Count 2} {Type C } 
[2404] 2016/01/26 11:42:19.781 收到 Head 資訊 {Count 2} {Type C } 
[2404] 2016/01/26 11:42:19.781 收到 Head 資訊 {Count 2} {Type C } 
[2404] 2016/01/26 11:42:19.781 收到 Head 資訊 {Count 2} {Type C } 
[2404] 2016/01/26 11:42:19.781 收到 Head 資訊 {Count 2} {Type C } 
[2404] 2016/01/26 11:42:19.781 收到 Head 資訊 {Count 2} {Type C } 
[2404] 2016/01/26 11:42:19.784 收到 Head 資訊 {Count 2} {Type C } 
[2404] 2016/01/26 11:42:19.784 收到 Head 資訊 {Count 2} {Type C } 
[2404] 2016/01/26 11:42:19.784 收到 Head 資訊 {Count 2} {Type C } 
[2404] 2016/01/26 11:42:19.786 收到 Head 資訊 {Count 2} {Type C } 
[2404] 2016/01/26 11:42:19.786 收到 Head 資訊 {Count 2} {Type C } 
[2404] 2016/01/26 11:42:19.786 收到 Head 資訊 {Count 2} {Type C } 
[2404] 2016/01/26 11:42:19.786 收到 Head 資訊 {Count 2} {Type C } 
[2404] 2016/01/26 11:42:19.786 收到 Head 資訊 {Count 2} {Type C } 
[2404] 2016/01/26 11:42:19.789 收到 Head 資訊 {Count 2} {Type C } 
[2404] 2016/01/26 11:42:19.789 收到 Head 資訊 {Count 2} {Type C } 
[2404] 2016/01/26 11:42:19.789 收到 Head 資訊 {Count 2} {Type C } 
[2404] 2016/01/26 11:42:19.789 收到 Head 資訊 {Count 2} {Type C } 
[2404] 2016/01/26 11:42:19.789 收到 Head 資訊 {Count 2} {Type C } 
[2404] 2016/01/26 11:42:19.791 收到 Head 資訊 {Count 2} {Type C } 
[2404] 2016/01/26 11:42:19.791 收到 Head 資訊 {Count 2} {Type C } 
[2404] 2016/01/26 11:42:19.791 收到 Head 資訊 {Count 2} {Type C } 
[2404] 2016/01/26 11:42:19.791 收到 Head 資訊 {Count 2} {Type C } 
[2404] 2016/01/26 11:42:19.791 收到 Head 資訊 {Count 2} {Type C } 
[2404] 2016/01/26 11:42:19.794 收到 Head 資訊 {Count 2} {Type C } 
[2404] 2016/01/26 11:42:19.794 收到 Head 資訊 {Count 2} {Type C } 
[2404] 2016/01/26 11:42:19.794 收到 Head 資訊 {Count 2} {Type C } 
[2404] 2016/01/26 11:42:19.794 收到 Head 資訊 {Count 2} {Type C } 
[2404] 2016/01/26 11:42:19.794 收到 Head 資訊 {Count 2} {Type C } 
[2404] 2016/01/26 11:42:19.796 收到 Head 資訊 {Count 2} {Type C } 
[2404] 2016/01/26 11:42:19.796 收到 Head 資訊 {Count 2} {Type C } 
[2404] 2016/01/26 11:42:19.796 收到 Head 資訊 {Count 2} {Type C } 
[2404] 2016/01/26 11:42:19.796 收到 Head 資訊 {Count 2} {Type C } 
[2404] 2016/01/26 11:42:19.796 收到 Head 資訊 {Count 2} {Type C } 
[2404] 2016/01/26 11:42:19.799 收到 Head 資訊 {Count 2} {Type C } 
[2404] 2016/01/26 11:42:19.799 收到 Head 資訊 {Count 2} {Type C } 
[2404] 2016/01/26 11:42:19.799 收到 Head 資訊 {Count 2} {Type C } 
[2404] 2016/01/26 11:42:19.799 收到 Head 資訊 {Count 2} {Type C } 
[2404] 2016/01/26 11:42:19.799 收到 Head 資訊 {Count 2} {Type C } 
[2404] 2016/01/26 11:42:19.801 收到 Head 資訊 {Count 2} {Type C } 
[2404] 2016/01/26 11:42:19.801 收到 Head 資訊 {Count 2} {Type C } 
[2404] 2016/01/26 11:42:19.801 收到 Head 資訊 {Count 2} {Type C } 
[2404] 2016/01/26 11:42:19.801 收到 Head 資訊 {Count 2} {Type C } 
[2404] 2016/01/26 11:42:19.801 收到 Head 資訊 {Count 2} {Type C } 
[2404] 2016/01/26 11:42:19.804 收到 Head 資訊 {Count 2} {Type C } 
[2404] 2016/01/26 11:42:19.804 收到 Head 資訊 {Count 2} {Type C } 
[2404] 2016/01/26 11:42:19.804 收到 Head 資訊 {Count 2} {Type C } 
[2404] 2016/01/26 11:42:19.804 收到 Head 資訊 {Count 2} {Type C } 
[2404] 2016/01/26 11:42:19.806 收到 Head 資訊 {Count 2} {Type C } 
[2404] 2016/01/26 11:42:19.806 收到 Head 資訊 {Count 2} {Type C } 
[2404] 2016/01/26 11:42:19.806 收到 Head 資訊 {Count 2} {Type C } 
[2404] 2016/01/26 11:42:19.806 收到 Head 資訊 {Count 2} {Type C } 
[2404] 2016/01/26 11:42:19.806 收到 Head 資訊 {Count 2} {Type C } 
[2404] 2016/01/26 11:42:19.809 收到 Head 資訊 {Count 2} {Type C } 
[2404] 2016/01/26 11:42:19.809 收到 Head 資訊 {Count 2} {Type D } 
[2404] 2016/01/26 11:42:19.809 收到 Head 資訊 {Count 2} {Type D } 
[2404] 2016/01/26 11:42:19.809 收到 Head 資訊 {Count 2} {Type C } 
[2404] 2016/01/26 11:42:19.809 收到 Head 資訊 {Count 2} {Type C } 
[2404] 2016/01/26 11:42:19.811 收到 Head 資訊 {Count 2} {Type C } 
[2404] 2016/01/26 11:42:19.811 收到 Head 資訊 {Count 2} {Type C } 
[2404] 2016/01/26 11:42:19.811 收到 Head 資訊 {Count 2} {Type C } 
[2404] 2016/01/26 11:42:19.811 收到 Head 資訊 {Count 2} {Type C } 
[2404] 2016/01/26 11:42:19.811 收到 Head 資訊 {Count 2} {Type C } 
[2404] 2016/01/26 11:42:19.814 收到 Head 資訊 {Count 2} {Type C } 
[2404] 2016/01/26 11:42:19.814 收到 Head 資訊 {Count 2} {Type C } 
[2404] 2016/01/26 11:42:19.814 收到 Head 資訊 {Count 2} {Type C } 
[2404] 2016/01/26 11:42:19.814 收到 Head 資訊 {Count 2} {Type C } 
[2404] 2016/01/26 11:42:19.814 收到 Head 資訊 {Count 2} {Type C } 
[2404] 2016/01/26 11:42:19.816 收到 Head 資訊 {Count 2} {Type C } 
[2404] 2016/01/26 11:42:19.816 收到 Head 資訊 {Count 2} {Type C } 
[2404] 2016/01/26 11:42:19.816 收到 Head 資訊 {Count 2} {Type C } 
[2404] 2016/01/26 11:42:19.816 收到 Head 資訊 {Count 2} {Type C } 
[2404] 2016/01/26 11:42:19.816 收到 Head 資訊 {Count 2} {Type C } 
[2404] 2016/01/26 11:42:19.819 收到 Head 資訊 {Count 2} {Type C } 
[2404] 2016/01/26 11:42:19.819 收到 Head 資訊 {Count 2} {Type C } 
[2404] 2016/01/26 11:42:19.819 收到 Head 資訊 {Count 2} {Type C } 
[2404] 2016/01/26 11:42:19.819 收到 Head 資訊 {Count 2} {Type C } 
[2404] 2016/01/26 11:42:19.819 收到 Head 資訊 {Count 2} {Type C } 
[2404] 2016/01/26 11:42:19.821 收到 Head 資訊 {Count 2} {Type C } 
[2404] 2016/01/26 11:42:19.821 收到 Head 資訊 {Count 2} {Type C } 
[2404] 2016/01/26 11:42:19.821 收到 Head 資訊 {Count 2} {Type C } 
[2404] 2016/01/26 11:42:19.821 收到 Head 資訊 {Count 2} {Type C } 
[2404] 2016/01/26 11:42:19.821 收到 Head 資訊 {Count 2} {Type C } 
[2404] 2016/01/26 11:42:19.824 收到 Head 資訊 {Count 2} {Type C } 
[2404] 2016/01/26 11:42:19.824 收到 Head 資訊 {Count 2} {Type C } 
[2404] 2016/01/26 11:42:19.824 收到 Head 資訊 {Count 2} {Type C } 
[2404] 2016/01/26 11:42:19.824 收到 Head 資訊 {Count 2} {Type C } 
[2404] 2016/01/26 11:42:19.824 收到 Head 資訊 {Count 2} {Type C } 
[2404] 2016/01/26 11:42:19.826 收到 Head 資訊 {Count 2} {Type C } 
[2404] 2016/01/26 11:42:19.829 收到 Head 資訊 {Count 2} {Type C } 
[2404] 2016/01/26 11:42:19.829 收到 Head 資訊 {Count 2} {Type C } 
[2404] 2016/01/26 11:42:19.829 收到 Head 資訊 {Count 2} {Type C } 
[2404] 2016/01/26 11:42:19.829 收到 Head 資訊 {Count 2} {Type C } 
[2404] 2016/01/26 11:42:19.831 收到 Head 資訊 {Count 2} {Type C } 
[2404] 2016/01/26 11:42:19.831 收到 Head 資訊 {Count 2} {Type C } 
[2404] 2016/01/26 11:42:19.831 收到 Head 資訊 {Count 2} {Type C } 
[2404] 2016/01/26 11:42:19.831 收到 Head 資訊 {Count 2} {Type C } 
[2404] 2016/01/26 11:42:19.831 收到 Head 資訊 {Count 2} {Type C } 
[2404] 2016/01/26 11:42:19.831 收到 Head 資訊 {Count 2} {Type C } 
[2404] 2016/01/26 11:42:19.834 收到 Head 資訊 {Count 2} {Type C } 
[2404] 2016/01/26 11:42:19.834 收到 Head 資訊 {Count 2} {Type C } 
[2404] 2016/01/26 11:42:19.834 收到 Head 資訊 {Count 2} {Type C } 
[2404] 2016/01/26 11:42:19.836 收到 Head 資訊 {Count 2} {Type C } 
[2404] 2016/01/26 11:42:19.836 收到 Head 資訊 {Count 2} {Type C } 
[2404] 2016/01/26 11:42:19.836 收到 Head 資訊 {Count 2} {Type C } 
[2404] 2016/01/26 11:42:19.836 收到 Head 資訊 {Count 2} {Type C } 
[2404] 2016/01/26 11:42:19.836 收到 Head 資訊 {Count 2} {Type C } 
[2404] 2016/01/26 11:42:19.836 收到 Head 資訊 {Count 2} {Type C } 
[2404] 2016/01/26 11:42:19.839 收到 Head 資訊 {Count 2} {Type D } 
[2404] 2016/01/26 11:42:19.839 收到 Head 資訊 {Count 2} {Type C } 
[2404] 2016/01/26 11:42:19.839 收到 Head 資訊 {Count 2} {Type C } 
[2404] 2016/01/26 11:42:19.839 收到 Head 資訊 {Count 2} {Type C } 
[2404] 2016/01/26 11:42:19.839 收到 Head 資訊 {Count 2} {Type C } 
[2404] 2016/01/26 11:42:19.841 收到 Head 資訊 {Count 2} {Type C } 
[2404] 2016/01/26 11:42:19.841 收到 Head 資訊 {Count 2} {Type C } 
[2404] 2016/01/26 11:42:19.841 收到 Head 資訊 {Count 2} {Type B } 
[2404] 2016/01/26 11:43:17.493 連線確認 R122455031 (21,21)
[5140] 2016/01/26 11:49:13.192 API InitInstance 
[5140] 2016/01/26 11:49:15.588 R122455031 連線 Code：0
[5140] 2016/01/26 11:49:16.600 收到 Head 資訊 {Count 2} {Type A } 
[5140] 2016/01/26 11:49:16.603 0501264001990TFNNF0200003902196BYRTW     FITX   201602                    n0D73+007773000                                                        0001    00000001201601260845160000000000000000037s
[5140] 2016/01/26 11:49:16.610 收到 Head 資訊 {Count 2} {Type A } 
[5140] 2016/01/26 11:49:16.613 0501264001997TFNNF0200003902196SYRTW     FITX   201602                    n0D76+007795000                                                        0001    00000001201601260845160000000000000000037s
[5140] 2016/01/26 11:49:16.617 收到 Head 資訊 {Count 2} {Type A } 
[5140] 2016/01/26 11:49:16.618 0501264001990TFDNF0200003902196B00TW     FITX   201602                    n0D73+07773000                                                         0001            201601260845160000006900000000037s
[5140] 2016/01/26 11:49:16.623 收到 Head 資訊 {Count 2} {Type A } 
[5140] 2016/01/26 11:49:16.623 0501264001997TFDNF0200003902196S00TW     FITX   201602                    n0D76+07795000                                                         0001            201601260936080000086700000000037s
[5140] 2016/01/26 11:49:16.625 收到 Head 資訊 {Count 2} {Type C } 
[5140] 2016/01/26 11:49:16.626 收到 Head 資訊 {Count 2} {Type C } 
[5140] 2016/01/26 11:49:16.627 收到 Head 資訊 {Count 2} {Type C } 
[5140] 2016/01/26 11:49:16.627 收到 Head 資訊 {Count 2} {Type C } 
[5140] 2016/01/26 11:49:16.628 收到 Head 資訊 {Count 2} {Type C } 
[5140] 2016/01/26 11:49:16.629 收到 Head 資訊 {Count 2} {Type C } 
[5140] 2016/01/26 11:49:16.629 收到 Head 資訊 {Count 2} {Type C } 
[5140] 2016/01/26 11:49:16.630 收到 Head 資訊 {Count 2} {Type C } 
[5140] 2016/01/26 11:49:16.631 收到 Head 資訊 {Count 2} {Type C } 
[5140] 2016/01/26 11:49:16.632 收到 Head 資訊 {Count 2} {Type C } 
[5140] 2016/01/26 11:49:16.632 收到 Head 資訊 {Count 2} {Type C } 
[5140] 2016/01/26 11:49:16.633 收到 Head 資訊 {Count 2} {Type C } 
[5140] 2016/01/26 11:49:16.634 收到 Head 資訊 {Count 2} {Type C } 
[5140] 2016/01/26 11:49:16.634 收到 Head 資訊 {Count 2} {Type C } 
[5140] 2016/01/26 11:49:16.635 收到 Head 資訊 {Count 2} {Type C } 
[5140] 2016/01/26 11:49:16.635 收到 Head 資訊 {Count 2} {Type C } 
[5140] 2016/01/26 11:49:16.636 收到 Head 資訊 {Count 2} {Type C } 
[5140] 2016/01/26 11:49:16.637 收到 Head 資訊 {Count 2} {Type C } 
[5140] 2016/01/26 11:49:16.637 收到 Head 資訊 {Count 2} {Type C } 
[5140] 2016/01/26 11:49:16.638 收到 Head 資訊 {Count 2} {Type C } 
[5140] 2016/01/26 11:49:16.638 收到 Head 資訊 {Count 2} {Type C } 
[5140] 2016/01/26 11:49:16.639 收到 Head 資訊 {Count 2} {Type C } 
[5140] 2016/01/26 11:49:16.640 收到 Head 資訊 {Count 2} {Type C } 
[5140] 2016/01/26 11:49:16.640 收到 Head 資訊 {Count 2} {Type C } 
[5140] 2016/01/26 11:49:16.641 收到 Head 資訊 {Count 2} {Type C } 
[5140] 2016/01/26 11:49:16.642 收到 Head 資訊 {Count 2} {Type C } 
[5140] 2016/01/26 11:49:16.642 收到 Head 資訊 {Count 2} {Type C } 
[5140] 2016/01/26 11:49:16.643 收到 Head 資訊 {Count 2} {Type C } 
[5140] 2016/01/26 11:49:16.644 收到 Head 資訊 {Count 2} {Type C } 
[5140] 2016/01/26 11:49:16.645 收到 Head 資訊 {Count 2} {Type C } 
[5140] 2016/01/26 11:49:16.646 收到 Head 資訊 {Count 2} {Type C } 
[5140] 2016/01/26 11:49:16.647 收到 Head 資訊 {Count 2} {Type C } 
[5140] 2016/01/26 11:49:16.647 收到 Head 資訊 {Count 2} {Type C } 
[5140] 2016/01/26 11:49:16.648 收到 Head 資訊 {Count 2} {Type C } 
[5140] 2016/01/26 11:49:16.649 收到 Head 資訊 {Count 2} {Type C } 
[5140] 2016/01/26 11:49:16.650 收到 Head 資訊 {Count 2} {Type C } 
[5140] 2016/01/26 11:49:16.651 收到 Head 資訊 {Count 2} {Type C } 
[5140] 2016/01/26 11:49:16.652 收到 Head 資訊 {Count 2} {Type C } 
[5140] 2016/01/26 11:49:16.652 收到 Head 資訊 {Count 2} {Type C } 
[5140] 2016/01/26 11:49:16.653 收到 Head 資訊 {Count 2} {Type C } 
[5140] 2016/01/26 11:49:16.654 收到 Head 資訊 {Count 2} {Type C } 
[5140] 2016/01/26 11:49:16.654 收到 Head 資訊 {Count 2} {Type C } 
[5140] 2016/01/26 11:49:16.655 收到 Head 資訊 {Count 2} {Type C } 
[5140] 2016/01/26 11:49:16.655 收到 Head 資訊 {Count 2} {Type C } 
[5140] 2016/01/26 11:49:16.656 收到 Head 資訊 {Count 2} {Type C } 
[5140] 2016/01/26 11:49:16.657 收到 Head 資訊 {Count 2} {Type C } 
[5140] 2016/01/26 11:49:16.657 收到 Head 資訊 {Count 2} {Type C } 
[5140] 2016/01/26 11:49:16.658 收到 Head 資訊 {Count 2} {Type C } 
[5140] 2016/01/26 11:49:16.659 收到 Head 資訊 {Count 2} {Type C } 
[5140] 2016/01/26 11:49:16.659 收到 Head 資訊 {Count 2} {Type C } 
[5140] 2016/01/26 11:49:16.660 收到 Head 資訊 {Count 2} {Type C } 
[5140] 2016/01/26 11:49:16.660 收到 Head 資訊 {Count 2} {Type C } 
[5140] 2016/01/26 11:49:16.661 收到 Head 資訊 {Count 2} {Type C } 
[5140] 2016/01/26 11:49:16.662 收到 Head 資訊 {Count 2} {Type C } 
[5140] 2016/01/26 11:49:16.663 收到 Head 資訊 {Count 2} {Type C } 
[5140] 2016/01/26 11:49:16.663 收到 Head 資訊 {Count 2} {Type C } 
[5140] 2016/01/26 11:49:16.664 收到 Head 資訊 {Count 2} {Type C } 
[5140] 2016/01/26 11:49:16.665 收到 Head 資訊 {Count 2} {Type C } 
[5140] 2016/01/26 11:49:16.665 收到 Head 資訊 {Count 2} {Type C } 
[5140] 2016/01/26 11:49:16.666 收到 Head 資訊 {Count 2} {Type C } 
[5140] 2016/01/26 11:49:16.666 收到 Head 資訊 {Count 2} {Type C } 
[5140] 2016/01/26 11:49:16.667 收到 Head 資訊 {Count 2} {Type C } 
[5140] 2016/01/26 11:49:16.668 收到 Head 資訊 {Count 2} {Type C } 
[5140] 2016/01/26 11:49:16.669 收到 Head 資訊 {Count 2} {Type C } 
[5140] 2016/01/26 11:49:16.669 收到 Head 資訊 {Count 2} {Type C } 
[5140] 2016/01/26 11:49:16.670 收到 Head 資訊 {Count 2} {Type C } 
[5140] 2016/01/26 11:49:16.671 收到 Head 資訊 {Count 2} {Type C } 
[5140] 2016/01/26 11:49:16.672 收到 Head 資訊 {Count 2} {Type C } 
[5140] 2016/01/26 11:49:16.673 收到 Head 資訊 {Count 2} {Type C } 
[5140] 2016/01/26 11:49:16.673 收到 Head 資訊 {Count 2} {Type C } 
[5140] 2016/01/26 11:49:16.674 收到 Head 資訊 {Count 2} {Type C } 
[5140] 2016/01/26 11:49:16.675 收到 Head 資訊 {Count 2} {Type C } 
[5140] 2016/01/26 11:49:16.675 收到 Head 資訊 {Count 2} {Type C } 
[5140] 2016/01/26 11:49:16.676 收到 Head 資訊 {Count 2} {Type C } 
[5140] 2016/01/26 11:49:16.677 收到 Head 資訊 {Count 2} {Type C } 
[5140] 2016/01/26 11:49:16.678 收到 Head 資訊 {Count 2} {Type C } 
[5140] 2016/01/26 11:49:16.679 收到 Head 資訊 {Count 2} {Type C } 
[5140] 2016/01/26 11:49:16.679 收到 Head 資訊 {Count 2} {Type C } 
[5140] 2016/01/26 11:49:16.680 收到 Head 資訊 {Count 2} {Type C } 
[5140] 2016/01/26 11:49:16.681 收到 Head 資訊 {Count 2} {Type C } 
[5140] 2016/01/26 11:49:16.681 收到 Head 資訊 {Count 2} {Type C } 
[5140] 2016/01/26 11:49:16.682 收到 Head 資訊 {Count 2} {Type C } 
[5140] 2016/01/26 11:49:16.683 收到 Head 資訊 {Count 2} {Type C } 
[5140] 2016/01/26 11:49:16.684 收到 Head 資訊 {Count 2} {Type C } 
[5140] 2016/01/26 11:49:16.684 收到 Head 資訊 {Count 2} {Type C } 
[5140] 2016/01/26 11:49:16.685 收到 Head 資訊 {Count 2} {Type C } 
[5140] 2016/01/26 11:49:16.686 收到 Head 資訊 {Count 2} {Type C } 
[5140] 2016/01/26 11:49:16.687 收到 Head 資訊 {Count 2} {Type C } 
[5140] 2016/01/26 11:49:16.687 收到 Head 資訊 {Count 2} {Type C } 
[5140] 2016/01/26 11:49:16.688 收到 Head 資訊 {Count 2} {Type C } 
[5140] 2016/01/26 11:49:16.689 收到 Head 資訊 {Count 2} {Type D } 
[5140] 2016/01/26 11:49:16.689 收到 Head 資訊 {Count 2} {Type D } 
[5140] 2016/01/26 11:49:16.690 收到 Head 資訊 {Count 2} {Type C } 
[5140] 2016/01/26 11:49:16.691 收到 Head 資訊 {Count 2} {Type C } 
[5140] 2016/01/26 11:49:16.691 收到 Head 資訊 {Count 2} {Type C } 
[5140] 2016/01/26 11:49:16.692 收到 Head 資訊 {Count 2} {Type C } 
[5140] 2016/01/26 11:49:16.693 收到 Head 資訊 {Count 2} {Type C } 
[5140] 2016/01/26 11:49:16.693 收到 Head 資訊 {Count 2} {Type C } 
[5140] 2016/01/26 11:49:16.694 收到 Head 資訊 {Count 2} {Type C } 
[5140] 2016/01/26 11:49:16.694 收到 Head 資訊 {Count 2} {Type C } 
[5140] 2016/01/26 11:49:16.695 收到 Head 資訊 {Count 2} {Type C } 
[5140] 2016/01/26 11:49:16.696 收到 Head 資訊 {Count 2} {Type C } 
[5140] 2016/01/26 11:49:16.697 收到 Head 資訊 {Count 2} {Type C } 
[5140] 2016/01/26 11:49:16.697 收到 Head 資訊 {Count 2} {Type C } 
[5140] 2016/01/26 11:49:16.698 收到 Head 資訊 {Count 2} {Type C } 
[5140] 2016/01/26 11:49:16.699 收到 Head 資訊 {Count 2} {Type C } 
[5140] 2016/01/26 11:49:16.699 收到 Head 資訊 {Count 2} {Type C } 
[5140] 2016/01/26 11:49:16.700 收到 Head 資訊 {Count 2} {Type C } 
[5140] 2016/01/26 11:49:16.701 收到 Head 資訊 {Count 2} {Type C } 
[5140] 2016/01/26 11:49:16.701 收到 Head 資訊 {Count 2} {Type C } 
[5140] 2016/01/26 11:49:16.702 收到 Head 資訊 {Count 2} {Type C } 
[5140] 2016/01/26 11:49:16.703 收到 Head 資訊 {Count 2} {Type C } 
[5140] 2016/01/26 11:49:16.705 收到 Head 資訊 {Count 2} {Type C } 
[5140] 2016/01/26 11:49:16.705 收到 Head 資訊 {Count 2} {Type C } 
[5140] 2016/01/26 11:49:16.707 收到 Head 資訊 {Count 2} {Type C } 
[5140] 2016/01/26 11:49:16.708 收到 Head 資訊 {Count 2} {Type C } 
[5140] 2016/01/26 11:49:16.708 收到 Head 資訊 {Count 2} {Type C } 
[5140] 2016/01/26 11:49:16.709 收到 Head 資訊 {Count 2} {Type C } 
[5140] 2016/01/26 11:49:16.710 收到 Head 資訊 {Count 2} {Type C } 
[5140] 2016/01/26 11:49:16.710 收到 Head 資訊 {Count 2} {Type C } 
[5140] 2016/01/26 11:49:16.711 收到 Head 資訊 {Count 2} {Type C } 
[5140] 2016/01/26 11:49:16.712 收到 Head 資訊 {Count 2} {Type C } 
[5140] 2016/01/26 11:49:16.712 收到 Head 資訊 {Count 2} {Type C } 
[5140] 2016/01/26 11:49:16.713 收到 Head 資訊 {Count 2} {Type C } 
[5140] 2016/01/26 11:49:16.714 收到 Head 資訊 {Count 2} {Type C } 
[5140] 2016/01/26 11:49:16.715 收到 Head 資訊 {Count 2} {Type C } 
[5140] 2016/01/26 11:49:16.715 收到 Head 資訊 {Count 2} {Type C } 
[5140] 2016/01/26 11:49:16.716 收到 Head 資訊 {Count 2} {Type C } 
[5140] 2016/01/26 11:49:16.717 收到 Head 資訊 {Count 2} {Type C } 
[5140] 2016/01/26 11:49:16.718 收到 Head 資訊 {Count 2} {Type C } 
[5140] 2016/01/26 11:49:16.718 收到 Head 資訊 {Count 2} {Type C } 
[5140] 2016/01/26 11:49:16.719 收到 Head 資訊 {Count 2} {Type C } 
[5140] 2016/01/26 11:49:16.720 收到 Head 資訊 {Count 2} {Type C } 
[5140] 2016/01/26 11:49:16.720 收到 Head 資訊 {Count 2} {Type C } 
[5140] 2016/01/26 11:49:16.721 收到 Head 資訊 {Count 2} {Type C } 
[5140] 2016/01/26 11:49:16.722 收到 Head 資訊 {Count 2} {Type C } 
[5140] 2016/01/26 11:49:16.723 收到 Head 資訊 {Count 2} {Type C } 
[5140] 2016/01/26 11:49:16.723 收到 Head 資訊 {Count 2} {Type C } 
[5140] 2016/01/26 11:49:16.724 收到 Head 資訊 {Count 2} {Type C } 
[5140] 2016/01/26 11:49:16.725 收到 Head 資訊 {Count 2} {Type C } 
[5140] 2016/01/26 11:49:16.725 收到 Head 資訊 {Count 2} {Type C } 
[5140] 2016/01/26 11:49:16.726 收到 Head 資訊 {Count 2} {Type C } 
[5140] 2016/01/26 11:49:16.730 收到 Head 資訊 {Count 2} {Type C } 
[5140] 2016/01/26 11:49:16.731 收到 Head 資訊 {Count 2} {Type C } 
[5140] 2016/01/26 11:49:16.732 收到 Head 資訊 {Count 2} {Type D } 
[5140] 2016/01/26 11:49:16.732 收到 Head 資訊 {Count 2} {Type C } 
[5140] 2016/01/26 11:49:16.733 收到 Head 資訊 {Count 2} {Type C } 
[5140] 2016/01/26 11:49:16.734 收到 Head 資訊 {Count 2} {Type C } 
[5140] 2016/01/26 11:49:16.734 收到 Head 資訊 {Count 2} {Type C } 
[5140] 2016/01/26 11:49:16.735 收到 Head 資訊 {Count 2} {Type C } 
[5140] 2016/01/26 11:49:16.736 收到 Head 資訊 {Count 2} {Type C } 
[5140] 2016/01/26 11:49:16.737 收到 Head 資訊 {Count 2} {Type B } 
[5140] 2016/01/26 11:50:14.905 連線確認 R122455031 (21,21)
[9716] 2016/01/26 11:50:58.883 API InitInstance 
[8172] 2016/01/26 11:51:21.204 API InitInstance 
[8172] 2016/01/26 11:51:22.607 R122455031 連線 Code：0
[8172] 2016/01/26 11:51:23.619 收到 Head 資訊 {Count 2} {Type A } 
[8172] 2016/01/26 11:51:23.627 0501264001990TFNNF0200003902196BYRTW     FITX   201602                    n0D73+007773000                                                        0001    00000001201601260845160000000000000000037s
[8172] 2016/01/26 11:51:23.634 收到 Head 資訊 {Count 2} {Type A } 
[8172] 2016/01/26 11:51:23.639 0501264001997TFNNF0200003902196SYRTW     FITX   201602                    n0D76+007795000                                                        0001    00000001201601260845160000000000000000037s
[8172] 2016/01/26 11:51:23.642 收到 Head 資訊 {Count 2} {Type A } 
[8172] 2016/01/26 11:51:23.642 0501264001990TFDNF0200003902196B00TW     FITX   201602                    n0D73+07773000                                                         0001            201601260845160000006900000000037s
[8172] 2016/01/26 11:51:23.647 收到 Head 資訊 {Count 2} {Type A } 
[8172] 2016/01/26 11:51:23.647 0501264001997TFDNF0200003902196S00TW     FITX   201602                    n0D76+07795000                                                         0001            201601260936080000086700000000037s
[8172] 2016/01/26 11:51:23.649 收到 Head 資訊 {Count 2} {Type C } 
[8172] 2016/01/26 11:51:23.649 收到 Head 資訊 {Count 2} {Type C } 
[8172] 2016/01/26 11:51:23.652 收到 Head 資訊 {Count 2} {Type C } 
[8172] 2016/01/26 11:51:23.652 收到 Head 資訊 {Count 2} {Type C } 
[8172] 2016/01/26 11:51:23.652 收到 Head 資訊 {Count 2} {Type C } 
[8172] 2016/01/26 11:51:23.652 收到 Head 資訊 {Count 2} {Type C } 
[8172] 2016/01/26 11:51:23.654 收到 Head 資訊 {Count 2} {Type C } 
[8172] 2016/01/26 11:51:23.654 收到 Head 資訊 {Count 2} {Type C } 
[8172] 2016/01/26 11:51:23.657 收到 Head 資訊 {Count 2} {Type C } 
[8172] 2016/01/26 11:51:23.657 收到 Head 資訊 {Count 2} {Type C } 
[8172] 2016/01/26 11:51:23.659 收到 Head 資訊 {Count 2} {Type C } 
[8172] 2016/01/26 11:51:23.662 收到 Head 資訊 {Count 2} {Type C } 
[8172] 2016/01/26 11:51:23.662 收到 Head 資訊 {Count 2} {Type C } 
[8172] 2016/01/26 11:51:23.662 收到 Head 資訊 {Count 2} {Type C } 
[8172] 2016/01/26 11:51:23.664 收到 Head 資訊 {Count 2} {Type C } 
[8172] 2016/01/26 11:51:23.664 收到 Head 資訊 {Count 2} {Type C } 
[8172] 2016/01/26 11:51:23.664 收到 Head 資訊 {Count 2} {Type C } 
[8172] 2016/01/26 11:51:23.667 收到 Head 資訊 {Count 2} {Type C } 
[8172] 2016/01/26 11:51:23.667 收到 Head 資訊 {Count 2} {Type C } 
[8172] 2016/01/26 11:51:23.669 收到 Head 資訊 {Count 2} {Type C } 
[8172] 2016/01/26 11:51:23.669 收到 Head 資訊 {Count 2} {Type C } 
[8172] 2016/01/26 11:51:23.669 收到 Head 資訊 {Count 2} {Type C } 
[8172] 2016/01/26 11:51:23.672 收到 Head 資訊 {Count 2} {Type C } 
[8172] 2016/01/26 11:51:23.672 收到 Head 資訊 {Count 2} {Type C } 
[8172] 2016/01/26 11:51:23.672 收到 Head 資訊 {Count 2} {Type C } 
[8172] 2016/01/26 11:51:23.674 收到 Head 資訊 {Count 2} {Type C } 
[8172] 2016/01/26 11:51:23.677 收到 Head 資訊 {Count 2} {Type C } 
[8172] 2016/01/26 11:51:23.677 收到 Head 資訊 {Count 2} {Type C } 
[8172] 2016/01/26 11:51:23.679 收到 Head 資訊 {Count 2} {Type C } 
[8172] 2016/01/26 11:51:23.679 收到 Head 資訊 {Count 2} {Type C } 
[8172] 2016/01/26 11:51:23.679 收到 Head 資訊 {Count 2} {Type C } 
[8172] 2016/01/26 11:51:23.682 收到 Head 資訊 {Count 2} {Type C } 
[8172] 2016/01/26 11:51:23.682 收到 Head 資訊 {Count 2} {Type C } 
[8172] 2016/01/26 11:51:23.684 收到 Head 資訊 {Count 2} {Type C } 
[8172] 2016/01/26 11:51:23.684 收到 Head 資訊 {Count 2} {Type C } 
[8172] 2016/01/26 11:51:23.684 收到 Head 資訊 {Count 2} {Type C } 
[8172] 2016/01/26 11:51:23.687 收到 Head 資訊 {Count 2} {Type C } 
[8172] 2016/01/26 11:51:23.687 收到 Head 資訊 {Count 2} {Type C } 
[8172] 2016/01/26 11:51:23.717 收到 Head 資訊 {Count 2} {Type C } 
[8172] 2016/01/26 11:51:23.717 收到 Head 資訊 {Count 2} {Type C } 
[8172] 2016/01/26 11:51:23.717 收到 Head 資訊 {Count 2} {Type C } 
[8172] 2016/01/26 11:51:23.722 收到 Head 資訊 {Count 2} {Type C } 
[8172] 2016/01/26 11:51:23.739 收到 Head 資訊 {Count 2} {Type C } 
[8172] 2016/01/26 11:51:23.854 收到 Head 資訊 {Count 2} {Type C } 
[8172] 2016/01/26 11:51:24.169 收到 Head 資訊 {Count 2} {Type C } 
[8172] 2016/01/26 11:51:24.997 收到 Head 資訊 {Count 2} {Type C } 
[8172] 2016/01/26 11:51:25.692 收到 Head 資訊 {Count 2} {Type C } 
[8172] 2016/01/26 11:51:25.692 收到 Head 資訊 {Count 2} {Type C } 
[8172] 2016/01/26 11:51:25.842 收到 Head 資訊 {Count 2} {Type C } 
[8172] 2016/01/26 11:51:26.914 收到 Head 資訊 {Count 2} {Type C } 
[8172] 2016/01/26 11:51:27.004 收到 Head 資訊 {Count 2} {Type C } 
[8172] 2016/01/26 11:51:27.007 收到 Head 資訊 {Count 2} {Type C } 
[8172] 2016/01/26 11:51:27.007 收到 Head 資訊 {Count 2} {Type C } 
[8172] 2016/01/26 11:51:27.007 收到 Head 資訊 {Count 2} {Type C } 
[8172] 2016/01/26 11:51:27.009 收到 Head 資訊 {Count 2} {Type C } 
[8172] 2016/01/26 11:51:27.009 收到 Head 資訊 {Count 2} {Type C } 
[8172] 2016/01/26 11:51:27.009 收到 Head 資訊 {Count 2} {Type C } 
[8172] 2016/01/26 11:51:27.029 收到 Head 資訊 {Count 2} {Type C } 
[8172] 2016/01/26 11:51:27.034 收到 Head 資訊 {Count 2} {Type C } 
[8172] 2016/01/26 11:51:27.034 收到 Head 資訊 {Count 2} {Type C } 
[8172] 2016/01/26 11:51:27.039 收到 Head 資訊 {Count 2} {Type C } 
[8172] 2016/01/26 11:51:27.039 收到 Head 資訊 {Count 2} {Type C } 
[8172] 2016/01/26 11:51:27.039 收到 Head 資訊 {Count 2} {Type C } 
[8172] 2016/01/26 11:51:27.042 收到 Head 資訊 {Count 2} {Type C } 
[8172] 2016/01/26 11:51:27.042 收到 Head 資訊 {Count 2} {Type C } 
[8172] 2016/01/26 11:51:27.042 收到 Head 資訊 {Count 2} {Type C } 
[8172] 2016/01/26 11:51:27.042 收到 Head 資訊 {Count 2} {Type C } 
[8172] 2016/01/26 11:51:27.044 收到 Head 資訊 {Count 2} {Type C } 
[8172] 2016/01/26 11:51:27.044 收到 Head 資訊 {Count 2} {Type C } 
[8172] 2016/01/26 11:51:27.044 收到 Head 資訊 {Count 2} {Type C } 
[8172] 2016/01/26 11:51:27.047 收到 Head 資訊 {Count 2} {Type C } 
[8172] 2016/01/26 11:51:27.047 收到 Head 資訊 {Count 2} {Type C } 
[8172] 2016/01/26 11:51:27.047 收到 Head 資訊 {Count 2} {Type C } 
[8172] 2016/01/26 11:51:27.047 收到 Head 資訊 {Count 2} {Type C } 
[8172] 2016/01/26 11:51:27.049 收到 Head 資訊 {Count 2} {Type C } 
[8172] 2016/01/26 11:51:27.049 收到 Head 資訊 {Count 2} {Type C } 
[8172] 2016/01/26 11:51:27.049 收到 Head 資訊 {Count 2} {Type C } 
[8172] 2016/01/26 11:51:27.049 收到 Head 資訊 {Count 2} {Type C } 
[8172] 2016/01/26 11:51:27.052 收到 Head 資訊 {Count 2} {Type C } 
[8172] 2016/01/26 11:51:27.052 收到 Head 資訊 {Count 2} {Type C } 
[8172] 2016/01/26 11:51:27.052 收到 Head 資訊 {Count 2} {Type C } 
[8172] 2016/01/26 11:51:27.054 收到 Head 資訊 {Count 2} {Type C } 
[8172] 2016/01/26 11:51:27.054 收到 Head 資訊 {Count 2} {Type C } 
[8172] 2016/01/26 11:51:27.054 收到 Head 資訊 {Count 2} {Type C } 
[8172] 2016/01/26 11:51:27.054 收到 Head 資訊 {Count 2} {Type C } 
[8172] 2016/01/26 11:51:27.057 收到 Head 資訊 {Count 2} {Type C } 
[8172] 2016/01/26 11:51:27.057 收到 Head 資訊 {Count 2} {Type C } 
[8172] 2016/01/26 11:51:27.057 收到 Head 資訊 {Count 2} {Type C } 
[8172] 2016/01/26 11:51:27.057 收到 Head 資訊 {Count 2} {Type C } 
[8172] 2016/01/26 11:51:27.059 收到 Head 資訊 {Count 2} {Type C } 
[8172] 2016/01/26 11:51:27.059 收到 Head 資訊 {Count 2} {Type D } 
[8172] 2016/01/26 11:51:27.059 收到 Head 資訊 {Count 2} {Type D } 
[8172] 2016/01/26 11:51:27.059 收到 Head 資訊 {Count 2} {Type C } 
[8172] 2016/01/26 11:51:27.062 收到 Head 資訊 {Count 2} {Type C } 
[8172] 2016/01/26 11:51:27.062 收到 Head 資訊 {Count 2} {Type C } 
[8172] 2016/01/26 11:51:27.062 收到 Head 資訊 {Count 2} {Type C } 
[8172] 2016/01/26 11:51:27.062 收到 Head 資訊 {Count 2} {Type C } 
[8172] 2016/01/26 11:51:27.064 收到 Head 資訊 {Count 2} {Type C } 
[8172] 2016/01/26 11:51:27.064 收到 Head 資訊 {Count 2} {Type C } 
[8172] 2016/01/26 11:51:27.064 收到 Head 資訊 {Count 2} {Type C } 
[8172] 2016/01/26 11:51:27.064 收到 Head 資訊 {Count 2} {Type C } 
[8172] 2016/01/26 11:51:27.067 收到 Head 資訊 {Count 2} {Type C } 
[8172] 2016/01/26 11:51:27.067 收到 Head 資訊 {Count 2} {Type C } 
[8172] 2016/01/26 11:51:27.067 收到 Head 資訊 {Count 2} {Type C } 
[8172] 2016/01/26 11:51:27.067 收到 Head 資訊 {Count 2} {Type C } 
[8172] 2016/01/26 11:51:27.069 收到 Head 資訊 {Count 2} {Type C } 
[8172] 2016/01/26 11:51:27.069 收到 Head 資訊 {Count 2} {Type C } 
[8172] 2016/01/26 11:51:27.069 收到 Head 資訊 {Count 2} {Type C } 
[8172] 2016/01/26 11:51:27.072 收到 Head 資訊 {Count 2} {Type C } 
[8172] 2016/01/26 11:51:27.072 收到 Head 資訊 {Count 2} {Type C } 
[8172] 2016/01/26 11:51:27.072 收到 Head 資訊 {Count 2} {Type C } 
[8172] 2016/01/26 11:51:27.072 收到 Head 資訊 {Count 2} {Type C } 
[8172] 2016/01/26 11:51:27.074 收到 Head 資訊 {Count 2} {Type C } 
[8172] 2016/01/26 11:51:27.074 收到 Head 資訊 {Count 2} {Type C } 
[8172] 2016/01/26 11:51:27.074 收到 Head 資訊 {Count 2} {Type C } 
[8172] 2016/01/26 11:51:27.077 收到 Head 資訊 {Count 2} {Type C } 
[8172] 2016/01/26 11:51:27.077 收到 Head 資訊 {Count 2} {Type C } 
[8172] 2016/01/26 11:51:27.077 收到 Head 資訊 {Count 2} {Type C } 
[8172] 2016/01/26 11:51:27.077 收到 Head 資訊 {Count 2} {Type C } 
[8172] 2016/01/26 11:51:27.079 收到 Head 資訊 {Count 2} {Type C } 
[8172] 2016/01/26 11:51:27.079 收到 Head 資訊 {Count 2} {Type C } 
[8172] 2016/01/26 11:51:27.079 收到 Head 資訊 {Count 2} {Type C } 
[8172] 2016/01/26 11:51:27.082 收到 Head 資訊 {Count 2} {Type C } 
[8172] 2016/01/26 11:51:27.082 收到 Head 資訊 {Count 2} {Type C } 
[8172] 2016/01/26 11:51:27.082 收到 Head 資訊 {Count 2} {Type C } 
[8172] 2016/01/26 11:51:27.082 收到 Head 資訊 {Count 2} {Type C } 
[8172] 2016/01/26 11:51:27.082 收到 Head 資訊 {Count 2} {Type C } 
[8172] 2016/01/26 11:51:27.084 收到 Head 資訊 {Count 2} {Type C } 
[8172] 2016/01/26 11:51:27.084 收到 Head 資訊 {Count 2} {Type C } 
[8172] 2016/01/26 11:51:27.084 收到 Head 資訊 {Count 2} {Type C } 
[8172] 2016/01/26 11:51:27.084 收到 Head 資訊 {Count 2} {Type C } 
[8172] 2016/01/26 11:51:27.087 收到 Head 資訊 {Count 2} {Type C } 
[8172] 2016/01/26 11:51:27.087 收到 Head 資訊 {Count 2} {Type C } 
[8172] 2016/01/26 11:51:27.087 收到 Head 資訊 {Count 2} {Type C } 
[8172] 2016/01/26 11:51:27.087 收到 Head 資訊 {Count 2} {Type C } 
[8172] 2016/01/26 11:51:27.089 收到 Head 資訊 {Count 2} {Type C } 
[8172] 2016/01/26 11:51:27.089 收到 Head 資訊 {Count 2} {Type C } 
[8172] 2016/01/26 11:51:27.089 收到 Head 資訊 {Count 2} {Type C } 
[8172] 2016/01/26 11:51:27.089 收到 Head 資訊 {Count 2} {Type C } 
[8172] 2016/01/26 11:51:27.092 收到 Head 資訊 {Count 2} {Type C } 
[8172] 2016/01/26 11:51:27.092 收到 Head 資訊 {Count 2} {Type C } 
[8172] 2016/01/26 11:51:27.092 收到 Head 資訊 {Count 2} {Type C } 
[8172] 2016/01/26 11:51:27.092 收到 Head 資訊 {Count 2} {Type C } 
[8172] 2016/01/26 11:51:27.092 收到 Head 資訊 {Count 2} {Type C } 
[8172] 2016/01/26 11:51:27.094 收到 Head 資訊 {Count 2} {Type D } 
[8172] 2016/01/26 11:51:27.094 收到 Head 資訊 {Count 2} {Type C } 
[8172] 2016/01/26 11:51:27.094 收到 Head 資訊 {Count 2} {Type C } 
[8172] 2016/01/26 11:51:27.094 收到 Head 資訊 {Count 2} {Type C } 
[8172] 2016/01/26 11:51:27.094 收到 Head 資訊 {Count 2} {Type C } 
[8172] 2016/01/26 11:51:27.097 收到 Head 資訊 {Count 2} {Type C } 
[8172] 2016/01/26 11:51:27.097 收到 Head 資訊 {Count 2} {Type C } 
[8172] 2016/01/26 11:51:27.097 收到 Head 資訊 {Count 2} {Type B } 
[8172] 2016/01/26 11:52:23.288 連線確認 R122455031 (21,21)
[8172] 2016/01/26 11:53:26.727 連線確認 R122455031 (21,21)
[8172] 2016/01/26 11:54:22.245 連線確認 R122455031 (21,21)
[8172] 2016/01/26 11:55:22.258 連線確認 R122455031 (21,21)
[8172] 2016/01/26 11:55:55.559 收到 Head 資訊 {Count 2} {Type C } 
[8172] 2016/01/26 11:56:05.873 收到 Head 資訊 {Count 2} {Type C } 
[8172] 2016/01/26 11:56:15.540 收到 Head 資訊 {Count 2} {Type C } 
[8172] 2016/01/26 11:56:23.733 收到 Head 資訊 {Count 2} {Type B } 
[8172] 2016/01/26 11:56:25.130 連線確認 R122455031 (21,21)
[8172] 2016/01/26 11:56:25.549 收到 Head 資訊 {Count 2} {Type C } 
[8172] 2016/01/26 11:56:35.584 收到 Head 資訊 {Count 2} {Type C } 
