[24448] 2016/01/22 20:24:17.704 -------------------------------
[24448] 2016/01/22 20:24:17.711 CERT ID:R122455031   BeginDate: 2012-02-11 22:18:34  EndDate: 2013-03-08 23:59:59 
[24448] 2016/01/22 20:24:17.731 CERT ID:R220088490   BeginDate: 2009-09-21 08:53:55  EndDate: 2010-09-21 23:59:59 
[24448] 2016/01/22 20:24:17.754 CERT ID:R122455031   BeginDate: 2014-02-07 05:34:13  EndDate: 2015-03-08 23:59:59 
[24448] 2016/01/22 20:24:17.783 CERT ID:R220088490   BeginDate: 2010-08-23 15:58:07  EndDate: 2011-09-21 23:59:59 
[24448] 2016/01/22 20:24:17.823 CERT ID:R122455031   BeginDate: 2015-02-24 13:25:44  EndDate: 2016-03-08 23:59:59 
[24448] 2016/01/22 20:24:17.866 CERT ID:R122455031   BeginDate: 2013-03-08 09:39:36  EndDate: 2014-03-08 23:59:59 
[24448] 2016/01/22 20:24:17.913 SKOrderLib 版本 2.1.22
[24448] 2016/01/22 20:24:18.965 主機: https://vorder3.capital.com.tw/ap2005/vip_trade_bk_ca.php
[24448] 2016/01/22 20:24:18.966 OF主機: https://vorder3.capital.com.tw/ap2005/of_new_trade_bk_ca.php
[29488] 2016/01/22 21:51:19.500 -------------------------------
[29488] 2016/01/22 21:51:19.504 CERT ID:R122455031   BeginDate: 2012-02-11 22:18:34  EndDate: 2013-03-08 23:59:59 
[29488] 2016/01/22 21:51:19.513 CERT ID:R220088490   BeginDate: 2009-09-21 08:53:55  EndDate: 2010-09-21 23:59:59 
[29488] 2016/01/22 21:51:19.523 CERT ID:R122455031   BeginDate: 2014-02-07 05:34:13  EndDate: 2015-03-08 23:59:59 
[29488] 2016/01/22 21:51:19.536 CERT ID:R220088490   BeginDate: 2010-08-23 15:58:07  EndDate: 2011-09-21 23:59:59 
[29488] 2016/01/22 21:51:19.556 CERT ID:R122455031   BeginDate: 2015-02-24 13:25:44  EndDate: 2016-03-08 23:59:59 
[29488] 2016/01/22 21:51:19.584 CERT ID:R122455031   BeginDate: 2013-03-08 09:39:36  EndDate: 2014-03-08 23:59:59 
[29488] 2016/01/22 21:51:19.604 SKOrderLib 版本 2.1.22
[29488] 2016/01/22 21:51:20.502 主機: https://order10.capital.com.tw/ap2005/new_trade.php
[29488] 2016/01/22 21:51:20.503 OF主機: https://order10.capital.com.tw/ap2005/of_new_trade.php
[29488] 2016/01/22 21:51:21.017 ERROR: 登入憑證簽章失敗，錯誤代碼: 18
[29488] 2016/01/22 21:51:21.066 ERROR: 登入憑證備援簽章失敗，錯誤代碼: 18
[29488] 2016/01/22 21:51:28.010 ERROR: 91827026236 is invalid
[29488] 2016/01/22 21:51:33.017 ERROR: 91827026236 is invalid
[23848] 2016/01/22 21:51:50.903 -------------------------------
[23848] 2016/01/22 21:51:50.909 CERT ID:R122455031   BeginDate: 2012-02-11 22:18:34  EndDate: 2013-03-08 23:59:59 
[23848] 2016/01/22 21:51:50.922 CERT ID:R220088490   BeginDate: 2009-09-21 08:53:55  EndDate: 2010-09-21 23:59:59 
[23848] 2016/01/22 21:51:50.937 CERT ID:R122455031   BeginDate: 2014-02-07 05:34:13  EndDate: 2015-03-08 23:59:59 
[23848] 2016/01/22 21:51:50.954 CERT ID:R220088490   BeginDate: 2010-08-23 15:58:07  EndDate: 2011-09-21 23:59:59 
[23848] 2016/01/22 21:51:50.994 CERT ID:R122455031   BeginDate: 2015-02-24 13:25:44  EndDate: 2016-03-08 23:59:59 
[23848] 2016/01/22 21:51:51.026 CERT ID:R122455031   BeginDate: 2013-03-08 09:39:36  EndDate: 2014-03-08 23:59:59 
[23848] 2016/01/22 21:51:51.046 SKOrderLib 版本 2.1.22
[23848] 2016/01/22 21:51:52.210 主機: https://vorder1.capital.com.tw/ap2005/vip_trade_bk_ca.php
[23848] 2016/01/22 21:51:52.211 OF主機: https://vorder1.capital.com.tw/ap2005/of_new_trade_bk_ca.php
[27712] 2016/01/22 21:52:39.300 -------------------------------
[27712] 2016/01/22 21:52:39.300 CERT ID:R122455031   BeginDate: 2012-02-11 22:18:34  EndDate: 2013-03-08 23:59:59 
[27712] 2016/01/22 21:52:39.315 CERT ID:R220088490   BeginDate: 2009-09-21 08:53:55  EndDate: 2010-09-21 23:59:59 
[27712] 2016/01/22 21:52:39.336 CERT ID:R122455031   BeginDate: 2014-02-07 05:34:13  EndDate: 2015-03-08 23:59:59 
[27712] 2016/01/22 21:52:39.351 CERT ID:R220088490   BeginDate: 2010-08-23 15:58:07  EndDate: 2011-09-21 23:59:59 
[27712] 2016/01/22 21:52:39.383 CERT ID:R122455031   BeginDate: 2015-02-24 13:25:44  EndDate: 2016-03-08 23:59:59 
[27712] 2016/01/22 21:52:39.414 CERT ID:R122455031   BeginDate: 2013-03-08 09:39:36  EndDate: 2014-03-08 23:59:59 
[27712] 2016/01/22 21:52:39.429 SKOrderLib 版本 2.1.22
[27712] 2016/01/22 21:52:40.990 主機: https://vorder3.capital.com.tw/ap2005/vip_trade_bk_ca.php
[27712] 2016/01/22 21:52:40.990 OF主機: https://vorder3.capital.com.tw/ap2005/of_new_trade_bk_ca.php
[9108] 2016/01/23 16:47:23.105 -------------------------------
[9108] 2016/01/23 16:47:23.136 CERT ID:R122455031   BeginDate: 2012-02-11 22:18:34  EndDate: 2013-03-08 23:59:59 
[9108] 2016/01/23 16:47:23.136 CERT ID:R220088490   BeginDate: 2009-09-21 08:53:55  EndDate: 2010-09-21 23:59:59 
[9108] 2016/01/23 16:47:23.152 CERT ID:R122455031   BeginDate: 2014-02-07 05:34:13  EndDate: 2015-03-08 23:59:59 
[9108] 2016/01/23 16:47:23.167 CERT ID:R220088490   BeginDate: 2010-08-23 15:58:07  EndDate: 2011-09-21 23:59:59 
[9108] 2016/01/23 16:47:23.199 CERT ID:R122455031   BeginDate: 2015-02-24 13:25:44  EndDate: 2016-03-08 23:59:59 
[9108] 2016/01/23 16:47:23.230 CERT ID:R122455031   BeginDate: 2013-03-08 09:39:36  EndDate: 2014-03-08 23:59:59 
[9108] 2016/01/23 16:47:23.245 SKOrderLib 版本 2.1.22
[9108] 2016/01/23 16:47:25.679 主機: https://order10.capital.com.tw/ap2005/new_trade.php
[9108] 2016/01/23 16:47:25.679 OF主機: https://order10.capital.com.tw/ap2005/of_new_trade.php
[9108] 2016/01/23 16:47:28.191 ERROR: 登入憑證簽章失敗，錯誤代碼: 18
[9108] 2016/01/23 16:47:28.659 ERROR: 登入憑證備援簽章失敗，錯誤代碼: 18
[9108] 2016/01/23 16:47:36.896 ERROR: 91827026236 is invalid
[9108] 2016/01/23 16:47:41.903 ERROR: 91827026236 is invalid
[8892] 2016/01/23 16:49:05.723 -------------------------------
[8892] 2016/01/23 16:49:05.739 CERT ID:R122455031   BeginDate: 2012-02-11 22:18:34  EndDate: 2013-03-08 23:59:59 
[8892] 2016/01/23 16:49:05.754 CERT ID:R220088490   BeginDate: 2009-09-21 08:53:55  EndDate: 2010-09-21 23:59:59 
[8892] 2016/01/23 16:49:05.786 CERT ID:R122455031   BeginDate: 2014-02-07 05:34:13  EndDate: 2015-03-08 23:59:59 
[8892] 2016/01/23 16:49:05.801 CERT ID:R220088490   BeginDate: 2010-08-23 15:58:07  EndDate: 2011-09-21 23:59:59 
[8892] 2016/01/23 16:49:05.817 CERT ID:R122455031   BeginDate: 2015-02-24 13:25:44  EndDate: 2016-03-08 23:59:59 
[8892] 2016/01/23 16:49:05.848 CERT ID:R122455031   BeginDate: 2013-03-08 09:39:36  EndDate: 2014-03-08 23:59:59 
[8892] 2016/01/23 16:49:05.879 SKOrderLib 版本 2.1.22
[8892] 2016/01/23 16:49:11.183 主機: https://vorder3.capital.com.tw/ap2005/vip_trade_bk_ca.php
[8892] 2016/01/23 16:49:11.183 OF主機: https://vorder3.capital.com.tw/ap2005/of_new_trade_bk_ca.php
[6824] 2016/01/26 08:41:04.789 -------------------------------
[6824] 2016/01/26 08:41:04.805 CERT ID:R122455031   BeginDate: 2012-02-11 22:18:34  EndDate: 2013-03-08 23:59:59 
[6824] 2016/01/26 08:41:04.820 CERT ID:R220088490   BeginDate: 2009-09-21 08:53:55  EndDate: 2010-09-21 23:59:59 
[6824] 2016/01/26 08:41:04.851 CERT ID:R122455031   BeginDate: 2014-02-07 05:34:13  EndDate: 2015-03-08 23:59:59 
[6824] 2016/01/26 08:41:04.898 CERT ID:R220088490   BeginDate: 2010-08-23 15:58:07  EndDate: 2011-09-21 23:59:59 
[6824] 2016/01/26 08:41:04.929 CERT ID:R122455031   BeginDate: 2015-02-24 13:25:44  EndDate: 2016-03-08 23:59:59 
[6824] 2016/01/26 08:41:04.945 CERT ID:R122455031   BeginDate: 2013-03-08 09:39:36  EndDate: 2014-03-08 23:59:59 
[6824] 2016/01/26 08:41:04.976 SKOrderLib 版本 2.1.22
[6824] 2016/01/26 08:41:06.942 主機: https://vorder3.capital.com.tw/ap2005/vip_trade_bk_ca.php
[6824] 2016/01/26 08:41:06.942 OF主機: https://vorder3.capital.com.tw/ap2005/of_new_trade_bk_ca.php
[7712] 2016/01/26 08:42:06.379 -------------------------------
[7712] 2016/01/26 08:42:06.379 CERT ID:R122455031   BeginDate: 2012-02-11 22:18:34  EndDate: 2013-03-08 23:59:59 
[7712] 2016/01/26 08:42:06.395 CERT ID:R220088490   BeginDate: 2009-09-21 08:53:55  EndDate: 2010-09-21 23:59:59 
[7712] 2016/01/26 08:42:06.410 CERT ID:R122455031   BeginDate: 2014-02-07 05:34:13  EndDate: 2015-03-08 23:59:59 
[7712] 2016/01/26 08:42:06.441 CERT ID:R220088490   BeginDate: 2010-08-23 15:58:07  EndDate: 2011-09-21 23:59:59 
[7712] 2016/01/26 08:42:06.473 CERT ID:R122455031   BeginDate: 2015-02-24 13:25:44  EndDate: 2016-03-08 23:59:59 
[7712] 2016/01/26 08:42:06.504 CERT ID:R122455031   BeginDate: 2013-03-08 09:39:36  EndDate: 2014-03-08 23:59:59 
[7712] 2016/01/26 08:42:06.519 SKOrderLib 版本 2.1.22
[7712] 2016/01/26 08:42:07.721 主機: https://vorder1.capital.com.tw/ap2005/vip_trade_bk_ca.php
[7712] 2016/01/26 08:42:07.721 OF主機: https://vorder1.capital.com.tw/ap2005/of_new_trade_bk_ca.php
[4588] 2016/01/26 08:42:52.763 -------------------------------
[4588] 2016/01/26 08:42:52.763 CERT ID:R122455031   BeginDate: 2012-02-11 22:18:34  EndDate: 2013-03-08 23:59:59 
[4588] 2016/01/26 08:42:52.779 CERT ID:R220088490   BeginDate: 2009-09-21 08:53:55  EndDate: 2010-09-21 23:59:59 
[4588] 2016/01/26 08:42:52.795 CERT ID:R122455031   BeginDate: 2014-02-07 05:34:13  EndDate: 2015-03-08 23:59:59 
[4588] 2016/01/26 08:42:52.826 CERT ID:R220088490   BeginDate: 2010-08-23 15:58:07  EndDate: 2011-09-21 23:59:59 
[4588] 2016/01/26 08:42:52.857 CERT ID:R122455031   BeginDate: 2015-02-24 13:25:44  EndDate: 2016-03-08 23:59:59 
[4588] 2016/01/26 08:42:52.888 CERT ID:R122455031   BeginDate: 2013-03-08 09:39:36  EndDate: 2014-03-08 23:59:59 
[4588] 2016/01/26 08:42:52.904 SKOrderLib 版本 2.1.22
[4588] 2016/01/26 08:42:54.214 主機: https://vorder3.capital.com.tw/ap2005/vip_trade_bk_ca.php
[4588] 2016/01/26 08:42:54.214 OF主機: https://vorder3.capital.com.tw/ap2005/of_new_trade_bk_ca.php
[7344] 2016/01/26 08:45:37.565 -------------------------------
[7344] 2016/01/26 08:45:37.571 CERT ID:R122455031   BeginDate: 2012-02-11 22:18:34  EndDate: 2013-03-08 23:59:59 
[7344] 2016/01/26 08:45:37.582 CERT ID:R220088490   BeginDate: 2009-09-21 08:53:55  EndDate: 2010-09-21 23:59:59 
[7344] 2016/01/26 08:45:37.597 CERT ID:R122455031   BeginDate: 2014-02-07 05:34:13  EndDate: 2015-03-08 23:59:59 
[7344] 2016/01/26 08:45:37.615 CERT ID:R220088490   BeginDate: 2010-08-23 15:58:07  EndDate: 2011-09-21 23:59:59 
[7344] 2016/01/26 08:45:37.640 CERT ID:R122455031   BeginDate: 2015-02-24 13:25:44  EndDate: 2016-03-08 23:59:59 
[7344] 2016/01/26 08:45:37.688 CERT ID:R122455031   BeginDate: 2013-03-08 09:39:36  EndDate: 2014-03-08 23:59:59 
[7344] 2016/01/26 08:45:37.716 SKOrderLib 版本 2.1.22
[7344] 2016/01/26 08:45:38.997 主機: https://vorder3.capital.com.tw/ap2005/vip_trade_bk_ca.php
[7344] 2016/01/26 08:45:38.997 OF主機: https://vorder3.capital.com.tw/ap2005/of_new_trade_bk_ca.php
[9988] 2016/01/26 10:24:20.687 -------------------------------
[9988] 2016/01/26 10:24:20.694 CERT ID:R122455031   BeginDate: 2012-02-11 22:18:34  EndDate: 2013-03-08 23:59:59 
[9988] 2016/01/26 10:24:20.707 CERT ID:R220088490   BeginDate: 2009-09-21 08:53:55  EndDate: 2010-09-21 23:59:59 
[9988] 2016/01/26 10:24:20.729 CERT ID:R122455031   BeginDate: 2014-02-07 05:34:13  EndDate: 2015-03-08 23:59:59 
[9988] 2016/01/26 10:24:20.755 CERT ID:R220088490   BeginDate: 2010-08-23 15:58:07  EndDate: 2011-09-21 23:59:59 
[9988] 2016/01/26 10:24:20.805 CERT ID:R122455031   BeginDate: 2015-02-24 13:25:44  EndDate: 2016-03-08 23:59:59 
[9988] 2016/01/26 10:24:20.841 CERT ID:R122455031   BeginDate: 2013-03-08 09:39:36  EndDate: 2014-03-08 23:59:59 
[9988] 2016/01/26 10:24:20.864 SKOrderLib 版本 2.1.22
[9988] 2016/01/26 10:24:22.327 主機: https://vorder1.capital.com.tw/ap2005/vip_trade_bk_ca.php
[9988] 2016/01/26 10:24:22.328 OF主機: https://vorder1.capital.com.tw/ap2005/of_new_trade_bk_ca.php
[7536] 2016/01/26 10:50:49.628 -------------------------------
[7536] 2016/01/26 10:50:49.633 CERT ID:R122455031   BeginDate: 2012-02-11 22:18:34  EndDate: 2013-03-08 23:59:59 
[7536] 2016/01/26 10:50:49.642 CERT ID:R220088490   BeginDate: 2009-09-21 08:53:55  EndDate: 2010-09-21 23:59:59 
[7536] 2016/01/26 10:50:49.656 CERT ID:R122455031   BeginDate: 2014-02-07 05:34:13  EndDate: 2015-03-08 23:59:59 
[7536] 2016/01/26 10:50:49.673 CERT ID:R220088490   BeginDate: 2010-08-23 15:58:07  EndDate: 2011-09-21 23:59:59 
[7536] 2016/01/26 10:50:49.700 CERT ID:R122455031   BeginDate: 2015-02-24 13:25:44  EndDate: 2016-03-08 23:59:59 
[7536] 2016/01/26 10:50:49.731 CERT ID:R122455031   BeginDate: 2013-03-08 09:39:36  EndDate: 2014-03-08 23:59:59 
[7536] 2016/01/26 10:50:49.763 SKOrderLib 版本 2.1.22
[7536] 2016/01/26 10:50:51.138 主機: https://vorder3.capital.com.tw/ap2005/vip_trade_bk_ca.php
[7536] 2016/01/26 10:50:51.138 OF主機: https://vorder3.capital.com.tw/ap2005/of_new_trade_bk_ca.php
[2404] 2016/01/26 11:42:12.925 -------------------------------
[2404] 2016/01/26 11:42:12.957 CERT ID:R122455031   BeginDate: 2012-02-11 22:18:34  EndDate: 2013-03-08 23:59:59 
[2404] 2016/01/26 11:42:12.980 CERT ID:R220088490   BeginDate: 2009-09-21 08:53:55  EndDate: 2010-09-21 23:59:59 
[2404] 2016/01/26 11:42:13.015 CERT ID:R122455031   BeginDate: 2014-02-07 05:34:13  EndDate: 2015-03-08 23:59:59 
[2404] 2016/01/26 11:42:13.055 CERT ID:R220088490   BeginDate: 2010-08-23 15:58:07  EndDate: 2011-09-21 23:59:59 
[2404] 2016/01/26 11:42:13.110 CERT ID:R122455031   BeginDate: 2015-02-24 13:25:44  EndDate: 2016-03-08 23:59:59 
[2404] 2016/01/26 11:42:13.140 CERT ID:R122455031   BeginDate: 2013-03-08 09:39:36  EndDate: 2014-03-08 23:59:59 
[2404] 2016/01/26 11:42:13.177 SKOrderLib 版本 2.1.22
[2404] 2016/01/26 11:42:15.335 主機: https://vorder3.capital.com.tw/ap2005/vip_trade_bk_ca.php
[2404] 2016/01/26 11:42:15.335 OF主機: https://vorder3.capital.com.tw/ap2005/of_new_trade_bk_ca.php
[5140] 2016/01/26 11:49:10.301 -------------------------------
[5140] 2016/01/26 11:49:10.307 CERT ID:R122455031   BeginDate: 2012-02-11 22:18:34  EndDate: 2013-03-08 23:59:59 
[5140] 2016/01/26 11:49:10.317 CERT ID:R220088490   BeginDate: 2009-09-21 08:53:55  EndDate: 2010-09-21 23:59:59 
[5140] 2016/01/26 11:49:10.333 CERT ID:R122455031   BeginDate: 2014-02-07 05:34:13  EndDate: 2015-03-08 23:59:59 
[5140] 2016/01/26 11:49:10.362 CERT ID:R220088490   BeginDate: 2010-08-23 15:58:07  EndDate: 2011-09-21 23:59:59 
[5140] 2016/01/26 11:49:10.387 CERT ID:R122455031   BeginDate: 2015-02-24 13:25:44  EndDate: 2016-03-08 23:59:59 
[5140] 2016/01/26 11:49:10.418 CERT ID:R122455031   BeginDate: 2013-03-08 09:39:36  EndDate: 2014-03-08 23:59:59 
[5140] 2016/01/26 11:49:10.440 SKOrderLib 版本 2.1.22
[5140] 2016/01/26 11:49:12.686 主機: https://vorder3.capital.com.tw/ap2005/vip_trade_bk_ca.php
[5140] 2016/01/26 11:49:12.688 OF主機: https://vorder3.capital.com.tw/ap2005/of_new_trade_bk_ca.php
[9716] 2016/01/26 11:50:57.165 -------------------------------
[9716] 2016/01/26 11:50:57.171 CERT ID:R122455031   BeginDate: 2012-02-11 22:18:34  EndDate: 2013-03-08 23:59:59 
[9716] 2016/01/26 11:50:57.186 CERT ID:R220088490   BeginDate: 2009-09-21 08:53:55  EndDate: 2010-09-21 23:59:59 
[9716] 2016/01/26 11:50:57.210 CERT ID:R122455031   BeginDate: 2014-02-07 05:34:13  EndDate: 2015-03-08 23:59:59 
[9716] 2016/01/26 11:50:57.238 CERT ID:R220088490   BeginDate: 2010-08-23 15:58:07  EndDate: 2011-09-21 23:59:59 
[9716] 2016/01/26 11:50:57.266 CERT ID:R122455031   BeginDate: 2015-02-24 13:25:44  EndDate: 2016-03-08 23:59:59 
[9716] 2016/01/26 11:50:57.328 CERT ID:R122455031   BeginDate: 2013-03-08 09:39:36  EndDate: 2014-03-08 23:59:59 
[9716] 2016/01/26 11:50:57.370 SKOrderLib 版本 2.1.22
[9716] 2016/01/26 11:50:58.525 主機: https://vorder3.capital.com.tw/ap2005/vip_trade_bk_ca.php
[9716] 2016/01/26 11:50:58.526 OF主機: https://vorder3.capital.com.tw/ap2005/of_new_trade_bk_ca.php
[8172] 2016/01/26 11:51:18.752 -------------------------------
[8172] 2016/01/26 11:51:18.759 CERT ID:R122455031   BeginDate: 2012-02-11 22:18:34  EndDate: 2013-03-08 23:59:59 
[8172] 2016/01/26 11:51:18.769 CERT ID:R220088490   BeginDate: 2009-09-21 08:53:55  EndDate: 2010-09-21 23:59:59 
[8172] 2016/01/26 11:51:18.784 CERT ID:R122455031   BeginDate: 2014-02-07 05:34:13  EndDate: 2015-03-08 23:59:59 
[8172] 2016/01/26 11:51:18.812 CERT ID:R220088490   BeginDate: 2010-08-23 15:58:07  EndDate: 2011-09-21 23:59:59 
[8172] 2016/01/26 11:51:18.857 CERT ID:R122455031   BeginDate: 2015-02-24 13:25:44  EndDate: 2016-03-08 23:59:59 
[8172] 2016/01/26 11:51:18.907 CERT ID:R122455031   BeginDate: 2013-03-08 09:39:36  EndDate: 2014-03-08 23:59:59 
[8172] 2016/01/26 11:51:18.934 SKOrderLib 版本 2.1.22
[8172] 2016/01/26 11:51:20.859 主機: https://vorder1.capital.com.tw/ap2005/vip_trade_bk_ca.php
[8172] 2016/01/26 11:51:20.862 OF主機: https://vorder1.capital.com.tw/ap2005/of_new_trade_bk_ca.php
[8976] 2016/01/26 11:58:04.651 -------------------------------
[8976] 2016/01/26 11:58:04.656 CERT ID:R122455031   BeginDate: 2012-02-11 22:18:34  EndDate: 2013-03-08 23:59:59 
[8976] 2016/01/26 11:58:04.669 CERT ID:R220088490   BeginDate: 2009-09-21 08:53:55  EndDate: 2010-09-21 23:59:59 
[8976] 2016/01/26 11:58:04.684 CERT ID:R122455031   BeginDate: 2014-02-07 05:34:13  EndDate: 2015-03-08 23:59:59 
[8976] 2016/01/26 11:58:04.703 CERT ID:R220088490   BeginDate: 2010-08-23 15:58:07  EndDate: 2011-09-21 23:59:59 
[8976] 2016/01/26 11:58:04.730 CERT ID:R122455031   BeginDate: 2015-02-24 13:25:44  EndDate: 2016-03-08 23:59:59 
[8976] 2016/01/26 11:58:04.762 CERT ID:R122455031   BeginDate: 2013-03-08 09:39:36  EndDate: 2014-03-08 23:59:59 
[8976] 2016/01/26 11:58:04.781 SKOrderLib 版本 2.1.22
