[24448] 2016/01/22 20:24:19.234 -------------------------------
[24448] 2016/01/22 20:24:19.240 Login ID: R122455031
[24448] 2016/01/22 20:24:19.241 回報API版本：2.3.7
[24448] 2016/01/22 20:24:19.553 Code: 0
[24448] 2016/01/22 20:24:20.254 reply Servervreal1.capital.com.tw
[29488] 2016/01/22 21:51:21.314 -------------------------------
[29488] 2016/01/22 21:51:21.318 Login ID: R220088490
[29488] 2016/01/22 21:51:21.319 回報API版本：2.3.7
[29488] 2016/01/22 21:51:21.739 Code: 0
[29488] 2016/01/22 21:51:22.439 reply Serverreal7.capital.com.tw
[23848] 2016/01/22 21:51:52.547 -------------------------------
[23848] 2016/01/22 21:51:52.552 Login ID: R122455031
[23848] 2016/01/22 21:51:52.553 回報API版本：2.3.7
[23848] 2016/01/22 21:51:52.850 Code: 0
[23848] 2016/01/22 21:51:53.551 reply Servervreal1.capital.com.tw
[27712] 2016/01/22 21:52:41.302 -------------------------------
[27712] 2016/01/22 21:52:41.317 Login ID: R122455031
[27712] 2016/01/22 21:52:41.317 回報API版本：2.3.7
[27712] 2016/01/22 21:52:41.660 Code: 0
[27712] 2016/01/22 21:52:42.394 reply Servervreal1.capital.com.tw
[9108] 2016/01/23 16:47:28.830 -------------------------------
[9108] 2016/01/23 16:47:28.862 Login ID: R220088490
[9108] 2016/01/23 16:47:28.862 回報API版本：2.3.7
[9108] 2016/01/23 16:47:29.798 Code: 0
[9108] 2016/01/23 16:47:30.531 reply Serverreal6.capital.com.tw
[8892] 2016/01/23 16:49:13.118 -------------------------------
[8892] 2016/01/23 16:49:13.118 Login ID: R122455031
[8892] 2016/01/23 16:49:13.118 回報API版本：2.3.7
[8892] 2016/01/23 16:49:14.069 Code: 0
[8892] 2016/01/23 16:49:14.802 reply Servervreal1.capital.com.tw
[6824] 2016/01/26 08:41:07.441 -------------------------------
[6824] 2016/01/26 08:41:07.441 Login ID: R122455031
[6824] 2016/01/26 08:41:07.441 回報API版本：2.3.7
[6824] 2016/01/26 08:41:07.925 Code: 0
[6824] 2016/01/26 08:41:08.658 reply Servervreal1.capital.com.tw
[7712] 2016/01/26 08:42:08.111 -------------------------------
[7712] 2016/01/26 08:42:08.111 Login ID: R122455031
[7712] 2016/01/26 08:42:08.111 回報API版本：2.3.7
[7712] 2016/01/26 08:42:08.469 Code: 0
[7712] 2016/01/26 08:42:09.203 reply Servervreal1.capital.com.tw
[4588] 2016/01/26 08:42:54.682 -------------------------------
[4588] 2016/01/26 08:42:54.682 Login ID: R122455031
[4588] 2016/01/26 08:42:54.682 回報API版本：2.3.7
[4588] 2016/01/26 08:42:54.963 Code: 0
[4588] 2016/01/26 08:42:55.696 reply Servervreal1.capital.com.tw
[7344] 2016/01/26 08:45:39.153 -------------------------------
[7344] 2016/01/26 08:45:39.153 Login ID: R122455031
[7344] 2016/01/26 08:45:39.153 回報API版本：2.3.7
[7344] 2016/01/26 08:45:39.558 Code: 0
[7344] 2016/01/26 08:45:40.291 reply Servervreal1.capital.com.tw
[9988] 2016/01/26 10:24:22.591 -------------------------------
[9988] 2016/01/26 10:24:22.593 Login ID: R122455031
[9988] 2016/01/26 10:24:22.594 回報API版本：2.3.7
[9988] 2016/01/26 10:24:23.233 Code: 0
[9988] 2016/01/26 10:24:23.934 reply Servervreal1.capital.com.tw
[7536] 2016/01/26 10:50:51.532 -------------------------------
[7536] 2016/01/26 10:50:51.535 Login ID: R122455031
[7536] 2016/01/26 10:50:51.535 回報API版本：2.3.7
[7536] 2016/01/26 10:50:52.053 Code: 0
[7536] 2016/01/26 10:50:52.753 reply Servervreal1.capital.com.tw
[2404] 2016/01/26 11:42:16.390 -------------------------------
[2404] 2016/01/26 11:42:16.427 Login ID: R122455031
[2404] 2016/01/26 11:42:16.427 回報API版本：2.3.7
[2404] 2016/01/26 11:42:16.757 Code: 0
[2404] 2016/01/26 11:42:17.486 reply Servervreal1.capital.com.tw
[5140] 2016/01/26 11:49:13.191 -------------------------------
[5140] 2016/01/26 11:49:13.198 Login ID: R122455031
[5140] 2016/01/26 11:49:13.199 回報API版本：2.3.7
[5140] 2016/01/26 11:49:14.200 Code: 0
[5140] 2016/01/26 11:49:14.902 reply Servervreal1.capital.com.tw
[9716] 2016/01/26 11:50:58.882 -------------------------------
[9716] 2016/01/26 11:50:58.888 Login ID: R122455031
[9716] 2016/01/26 11:50:58.889 回報API版本：2.3.7
[9716] 2016/01/26 11:50:59.824 Code: 0
[8172] 2016/01/26 11:51:21.204 -------------------------------
[8172] 2016/01/26 11:51:21.209 Login ID: R122455031
[8172] 2016/01/26 11:51:21.212 回報API版本：2.3.7
[8172] 2016/01/26 11:51:21.514 Code: 0
[8172] 2016/01/26 11:51:22.214 reply Servervreal1.capital.com.tw
